<?xml version="1.0" encoding="UTF-8"?>
<coverage generated="1597976956798" clover="3.2.0">
  <project timestamp="1597976956798" name="All files">
    <metrics statements="537" coveredstatements="74" conditionals="217" coveredconditionals="2" methods="231" coveredmethods="5" elements="985" coveredelements="81" complexity="0" loc="537" ncloc="537" packages="10" files="47" classes="47"/>
    <package name="src">
      <metrics statements="102" coveredstatements="10" conditionals="32" coveredconditionals="0" methods="28" coveredmethods="1"/>
      <file name="App.js" path="/home/rakesh/Documents/reactjs_coverage/TodayFundoo/src/App.js">
        <metrics statements="1" coveredstatements="1" conditionals="0" coveredconditionals="0" methods="1" coveredmethods="1"/>
        <line num="23" count="1" type="stmt"/>
      </file>
      <file name="firebase.js" path="/home/rakesh/Documents/reactjs_coverage/TodayFundoo/src/firebase.js">
        <metrics statements="58" coveredstatements="6" conditionals="0" coveredconditionals="0" methods="12" coveredmethods="0"/>
        <line num="6" count="2" type="stmt"/>
        <line num="17" count="2" type="stmt"/>
        <line num="20" count="2" type="stmt"/>
        <line num="22" count="2" type="stmt"/>
        <line num="24" count="2" type="stmt"/>
        <line num="25" count="2" type="stmt"/>
        <line num="28" count="0" type="stmt"/>
        <line num="29" count="0" type="stmt"/>
        <line num="30" count="0" type="stmt"/>
        <line num="31" count="0" type="stmt"/>
        <line num="32" count="0" type="stmt"/>
        <line num="33" count="0" type="stmt"/>
        <line num="37" count="0" type="stmt"/>
        <line num="38" count="0" type="stmt"/>
        <line num="39" count="0" type="stmt"/>
        <line num="40" count="0" type="stmt"/>
        <line num="41" count="0" type="stmt"/>
        <line num="42" count="0" type="stmt"/>
        <line num="46" count="0" type="stmt"/>
        <line num="47" count="0" type="stmt"/>
        <line num="48" count="0" type="stmt"/>
        <line num="49" count="0" type="stmt"/>
        <line num="53" count="0" type="stmt"/>
        <line num="54" count="0" type="stmt"/>
        <line num="55" count="0" type="stmt"/>
        <line num="56" count="0" type="stmt"/>
        <line num="60" count="0" type="stmt"/>
        <line num="61" count="0" type="stmt"/>
        <line num="62" count="0" type="stmt"/>
        <line num="66" count="0" type="stmt"/>
        <line num="67" count="0" type="stmt"/>
        <line num="68" count="0" type="stmt"/>
        <line num="69" count="0" type="stmt"/>
        <line num="73" count="0" type="stmt"/>
        <line num="74" count="0" type="stmt"/>
        <line num="75" count="0" type="stmt"/>
        <line num="76" count="0" type="stmt"/>
        <line num="77" count="0" type="stmt"/>
        <line num="78" count="0" type="stmt"/>
        <line num="79" count="0" type="stmt"/>
        <line num="80" count="0" type="stmt"/>
        <line num="84" count="0" type="stmt"/>
        <line num="85" count="0" type="stmt"/>
        <line num="86" count="0" type="stmt"/>
        <line num="88" count="0" type="stmt"/>
        <line num="89" count="0" type="stmt"/>
        <line num="90" count="0" type="stmt"/>
        <line num="95" count="0" type="stmt"/>
        <line num="96" count="0" type="stmt"/>
        <line num="97" count="0" type="stmt"/>
        <line num="98" count="0" type="stmt"/>
        <line num="99" count="0" type="stmt"/>
        <line num="100" count="0" type="stmt"/>
        <line num="105" count="0" type="stmt"/>
        <line num="106" count="0" type="stmt"/>
        <line num="107" count="0" type="stmt"/>
        <line num="108" count="0" type="stmt"/>
        <line num="109" count="0" type="stmt"/>
      </file>
      <file name="index.js" path="/home/rakesh/Documents/reactjs_coverage/TodayFundoo/src/index.js">
        <metrics statements="2" coveredstatements="0" conditionals="0" coveredconditionals="0" methods="0" coveredmethods="0"/>
        <line num="8" count="0" type="stmt"/>
        <line num="13" count="0" type="stmt"/>
      </file>
      <file name="sampleData.js" path="/home/rakesh/Documents/reactjs_coverage/TodayFundoo/src/sampleData.js">
        <metrics statements="3" coveredstatements="3" conditionals="0" coveredconditionals="0" methods="0" coveredmethods="0"/>
        <line num="1" count="1" type="stmt"/>
        <line num="19" count="1" type="stmt"/>
        <line num="67" count="1" type="stmt"/>
      </file>
      <file name="serviceWorker.js" path="/home/rakesh/Documents/reactjs_coverage/TodayFundoo/src/serviceWorker.js">
        <metrics statements="38" coveredstatements="0" conditionals="32" coveredconditionals="0" methods="15" coveredmethods="0"/>
        <line num="13" count="0" type="stmt"/>
        <line num="24" count="0" type="cond" truecount="0" falsecount="4"/>
        <line num="26" count="0" type="stmt"/>
        <line num="27" count="0" type="cond" truecount="0" falsecount="2"/>
        <line num="31" count="0" type="stmt"/>
        <line num="34" count="0" type="stmt"/>
        <line num="35" count="0" type="stmt"/>
        <line num="37" count="0" type="cond" truecount="0" falsecount="2"/>
        <line num="39" count="0" type="stmt"/>
        <line num="43" count="0" type="stmt"/>
        <line num="44" count="0" type="stmt"/>
        <line num="51" count="0" type="stmt"/>
        <line num="58" count="0" type="stmt"/>
        <line num="61" count="0" type="stmt"/>
        <line num="62" count="0" type="stmt"/>
        <line num="63" count="0" type="cond" truecount="0" falsecount="2"/>
        <line num="64" count="0" type="stmt"/>
        <line num="66" count="0" type="stmt"/>
        <line num="67" count="0" type="cond" truecount="0" falsecount="2"/>
        <line num="68" count="0" type="cond" truecount="0" falsecount="2"/>
        <line num="72" count="0" type="stmt"/>
        <line num="78" count="0" type="cond" truecount="0" falsecount="4"/>
        <line num="79" count="0" type="stmt"/>
        <line num="85" count="0" type="stmt"/>
        <line num="88" count="0" type="cond" truecount="0" falsecount="4"/>
        <line num="89" count="0" type="stmt"/>
        <line num="97" count="0" type="stmt"/>
        <line num="103" count="0" type="stmt"/>
        <line num="108" count="0" type="stmt"/>
        <line num="109" count="0" type="cond" truecount="0" falsecount="2"/>
        <line num="114" count="0" type="stmt"/>
        <line num="115" count="0" type="stmt"/>
        <line num="116" count="0" type="stmt"/>
        <line num="121" count="0" type="stmt"/>
        <line num="125" count="0" type="stmt"/>
        <line num="132" count="0" type="cond" truecount="0" falsecount="2"/>
        <line num="133" count="0" type="stmt"/>
        <line num="134" count="0" type="stmt"/>
      </file>
    </package>
    <package name="src.Reminder.ComponentOfReminder">
      <metrics statements="41" coveredstatements="4" conditionals="28" coveredconditionals="0" methods="22" coveredmethods="0"/>
      <file name="DisplayingReminderCard.js" path="/home/rakesh/Documents/reactjs_coverage/TodayFundoo/src/Reminder/ComponentOfReminder/DisplayingReminderCard.js">
        <metrics statements="14" coveredstatements="2" conditionals="18" coveredconditionals="0" methods="10" coveredmethods="0"/>
        <line num="22" count="1" type="stmt"/>
        <line num="26" count="1" type="stmt"/>
        <line num="94" count="0" type="stmt"/>
        <line num="95" count="0" type="stmt"/>
        <line num="102" count="0" type="stmt"/>
        <line num="103" count="0" type="stmt"/>
        <line num="106" count="0" type="stmt"/>
        <line num="112" count="0" type="stmt"/>
        <line num="113" count="0" type="stmt"/>
        <line num="116" count="0" type="stmt"/>
        <line num="130" count="0" type="stmt"/>
        <line num="136" count="0" type="stmt"/>
        <line num="178" count="0" type="stmt"/>
        <line num="190" count="0" type="stmt"/>
      </file>
      <file name="ReminderDataFetching.js" path="/home/rakesh/Documents/reactjs_coverage/TodayFundoo/src/Reminder/ComponentOfReminder/ReminderDataFetching.js">
        <metrics statements="27" coveredstatements="2" conditionals="10" coveredconditionals="0" methods="12" coveredmethods="0"/>
        <line num="13" count="0" type="stmt"/>
        <line num="21" count="0" type="stmt"/>
        <line num="22" count="0" type="stmt"/>
        <line num="23" count="0" type="stmt"/>
        <line num="24" count="0" type="stmt"/>
        <line num="27" count="0" type="stmt"/>
        <line num="28" count="0" type="stmt"/>
        <line num="29" count="0" type="stmt"/>
        <line num="30" count="0" type="stmt"/>
        <line num="33" count="0" type="stmt"/>
        <line num="34" count="0" type="stmt"/>
        <line num="35" count="0" type="stmt"/>
        <line num="36" count="0" type="stmt"/>
        <line num="39" count="0" type="stmt"/>
        <line num="40" count="0" type="stmt"/>
        <line num="45" count="0" type="stmt"/>
        <line num="49" count="0" type="stmt"/>
        <line num="50" count="0" type="stmt"/>
        <line num="53" count="0" type="stmt"/>
        <line num="61" count="0" type="stmt"/>
        <line num="62" count="0" type="stmt"/>
        <line num="81" count="0" type="cond" truecount="0" falsecount="3"/>
        <line num="99" count="1" type="stmt"/>
        <line num="100" count="0" type="stmt"/>
        <line num="105" count="1" type="stmt"/>
        <line num="106" count="0" type="stmt"/>
        <line num="107" count="0" type="stmt"/>
      </file>
    </package>
    <package name="src.Reminder.ReminderPages">
      <metrics statements="19" coveredstatements="2" conditionals="0" coveredconditionals="0" methods="12" coveredmethods="0"/>
      <file name="DateTimePicker.js" path="/home/rakesh/Documents/reactjs_coverage/TodayFundoo/src/Reminder/ReminderPages/DateTimePicker.js">
        <metrics statements="9" coveredstatements="0" conditionals="0" coveredconditionals="0" methods="7" coveredmethods="0"/>
        <line num="22" count="0" type="stmt"/>
        <line num="23" count="0" type="stmt"/>
        <line num="28" count="0" type="stmt"/>
        <line num="32" count="0" type="stmt"/>
        <line num="47" count="0" type="stmt"/>
        <line num="59" count="0" type="stmt"/>
        <line num="83" count="0" type="stmt"/>
        <line num="97" count="0" type="stmt"/>
        <line num="103" count="0" type="stmt"/>
      </file>
      <file name="ReminderPreSelection.js" path="/home/rakesh/Documents/reactjs_coverage/TodayFundoo/src/Reminder/ReminderPages/ReminderPreSelection.js">
        <metrics statements="10" coveredstatements="2" conditionals="0" coveredconditionals="0" methods="5" coveredmethods="0"/>
        <line num="14" count="1" type="stmt"/>
        <line num="18" count="1" type="stmt"/>
        <line num="35" count="0" type="stmt"/>
        <line num="36" count="0" type="stmt"/>
        <line num="42" count="0" type="stmt"/>
        <line num="46" count="0" type="stmt"/>
        <line num="47" count="0" type="stmt"/>
        <line num="52" count="0" type="stmt"/>
        <line num="60" count="0" type="stmt"/>
        <line num="76" count="0" type="stmt"/>
      </file>
    </package>
    <package name="src.components">
      <metrics statements="244" coveredstatements="39" conditionals="118" coveredconditionals="0" methods="105" coveredmethods="2"/>
      <file name="Archive.jsx" path="/home/rakesh/Documents/reactjs_coverage/TodayFundoo/src/components/Archive.jsx">
        <metrics statements="24" coveredstatements="2" conditionals="9" coveredconditionals="0" methods="12" coveredmethods="0"/>
        <line num="9" count="0" type="stmt"/>
        <line num="10" count="0" type="stmt"/>
        <line num="18" count="0" type="stmt"/>
        <line num="19" count="0" type="stmt"/>
        <line num="20" count="0" type="stmt"/>
        <line num="21" count="0" type="stmt"/>
        <line num="24" count="0" type="stmt"/>
        <line num="25" count="0" type="stmt"/>
        <line num="26" count="0" type="stmt"/>
        <line num="27" count="0" type="stmt"/>
        <line num="30" count="0" type="stmt"/>
        <line num="31" count="0" type="stmt"/>
        <line num="36" count="0" type="stmt"/>
        <line num="40" count="0" type="stmt"/>
        <line num="41" count="0" type="stmt"/>
        <line num="43" count="0" type="stmt"/>
        <line num="49" count="0" type="stmt"/>
        <line num="50" count="0" type="stmt"/>
        <line num="67" count="0" type="cond" truecount="0" falsecount="3"/>
        <line num="84" count="1" type="stmt"/>
        <line num="85" count="0" type="stmt"/>
        <line num="90" count="1" type="stmt"/>
        <line num="91" count="0" type="stmt"/>
        <line num="92" count="0" type="stmt"/>
      </file>
      <file name="Archivenotes.js" path="/home/rakesh/Documents/reactjs_coverage/TodayFundoo/src/components/Archivenotes.js">
        <metrics statements="5" coveredstatements="2" conditionals="8" coveredconditionals="0" methods="2" coveredmethods="0"/>
        <line num="16" count="1" type="stmt"/>
        <line num="20" count="1" type="stmt"/>
        <line num="85" count="0" type="stmt"/>
        <line num="86" count="0" type="stmt"/>
        <line num="108" count="0" type="stmt"/>
      </file>
      <file name="Board.js" path="/home/rakesh/Documents/reactjs_coverage/TodayFundoo/src/components/Board.js">
        <metrics statements="14" coveredstatements="2" conditionals="2" coveredconditionals="0" methods="2" coveredmethods="0"/>
        <line num="14" count="1" type="stmt"/>
        <line num="18" count="1" type="stmt"/>
        <line num="64" count="0" type="stmt"/>
        <line num="72" count="0" type="stmt"/>
        <line num="73" count="0" type="stmt"/>
        <line num="75" count="0" type="stmt"/>
        <line num="76" count="0" type="stmt"/>
        <line num="77" count="0" type="stmt"/>
        <line num="85" count="0" type="cond" truecount="0" falsecount="2"/>
        <line num="86" count="0" type="stmt"/>
        <line num="88" count="0" type="stmt"/>
        <line num="89" count="0" type="stmt"/>
        <line num="93" count="0" type="stmt"/>
        <line num="94" count="0" type="stmt"/>
      </file>
      <file name="CustomizedDrawer.js" path="/home/rakesh/Documents/reactjs_coverage/TodayFundoo/src/components/CustomizedDrawer.js">
        <metrics statements="28" coveredstatements="4" conditionals="18" coveredconditionals="0" methods="14" coveredmethods="0"/>
        <line num="24" count="1" type="stmt"/>
        <line num="26" count="1" type="stmt"/>
        <line num="30" count="1" type="stmt"/>
        <line num="37" count="1" type="stmt"/>
        <line num="49" count="0" type="stmt"/>
        <line num="50" count="0" type="stmt"/>
        <line num="56" count="0" type="stmt"/>
        <line num="60" count="0" type="stmt"/>
        <line num="61" count="0" type="stmt"/>
        <line num="64" count="0" type="stmt"/>
        <line num="70" count="0" type="stmt"/>
        <line num="72" count="0" type="stmt"/>
        <line num="79" count="0" type="stmt"/>
        <line num="98" count="0" type="stmt"/>
        <line num="103" count="0" type="stmt"/>
        <line num="104" count="0" type="cond" truecount="0" falsecount="2"/>
        <line num="105" count="0" type="stmt"/>
        <line num="108" count="0" type="stmt"/>
        <line num="121" count="0" type="stmt"/>
        <line num="124" count="0" type="stmt"/>
        <line num="134" count="0" type="stmt"/>
        <line num="139" count="0" type="stmt"/>
        <line num="140" count="0" type="stmt"/>
        <line num="156" count="0" type="stmt"/>
        <line num="160" count="0" type="stmt"/>
        <line num="161" count="0" type="cond" truecount="0" falsecount="2"/>
        <line num="162" count="0" type="stmt"/>
        <line num="165" count="0" type="stmt"/>
      </file>
      <file name="Dashboard.js" path="/home/rakesh/Documents/reactjs_coverage/TodayFundoo/src/components/Dashboard.js">
        <metrics statements="10" coveredstatements="4" conditionals="2" coveredconditionals="0" methods="4" coveredmethods="0"/>
        <line num="25" count="1" type="stmt"/>
        <line num="29" count="1" type="stmt"/>
        <line num="128" count="0" type="stmt"/>
        <line num="129" count="0" type="stmt"/>
        <line num="131" count="0" type="stmt"/>
        <line num="193" count="1" type="stmt"/>
        <line num="194" count="0" type="stmt"/>
        <line num="199" count="1" type="stmt"/>
        <line num="200" count="0" type="stmt"/>
        <line num="201" count="0" type="stmt"/>
      </file>
      <file name="List.js" path="/home/rakesh/Documents/reactjs_coverage/TodayFundoo/src/components/List.js">
        <metrics statements="14" coveredstatements="2" conditionals="18" coveredconditionals="0" methods="10" coveredmethods="0"/>
        <line num="24" count="1" type="stmt"/>
        <line num="28" count="1" type="stmt"/>
        <line num="109" count="0" type="stmt"/>
        <line num="110" count="0" type="stmt"/>
        <line num="117" count="0" type="stmt"/>
        <line num="118" count="0" type="stmt"/>
        <line num="121" count="0" type="stmt"/>
        <line num="127" count="0" type="stmt"/>
        <line num="128" count="0" type="stmt"/>
        <line num="131" count="0" type="stmt"/>
        <line num="147" count="0" type="stmt"/>
        <line num="153" count="0" type="stmt"/>
        <line num="192" count="0" type="stmt"/>
        <line num="204" count="0" type="stmt"/>
      </file>
      <file name="MMainnote.js" path="/home/rakesh/Documents/reactjs_coverage/TodayFundoo/src/components/MMainnote.js">
        <metrics statements="4" coveredstatements="2" conditionals="0" coveredconditionals="0" methods="1" coveredmethods="0"/>
        <line num="15" count="1" type="stmt"/>
        <line num="19" count="1" type="stmt"/>
        <line num="70" count="0" type="stmt"/>
        <line num="72" count="0" type="stmt"/>
      </file>
      <file name="OutputMainNote.js" path="/home/rakesh/Documents/reactjs_coverage/TodayFundoo/src/components/OutputMainNote.js">
        <metrics statements="4" coveredstatements="0" conditionals="0" coveredconditionals="0" methods="1" coveredmethods="0"/>
        <line num="9" count="0" type="stmt"/>
        <line num="13" count="0" type="stmt"/>
        <line num="39" count="0" type="stmt"/>
        <line num="40" count="0" type="stmt"/>
      </file>
      <file name="PopoverPopupState.js" path="/home/rakesh/Documents/reactjs_coverage/TodayFundoo/src/components/PopoverPopupState.js">
        <metrics statements="10" coveredstatements="3" conditionals="0" coveredconditionals="0" methods="4" coveredmethods="0"/>
        <line num="13" count="1" type="stmt"/>
        <line num="17" count="1" type="stmt"/>
        <line num="29" count="1" type="stmt"/>
        <line num="45" count="0" type="stmt"/>
        <line num="46" count="0" type="stmt"/>
        <line num="51" count="0" type="stmt"/>
        <line num="55" count="0" type="stmt"/>
        <line num="56" count="0" type="stmt"/>
        <line num="60" count="0" type="stmt"/>
        <line num="78" count="0" type="stmt"/>
      </file>
      <file name="Profile.js" path="/home/rakesh/Documents/reactjs_coverage/TodayFundoo/src/components/Profile.js">
        <metrics statements="11" coveredstatements="1" conditionals="2" coveredconditionals="0" methods="4" coveredmethods="0"/>
        <line num="13" count="1" type="stmt"/>
        <line num="61" count="0" type="stmt"/>
        <line num="62" count="0" type="stmt"/>
        <line num="63" count="0" type="stmt"/>
        <line num="65" count="0" type="stmt"/>
        <line num="66" count="0" type="stmt"/>
        <line num="69" count="0" type="stmt"/>
        <line num="70" count="0" type="stmt"/>
        <line num="73" count="0" type="stmt"/>
        <line num="75" count="0" type="cond" truecount="0" falsecount="2"/>
        <line num="77" count="0" type="stmt"/>
      </file>
      <file name="Settings.js" path="/home/rakesh/Documents/reactjs_coverage/TodayFundoo/src/components/Settings.js">
        <metrics statements="5" coveredstatements="2" conditionals="0" coveredconditionals="0" methods="4" coveredmethods="0"/>
        <line num="13" count="1" type="stmt"/>
        <line num="25" count="1" type="stmt"/>
        <line num="37" count="0" type="stmt"/>
        <line num="39" count="0" type="stmt"/>
        <line num="43" count="0" type="stmt"/>
      </file>
      <file name="StandalonePop.js" path="/home/rakesh/Documents/reactjs_coverage/TodayFundoo/src/components/StandalonePop.js">
        <metrics statements="9" coveredstatements="0" conditionals="0" coveredconditionals="0" methods="3" coveredmethods="0"/>
        <line num="11" count="0" type="stmt"/>
        <line num="15" count="0" type="stmt"/>
        <line num="49" count="0" type="stmt"/>
        <line num="50" count="0" type="stmt"/>
        <line num="54" count="0" type="stmt"/>
        <line num="58" count="0" type="stmt"/>
        <line num="59" count="0" type="stmt"/>
        <line num="61" count="0" type="stmt"/>
        <line num="66" count="0" type="stmt"/>
      </file>
      <file name="Trash.js" path="/home/rakesh/Documents/reactjs_coverage/TodayFundoo/src/components/Trash.js">
        <metrics statements="19" coveredstatements="2" conditionals="9" coveredconditionals="0" methods="11" coveredmethods="0"/>
        <line num="9" count="0" type="stmt"/>
        <line num="10" count="0" type="stmt"/>
        <line num="18" count="0" type="stmt"/>
        <line num="19" count="0" type="stmt"/>
        <line num="20" count="0" type="stmt"/>
        <line num="21" count="0" type="stmt"/>
        <line num="24" count="0" type="stmt"/>
        <line num="25" count="0" type="stmt"/>
        <line num="30" count="0" type="stmt"/>
        <line num="34" count="0" type="stmt"/>
        <line num="35" count="0" type="stmt"/>
        <line num="38" count="0" type="stmt"/>
        <line num="44" count="0" type="stmt"/>
        <line num="61" count="0" type="cond" truecount="0" falsecount="3"/>
        <line num="76" count="1" type="stmt"/>
        <line num="77" count="0" type="stmt"/>
        <line num="82" count="1" type="stmt"/>
        <line num="83" count="0" type="stmt"/>
        <line num="84" count="0" type="stmt"/>
      </file>
      <file name="TrashNote.js" path="/home/rakesh/Documents/reactjs_coverage/TodayFundoo/src/components/TrashNote.js">
        <metrics statements="6" coveredstatements="2" conditionals="8" coveredconditionals="0" methods="3" coveredmethods="0"/>
        <line num="11" count="1" type="stmt"/>
        <line num="15" count="1" type="stmt"/>
        <line num="80" count="0" type="stmt"/>
        <line num="81" count="0" type="stmt"/>
        <line num="99" count="0" type="stmt"/>
        <line num="100" count="0" type="stmt"/>
      </file>
      <file name="UserSigninmain.js" path="/home/rakesh/Documents/reactjs_coverage/TodayFundoo/src/components/UserSigninmain.js">
        <metrics statements="35" coveredstatements="1" conditionals="26" coveredconditionals="0" methods="9" coveredmethods="0"/>
        <line num="6" count="2" type="stmt"/>
        <line num="10" count="0" type="stmt"/>
        <line num="20" count="0" type="stmt"/>
        <line num="21" count="0" type="cond" truecount="0" falsecount="2"/>
        <line num="22" count="0" type="stmt"/>
        <line num="32" count="0" type="stmt"/>
        <line num="42" count="0" type="stmt"/>
        <line num="44" count="0" type="stmt"/>
        <line num="45" count="0" type="stmt"/>
        <line num="46" count="0" type="stmt"/>
        <line num="50" count="0" type="stmt"/>
        <line num="57" count="0" type="cond" truecount="0" falsecount="4"/>
        <line num="59" count="0" type="cond" truecount="0" falsecount="4"/>
        <line num="61" count="0" type="stmt"/>
        <line num="71" count="0" type="cond" truecount="0" falsecount="2"/>
        <line num="73" count="0" type="stmt"/>
        <line num="81" count="0" type="cond" truecount="0" falsecount="2"/>
        <line num="83" count="0" type="stmt"/>
        <line num="92" count="0" type="stmt"/>
        <line num="100" count="0" type="stmt"/>
        <line num="102" count="0" type="stmt"/>
        <line num="103" count="0" type="stmt"/>
        <line num="108" count="0" type="stmt"/>
        <line num="109" count="0" type="stmt"/>
        <line num="110" count="0" type="stmt"/>
        <line num="115" count="0" type="cond" truecount="0" falsecount="4"/>
        <line num="118" count="0" type="cond" truecount="0" falsecount="4"/>
        <line num="120" count="0" type="stmt"/>
        <line num="127" count="0" type="cond" truecount="0" falsecount="2"/>
        <line num="128" count="0" type="stmt"/>
        <line num="133" count="0" type="cond" truecount="0" falsecount="2"/>
        <line num="135" count="0" type="stmt"/>
        <line num="144" count="0" type="stmt"/>
        <line num="149" count="0" type="stmt"/>
        <line num="160" count="0" type="stmt"/>
      </file>
      <file name="UserSingnupmain.js" path="/home/rakesh/Documents/reactjs_coverage/TodayFundoo/src/components/UserSingnupmain.js">
        <metrics statements="19" coveredstatements="0" conditionals="14" coveredconditionals="0" methods="6" coveredmethods="0"/>
        <line num="8" count="0" type="stmt"/>
        <line num="18" count="0" type="stmt"/>
        <line num="19" count="0" type="cond" truecount="0" falsecount="2"/>
        <line num="20" count="0" type="stmt"/>
        <line num="29" count="0" type="stmt"/>
        <line num="39" count="0" type="stmt"/>
        <line num="40" count="0" type="stmt"/>
        <line num="41" count="0" type="stmt"/>
        <line num="42" count="0" type="stmt"/>
        <line num="46" count="0" type="stmt"/>
        <line num="52" count="0" type="cond" truecount="0" falsecount="4"/>
        <line num="53" count="0" type="cond" truecount="0" falsecount="4"/>
        <line num="54" count="0" type="stmt"/>
        <line num="64" count="0" type="cond" truecount="0" falsecount="2"/>
        <line num="65" count="0" type="stmt"/>
        <line num="73" count="0" type="cond" truecount="0" falsecount="2"/>
        <line num="74" count="0" type="stmt"/>
        <line num="82" count="0" type="stmt"/>
        <line num="91" count="0" type="stmt"/>
      </file>
      <file name="User_signin.js" path="/home/rakesh/Documents/reactjs_coverage/TodayFundoo/src/components/User_signin.js">
        <metrics statements="4" coveredstatements="3" conditionals="0" coveredconditionals="0" methods="2" coveredmethods="1"/>
        <line num="7" count="1" type="stmt"/>
        <line num="8" count="1" type="stmt"/>
        <line num="11" count="1" type="stmt"/>
        <line num="56" count="0" type="stmt"/>
      </file>
      <file name="User_signup_form.js" path="/home/rakesh/Documents/reactjs_coverage/TodayFundoo/src/components/User_signup_form.js">
        <metrics statements="7" coveredstatements="6" conditionals="0" coveredconditionals="0" methods="2" coveredmethods="1"/>
        <line num="8" count="1" type="stmt"/>
        <line num="9" count="1" type="stmt"/>
        <line num="10" count="1" type="stmt"/>
        <line num="11" count="1" type="stmt"/>
        <line num="12" count="1" type="stmt"/>
        <line num="16" count="1" type="stmt"/>
        <line num="93" count="0" type="stmt"/>
      </file>
      <file name="clickAwayforNotes.js" path="/home/rakesh/Documents/reactjs_coverage/TodayFundoo/src/components/clickAwayforNotes.js">
        <metrics statements="7" coveredstatements="0" conditionals="2" coveredconditionals="0" methods="4" coveredmethods="0"/>
        <line num="8" count="0" type="stmt"/>
        <line num="9" count="0" type="stmt"/>
        <line num="14" count="0" type="stmt"/>
        <line num="15" count="0" type="stmt"/>
        <line num="20" count="0" type="stmt"/>
        <line num="21" count="0" type="stmt"/>
        <line num="27" count="0" type="stmt"/>
      </file>
      <file name="mainNote.js" path="/home/rakesh/Documents/reactjs_coverage/TodayFundoo/src/components/mainNote.js">
        <metrics statements="6" coveredstatements="0" conditionals="0" coveredconditionals="0" methods="5" coveredmethods="0"/>
        <line num="15" count="0" type="stmt"/>
        <line num="66" count="0" type="stmt"/>
        <line num="68" count="0" type="stmt"/>
        <line num="74" count="0" type="stmt"/>
        <line num="76" count="0" type="stmt"/>
        <line num="103" count="0" type="stmt"/>
      </file>
      <file name="toggleNote.js" path="/home/rakesh/Documents/reactjs_coverage/TodayFundoo/src/components/toggleNote.js">
        <metrics statements="3" coveredstatements="1" conditionals="0" coveredconditionals="0" methods="2" coveredmethods="0"/>
        <line num="14" count="1" type="stmt"/>
        <line num="36" count="0" type="stmt"/>
        <line num="38" count="0" type="stmt"/>
      </file>
    </package>
    <package name="src.components.Label">
      <metrics statements="43" coveredstatements="2" conditionals="10" coveredconditionals="0" methods="27" coveredmethods="0"/>
      <file name="EditLabelDialog.js" path="/home/rakesh/Documents/reactjs_coverage/TodayFundoo/src/components/Label/EditLabelDialog.js">
        <metrics statements="13" coveredstatements="0" conditionals="2" coveredconditionals="0" methods="10" coveredmethods="0"/>
        <line num="15" count="0" type="stmt"/>
        <line num="16" count="0" type="stmt"/>
        <line num="23" count="0" type="stmt"/>
        <line num="24" count="0" type="stmt"/>
        <line num="28" count="0" type="stmt"/>
        <line num="29" count="0" type="stmt"/>
        <line num="32" count="0" type="stmt"/>
        <line num="38" count="0" type="stmt"/>
        <line num="45" count="0" type="stmt"/>
        <line num="56" count="0" type="stmt"/>
        <line num="64" count="0" type="stmt"/>
        <line num="69" count="0" type="stmt"/>
        <line num="76" count="0" type="stmt"/>
      </file>
      <file name="LabelTags.js" path="/home/rakesh/Documents/reactjs_coverage/TodayFundoo/src/components/Label/LabelTags.js">
        <metrics statements="0" coveredstatements="0" conditionals="0" coveredconditionals="0" methods="0" coveredmethods="0"/>
      </file>
      <file name="LabelValues.js" path="/home/rakesh/Documents/reactjs_coverage/TodayFundoo/src/components/Label/LabelValues.js">
        <metrics statements="2" coveredstatements="0" conditionals="0" coveredconditionals="0" methods="2" coveredmethods="0"/>
        <line num="18" count="0" type="stmt"/>
        <line num="22" count="0" type="stmt"/>
      </file>
      <file name="NoteCardLabel.js" path="/home/rakesh/Documents/reactjs_coverage/TodayFundoo/src/components/Label/NoteCardLabel.js">
        <metrics statements="13" coveredstatements="2" conditionals="2" coveredconditionals="0" methods="8" coveredmethods="0"/>
        <line num="12" count="1" type="stmt"/>
        <line num="16" count="1" type="stmt"/>
        <line num="33" count="0" type="stmt"/>
        <line num="34" count="0" type="stmt"/>
        <line num="40" count="0" type="stmt"/>
        <line num="44" count="0" type="stmt"/>
        <line num="45" count="0" type="stmt"/>
        <line num="48" count="0" type="stmt"/>
        <line num="54" count="0" type="stmt"/>
        <line num="55" count="0" type="stmt"/>
        <line num="61" count="0" type="stmt"/>
        <line num="69" count="0" type="stmt"/>
        <line num="93" count="0" type="stmt"/>
      </file>
      <file name="NoteLableCheck.js" path="/home/rakesh/Documents/reactjs_coverage/TodayFundoo/src/components/Label/NoteLableCheck.js">
        <metrics statements="15" coveredstatements="0" conditionals="6" coveredconditionals="0" methods="7" coveredmethods="0"/>
        <line num="10" count="0" type="stmt"/>
        <line num="11" count="0" type="stmt"/>
        <line num="17" count="0" type="stmt"/>
        <line num="21" count="0" type="stmt"/>
        <line num="23" count="0" type="cond" truecount="0" falsecount="2"/>
        <line num="36" count="0" type="stmt"/>
        <line num="37" count="0" type="stmt"/>
        <line num="41" count="0" type="cond" truecount="0" falsecount="2"/>
        <line num="42" count="0" type="stmt"/>
        <line num="44" count="0" type="stmt"/>
        <line num="48" count="0" type="stmt"/>
        <line num="54" count="0" type="stmt"/>
        <line num="55" count="0" type="stmt"/>
        <line num="61" count="0" type="stmt"/>
        <line num="62" count="0" type="stmt"/>
      </file>
    </package>
    <package name="src.components.LabelComponent">
      <metrics statements="16" coveredstatements="2" conditionals="6" coveredconditionals="0" methods="11" coveredmethods="0"/>
      <file name="LabelIdMatching.js" path="/home/rakesh/Documents/reactjs_coverage/TodayFundoo/src/components/LabelComponent/LabelIdMatching.js">
        <metrics statements="9" coveredstatements="2" conditionals="0" coveredconditionals="0" methods="5" coveredmethods="0"/>
        <line num="22" count="1" type="stmt"/>
        <line num="26" count="1" type="stmt"/>
        <line num="78" count="0" type="stmt"/>
        <line num="79" count="0" type="stmt"/>
        <line num="88" count="0" type="stmt"/>
        <line num="89" count="0" type="stmt"/>
        <line num="92" count="0" type="stmt"/>
        <line num="132" count="0" type="stmt"/>
        <line num="146" count="0" type="stmt"/>
      </file>
      <file name="LabelMapping.js" path="/home/rakesh/Documents/reactjs_coverage/TodayFundoo/src/components/LabelComponent/LabelMapping.js">
        <metrics statements="7" coveredstatements="0" conditionals="6" coveredconditionals="0" methods="6" coveredmethods="0"/>
        <line num="7" count="0" type="stmt"/>
        <line num="16" count="0" type="stmt"/>
        <line num="17" count="0" type="stmt"/>
        <line num="20" count="0" type="stmt"/>
        <line num="26" count="0" type="stmt"/>
        <line num="38" count="0" type="stmt"/>
        <line num="42" count="0" type="cond" truecount="0" falsecount="2"/>
      </file>
    </package>
    <package name="src.components.Pages">
      <metrics statements="45" coveredstatements="4" conditionals="20" coveredconditionals="0" methods="17" coveredmethods="1"/>
      <file name="PageNotFound.js" path="/home/rakesh/Documents/reactjs_coverage/TodayFundoo/src/components/Pages/PageNotFound.js">
        <metrics statements="2" coveredstatements="2" conditionals="0" coveredconditionals="0" methods="1" coveredmethods="1"/>
        <line num="4" count="1" type="stmt"/>
        <line num="5" count="1" type="stmt"/>
      </file>
      <file name="Parsing.js" path="/home/rakesh/Documents/reactjs_coverage/TodayFundoo/src/components/Pages/Parsing.js">
        <metrics statements="43" coveredstatements="2" conditionals="20" coveredconditionals="0" methods="16" coveredmethods="0"/>
        <line num="14" count="0" type="stmt"/>
        <line num="24" count="0" type="stmt"/>
        <line num="25" count="0" type="stmt"/>
        <line num="26" count="0" type="stmt"/>
        <line num="27" count="0" type="stmt"/>
        <line num="30" count="0" type="stmt"/>
        <line num="31" count="0" type="stmt"/>
        <line num="32" count="0" type="stmt"/>
        <line num="33" count="0" type="stmt"/>
        <line num="36" count="0" type="stmt"/>
        <line num="37" count="0" type="stmt"/>
        <line num="38" count="0" type="stmt"/>
        <line num="39" count="0" type="stmt"/>
        <line num="42" count="0" type="stmt"/>
        <line num="44" count="0" type="stmt"/>
        <line num="45" count="0" type="stmt"/>
        <line num="46" count="0" type="stmt"/>
        <line num="47" count="0" type="stmt"/>
        <line num="50" count="0" type="stmt"/>
        <line num="51" count="0" type="stmt"/>
        <line num="55" count="0" type="stmt"/>
        <line num="59" count="0" type="stmt"/>
        <line num="60" count="0" type="stmt"/>
        <line num="67" count="0" type="stmt"/>
        <line num="71" count="0" type="stmt"/>
        <line num="72" count="0" type="stmt"/>
        <line num="75" count="0" type="stmt"/>
        <line num="80" count="0" type="stmt"/>
        <line num="81" count="0" type="stmt"/>
        <line num="82" count="0" type="stmt"/>
        <line num="83" count="0" type="stmt"/>
        <line num="84" count="0" type="stmt"/>
        <line num="85" count="0" type="stmt"/>
        <line num="88" count="0" type="stmt"/>
        <line num="93" count="0" type="stmt"/>
        <line num="94" count="0" type="stmt"/>
        <line num="113" count="0" type="cond" truecount="0" falsecount="4"/>
        <line num="142" count="0" type="cond" truecount="0" falsecount="4"/>
        <line num="162" count="1" type="stmt"/>
        <line num="163" count="0" type="stmt"/>
        <line num="168" count="1" type="stmt"/>
        <line num="169" count="0" type="stmt"/>
        <line num="170" count="0" type="stmt"/>
      </file>
    </package>
    <package name="src.components.UsingRedux">
      <metrics statements="1" coveredstatements="1" conditionals="0" coveredconditionals="0" methods="0" coveredmethods="0"/>
      <file name="index.js" path="/home/rakesh/Documents/reactjs_coverage/TodayFundoo/src/components/UsingRedux/index.js">
        <metrics statements="0" coveredstatements="0" conditionals="0" coveredconditionals="0" methods="0" coveredmethods="0"/>
      </file>
      <file name="store.js" path="/home/rakesh/Documents/reactjs_coverage/TodayFundoo/src/components/UsingRedux/store.js">
        <metrics statements="1" coveredstatements="1" conditionals="0" coveredconditionals="0" methods="0" coveredmethods="0"/>
        <line num="4" count="1" type="stmt"/>
      </file>
    </package>
    <package name="src.components.UsingRedux.ToggleGridOrList">
      <metrics statements="8" coveredstatements="6" conditionals="3" coveredconditionals="2" methods="2" coveredmethods="1"/>
      <file name="toggleActions.js" path="/home/rakesh/Documents/reactjs_coverage/TodayFundoo/src/components/UsingRedux/ToggleGridOrList/toggleActions.js">
        <metrics statements="2" coveredstatements="1" conditionals="0" coveredconditionals="0" methods="1" coveredmethods="0"/>
        <line num="3" count="1" type="stmt"/>
        <line num="4" count="0" type="stmt"/>
      </file>
      <file name="toggleReducer.js" path="/home/rakesh/Documents/reactjs_coverage/TodayFundoo/src/components/UsingRedux/ToggleGridOrList/toggleReducer.js">
        <metrics statements="5" coveredstatements="4" conditionals="3" coveredconditionals="2" methods="1" coveredmethods="1"/>
        <line num="3" count="1" type="stmt"/>
        <line num="7" count="1" type="cond" truecount="1" falsecount="0"/>
        <line num="8" count="1" type="cond" truecount="1" falsecount="1"/>
        <line num="9" count="0" type="stmt"/>
        <line num="13" count="1" type="stmt"/>
      </file>
      <file name="toggleTypes.js" path="/home/rakesh/Documents/reactjs_coverage/TodayFundoo/src/components/UsingRedux/ToggleGridOrList/toggleTypes.js">
        <metrics statements="1" coveredstatements="1" conditionals="0" coveredconditionals="0" methods="0" coveredmethods="0"/>
        <line num="1" count="1" type="stmt"/>
      </file>
    </package>
    <package name="src.components.standalone">
      <metrics statements="18" coveredstatements="4" conditionals="0" coveredconditionals="0" methods="7" coveredmethods="0"/>
      <file name="Dialog.js" path="/home/rakesh/Documents/reactjs_coverage/TodayFundoo/src/components/standalone/Dialog.js">
        <metrics statements="8" coveredstatements="2" conditionals="0" coveredconditionals="0" methods="3" coveredmethods="0"/>
        <line num="15" count="1" type="stmt"/>
        <line num="19" count="1" type="stmt"/>
        <line num="72" count="0" type="stmt"/>
        <line num="73" count="0" type="stmt"/>
        <line num="93" count="0" type="stmt"/>
        <line num="94" count="0" type="stmt"/>
        <line num="118" count="0" type="stmt"/>
        <line num="123" count="0" type="stmt"/>
      </file>
      <file name="Dialogmain.js" path="/home/rakesh/Documents/reactjs_coverage/TodayFundoo/src/components/standalone/Dialogmain.js">
        <metrics statements="5" coveredstatements="0" conditionals="0" coveredconditionals="0" methods="2" coveredmethods="0"/>
        <line num="16" count="0" type="stmt"/>
        <line num="20" count="0" type="stmt"/>
        <line num="37" count="0" type="stmt"/>
        <line num="38" count="0" type="stmt"/>
        <line num="42" count="0" type="stmt"/>
      </file>
      <file name="DialogueList.js" path="/home/rakesh/Documents/reactjs_coverage/TodayFundoo/src/components/standalone/DialogueList.js">
        <metrics statements="5" coveredstatements="2" conditionals="0" coveredconditionals="0" methods="2" coveredmethods="0"/>
        <line num="20" count="1" type="stmt"/>
        <line num="24" count="1" type="stmt"/>
        <line num="92" count="0" type="stmt"/>
        <line num="94" count="0" type="stmt"/>
        <line num="150" count="0" type="stmt"/>
      </file>
    </package>
  </project>
</coverage>
