{"/home/rakesh/Documents/reactjs_coverage/TodayFundoo/src/App.js": {"path":"/home/rakesh/Documents/reactjs_coverage/TodayFundoo/src/App.js","statementMap":{"0":{"start":{"line":23,"column":4},"end":{"line":45,"column":14}}},"fnMap":{"0":{"name":"(anonymous_0)","decl":{"start":{"line":22,"column":2},"end":{"line":22,"column":3}},"loc":{"start":{"line":22,"column":10},"end":{"line":46,"column":3}},"line":22}},"branchMap":{},"s":{"0":1},"f":{"0":1},"b":{},"_coverageSchema":"43e27e138ebf9cfc5966b082cf9a028302ed4184","hash":"f88fa8edf571ab62a14463030bb27aa92fb12876"}
,"/home/rakesh/Documents/reactjs_coverage/TodayFundoo/src/firebase.js": {"path":"/home/rakesh/Documents/reactjs_coverage/TodayFundoo/src/firebase.js","statementMap":{"0":{"start":{"line":6,"column":15},"end":{"line":15,"column":1}},"1":{"start":{"line":17,"column":0},"end":{"line":17,"column":30}},"2":{"start":{"line":20,"column":21},"end":{"line":20,"column":36}},"3":{"start":{"line":22,"column":11},"end":{"line":22,"column":31}},"4":{"start":{"line":24,"column":17},"end":{"line":24,"column":35}},"5":{"start":{"line":25,"column":13},"end":{"line":25,"column":30}},"6":{"start":{"line":28,"column":16},"end":{"line":28,"column":43}},"7":{"start":{"line":29,"column":4},"end":{"line":29,"column":31}},"8":{"start":{"line":30,"column":4},"end":{"line":30,"column":44}},"9":{"start":{"line":31,"column":4},"end":{"line":31,"column":47}},"10":{"start":{"line":32,"column":4},"end":{"line":32,"column":32}},"11":{"start":{"line":33,"column":4},"end":{"line":33,"column":59}},"12":{"start":{"line":37,"column":16},"end":{"line":37,"column":43}},"13":{"start":{"line":38,"column":4},"end":{"line":38,"column":32}},"14":{"start":{"line":39,"column":27},"end":{"line":39,"column":105}},"15":{"start":{"line":40,"column":4},"end":{"line":40,"column":69}},"16":{"start":{"line":41,"column":4},"end":{"line":41,"column":100}},"17":{"start":{"line":42,"column":4},"end":{"line":42,"column":29}},"18":{"start":{"line":46,"column":16},"end":{"line":46,"column":43}},"19":{"start":{"line":47,"column":4},"end":{"line":47,"column":63}},"20":{"start":{"line":48,"column":4},"end":{"line":48,"column":60}},"21":{"start":{"line":49,"column":4},"end":{"line":49,"column":48}},"22":{"start":{"line":53,"column":16},"end":{"line":53,"column":43}},"23":{"start":{"line":54,"column":4},"end":{"line":54,"column":69}},"24":{"start":{"line":55,"column":4},"end":{"line":55,"column":97}},"25":{"start":{"line":56,"column":4},"end":{"line":56,"column":48}},"26":{"start":{"line":60,"column":16},"end":{"line":60,"column":43}},"27":{"start":{"line":61,"column":4},"end":{"line":61,"column":65}},"28":{"start":{"line":62,"column":4},"end":{"line":62,"column":101}},"29":{"start":{"line":66,"column":16},"end":{"line":66,"column":43}},"30":{"start":{"line":67,"column":4},"end":{"line":67,"column":49}},"31":{"start":{"line":68,"column":4},"end":{"line":68,"column":49}},"32":{"start":{"line":69,"column":4},"end":{"line":69,"column":62}},"33":{"start":{"line":73,"column":16},"end":{"line":73,"column":43}},"34":{"start":{"line":74,"column":4},"end":{"line":74,"column":32}},"35":{"start":{"line":75,"column":4},"end":{"line":75,"column":44}},"36":{"start":{"line":76,"column":4},"end":{"line":76,"column":47}},"37":{"start":{"line":77,"column":4},"end":{"line":77,"column":32}},"38":{"start":{"line":78,"column":4},"end":{"line":78,"column":36}},"39":{"start":{"line":79,"column":4},"end":{"line":79,"column":40}},"40":{"start":{"line":80,"column":4},"end":{"line":80,"column":67}},"41":{"start":{"line":84,"column":16},"end":{"line":84,"column":43}},"42":{"start":{"line":85,"column":4},"end":{"line":85,"column":32}},"43":{"start":{"line":86,"column":4},"end":{"line":91,"column":6}},"44":{"start":{"line":88,"column":8},"end":{"line":88,"column":46}},"45":{"start":{"line":89,"column":8},"end":{"line":89,"column":47}},"46":{"start":{"line":90,"column":8},"end":{"line":90,"column":32}},"47":{"start":{"line":95,"column":16},"end":{"line":95,"column":43}},"48":{"start":{"line":96,"column":4},"end":{"line":96,"column":32}},"49":{"start":{"line":97,"column":4},"end":{"line":101,"column":6}},"50":{"start":{"line":98,"column":8},"end":{"line":98,"column":48}},"51":{"start":{"line":99,"column":8},"end":{"line":99,"column":49}},"52":{"start":{"line":100,"column":8},"end":{"line":100,"column":32}},"53":{"start":{"line":105,"column":16},"end":{"line":105,"column":43}},"54":{"start":{"line":106,"column":4},"end":{"line":106,"column":29}},"55":{"start":{"line":107,"column":4},"end":{"line":107,"column":31}},"56":{"start":{"line":108,"column":4},"end":{"line":108,"column":59}},"57":{"start":{"line":109,"column":4},"end":{"line":109,"column":67}}},"fnMap":{"0":{"name":"createUserNote","decl":{"start":{"line":27,"column":16},"end":{"line":27,"column":30}},"loc":{"start":{"line":27,"column":37},"end":{"line":34,"column":1}},"line":27},"1":{"name":"createReminderInNote","decl":{"start":{"line":36,"column":16},"end":{"line":36,"column":36}},"loc":{"start":{"line":36,"column":69},"end":{"line":43,"column":1}},"line":36},"2":{"name":"createLabelNote","decl":{"start":{"line":45,"column":16},"end":{"line":45,"column":31}},"loc":{"start":{"line":45,"column":43},"end":{"line":50,"column":1}},"line":45},"3":{"name":"createLabelNoteInNotes","decl":{"start":{"line":52,"column":16},"end":{"line":52,"column":38}},"loc":{"start":{"line":52,"column":67},"end":{"line":57,"column":1}},"line":52},"4":{"name":"deleteLabelNoteInNotes","decl":{"start":{"line":59,"column":16},"end":{"line":59,"column":38}},"loc":{"start":{"line":59,"column":63},"end":{"line":63,"column":1}},"line":59},"5":{"name":"deleteUserNote","decl":{"start":{"line":65,"column":16},"end":{"line":65,"column":30}},"loc":{"start":{"line":65,"column":36},"end":{"line":70,"column":1}},"line":65},"6":{"name":"updateUserNote","decl":{"start":{"line":72,"column":16},"end":{"line":72,"column":30}},"loc":{"start":{"line":72,"column":40},"end":{"line":81,"column":1}},"line":72},"7":{"name":"getNotes","decl":{"start":{"line":83,"column":16},"end":{"line":83,"column":24}},"loc":{"start":{"line":83,"column":34},"end":{"line":92,"column":1}},"line":83},"8":{"name":"(anonymous_8)","decl":{"start":{"line":86,"column":56},"end":{"line":86,"column":57}},"loc":{"start":{"line":87,"column":4},"end":{"line":91,"column":5}},"line":87},"9":{"name":"getLabels","decl":{"start":{"line":94,"column":16},"end":{"line":94,"column":25}},"loc":{"start":{"line":94,"column":36},"end":{"line":102,"column":1}},"line":94},"10":{"name":"(anonymous_10)","decl":{"start":{"line":97,"column":56},"end":{"line":97,"column":57}},"loc":{"start":{"line":97,"column":70},"end":{"line":101,"column":5}},"line":97},"11":{"name":"updateNote","decl":{"start":{"line":104,"column":16},"end":{"line":104,"column":26}},"loc":{"start":{"line":104,"column":36},"end":{"line":110,"column":1}},"line":104}},"branchMap":{},"s":{"0":2,"1":2,"2":2,"3":2,"4":2,"5":2,"6":0,"7":0,"8":0,"9":0,"10":0,"11":0,"12":0,"13":0,"14":0,"15":0,"16":0,"17":0,"18":0,"19":0,"20":0,"21":0,"22":0,"23":0,"24":0,"25":0,"26":0,"27":0,"28":0,"29":0,"30":0,"31":0,"32":0,"33":0,"34":0,"35":0,"36":0,"37":0,"38":0,"39":0,"40":0,"41":0,"42":0,"43":0,"44":0,"45":0,"46":0,"47":0,"48":0,"49":0,"50":0,"51":0,"52":0,"53":0,"54":0,"55":0,"56":0,"57":0},"f":{"0":0,"1":0,"2":0,"3":0,"4":0,"5":0,"6":0,"7":0,"8":0,"9":0,"10":0,"11":0},"b":{},"_coverageSchema":"43e27e138ebf9cfc5966b082cf9a028302ed4184","hash":"a2da182d44b3bc493691dfac87235df17d70c98b"}
,"/home/rakesh/Documents/reactjs_coverage/TodayFundoo/src/index.js": {"path":"/home/rakesh/Documents/reactjs_coverage/TodayFundoo/src/index.js","statementMap":{"0":{"start":{"line":8,"column":0},"end":{"line":8,"column":58}},"1":{"start":{"line":13,"column":0},"end":{"line":13,"column":27}}},"fnMap":{},"branchMap":{},"s":{"0":0,"1":0},"f":{},"b":{},"hash":"068f5eafe01c6c143672cb297e783e50f2303eed"}
,"/home/rakesh/Documents/reactjs_coverage/TodayFundoo/src/sampleData.js": {"path":"/home/rakesh/Documents/reactjs_coverage/TodayFundoo/src/sampleData.js","statementMap":{"0":{"start":{"line":1,"column":15},"end":{"line":17,"column":1}},"1":{"start":{"line":19,"column":14},"end":{"line":65,"column":1}},"2":{"start":{"line":67,"column":13},"end":{"line":70,"column":1}}},"fnMap":{},"branchMap":{},"s":{"0":1,"1":1,"2":1},"f":{},"b":{},"_coverageSchema":"43e27e138ebf9cfc5966b082cf9a028302ed4184","hash":"dba4df8b16068721dc0835367325824c39383d05"}
,"/home/rakesh/Documents/reactjs_coverage/TodayFundoo/src/serviceWorker.js": {"path":"/home/rakesh/Documents/reactjs_coverage/TodayFundoo/src/serviceWorker.js","statementMap":{"0":{"start":{"line":13,"column":20},"end":{"line":21,"column":1}},"1":{"start":{"line":24,"column":2},"end":{"line":54,"column":3}},"2":{"start":{"line":26,"column":22},"end":{"line":26,"column":75}},"3":{"start":{"line":27,"column":4},"end":{"line":32,"column":5}},"4":{"start":{"line":31,"column":6},"end":{"line":31,"column":13}},"5":{"start":{"line":34,"column":4},"end":{"line":53,"column":7}},"6":{"start":{"line":35,"column":20},"end":{"line":35,"column":65}},"7":{"start":{"line":37,"column":6},"end":{"line":52,"column":7}},"8":{"start":{"line":39,"column":8},"end":{"line":39,"column":47}},"9":{"start":{"line":43,"column":8},"end":{"line":48,"column":11}},"10":{"start":{"line":44,"column":10},"end":{"line":47,"column":12}},"11":{"start":{"line":51,"column":8},"end":{"line":51,"column":39}},"12":{"start":{"line":58,"column":2},"end":{"line":98,"column":7}},"13":{"start":{"line":61,"column":6},"end":{"line":94,"column":8}},"14":{"start":{"line":62,"column":33},"end":{"line":62,"column":56}},"15":{"start":{"line":63,"column":8},"end":{"line":65,"column":9}},"16":{"start":{"line":64,"column":10},"end":{"line":64,"column":17}},"17":{"start":{"line":66,"column":8},"end":{"line":93,"column":10}},"18":{"start":{"line":67,"column":10},"end":{"line":92,"column":11}},"19":{"start":{"line":68,"column":12},"end":{"line":91,"column":13}},"20":{"start":{"line":72,"column":14},"end":{"line":75,"column":16}},"21":{"start":{"line":78,"column":14},"end":{"line":80,"column":15}},"22":{"start":{"line":79,"column":16},"end":{"line":79,"column":46}},"23":{"start":{"line":85,"column":14},"end":{"line":85,"column":64}},"24":{"start":{"line":88,"column":14},"end":{"line":90,"column":15}},"25":{"start":{"line":89,"column":16},"end":{"line":89,"column":47}},"26":{"start":{"line":97,"column":6},"end":{"line":97,"column":72}},"27":{"start":{"line":103,"column":2},"end":{"line":128,"column":7}},"28":{"start":{"line":108,"column":26},"end":{"line":108,"column":62}},"29":{"start":{"line":109,"column":6},"end":{"line":122,"column":7}},"30":{"start":{"line":114,"column":8},"end":{"line":118,"column":11}},"31":{"start":{"line":115,"column":10},"end":{"line":117,"column":13}},"32":{"start":{"line":116,"column":12},"end":{"line":116,"column":37}},"33":{"start":{"line":121,"column":8},"end":{"line":121,"column":39}},"34":{"start":{"line":125,"column":6},"end":{"line":127,"column":8}},"35":{"start":{"line":132,"column":2},"end":{"line":136,"column":3}},"36":{"start":{"line":133,"column":4},"end":{"line":135,"column":7}},"37":{"start":{"line":134,"column":6},"end":{"line":134,"column":32}}},"fnMap":{"0":{"name":"register","decl":{"start":{"line":23,"column":16},"end":{"line":23,"column":24}},"loc":{"start":{"line":23,"column":33},"end":{"line":55,"column":1}},"line":23},"1":{"name":"(anonymous_1)","decl":{"start":{"line":34,"column":36},"end":{"line":34,"column":37}},"loc":{"start":{"line":34,"column":42},"end":{"line":53,"column":5}},"line":34},"2":{"name":"(anonymous_2)","decl":{"start":{"line":43,"column":43},"end":{"line":43,"column":44}},"loc":{"start":{"line":43,"column":49},"end":{"line":48,"column":9}},"line":43},"3":{"name":"registerValidSW","decl":{"start":{"line":57,"column":9},"end":{"line":57,"column":24}},"loc":{"start":{"line":57,"column":40},"end":{"line":99,"column":1}},"line":57},"4":{"name":"(anonymous_4)","decl":{"start":{"line":60,"column":10},"end":{"line":60,"column":11}},"loc":{"start":{"line":60,"column":26},"end":{"line":95,"column":5}},"line":60},"5":{"name":"(anonymous_5)","decl":{"start":{"line":61,"column":35},"end":{"line":61,"column":36}},"loc":{"start":{"line":61,"column":41},"end":{"line":94,"column":7}},"line":61},"6":{"name":"(anonymous_6)","decl":{"start":{"line":66,"column":41},"end":{"line":66,"column":42}},"loc":{"start":{"line":66,"column":47},"end":{"line":93,"column":9}},"line":66},"7":{"name":"(anonymous_7)","decl":{"start":{"line":96,"column":11},"end":{"line":96,"column":12}},"loc":{"start":{"line":96,"column":20},"end":{"line":98,"column":5}},"line":96},"8":{"name":"checkValidServiceWorker","decl":{"start":{"line":101,"column":9},"end":{"line":101,"column":32}},"loc":{"start":{"line":101,"column":48},"end":{"line":129,"column":1}},"line":101},"9":{"name":"(anonymous_9)","decl":{"start":{"line":106,"column":10},"end":{"line":106,"column":11}},"loc":{"start":{"line":106,"column":22},"end":{"line":123,"column":5}},"line":106},"10":{"name":"(anonymous_10)","decl":{"start":{"line":114,"column":43},"end":{"line":114,"column":44}},"loc":{"start":{"line":114,"column":59},"end":{"line":118,"column":9}},"line":114},"11":{"name":"(anonymous_11)","decl":{"start":{"line":115,"column":41},"end":{"line":115,"column":42}},"loc":{"start":{"line":115,"column":47},"end":{"line":117,"column":11}},"line":115},"12":{"name":"(anonymous_12)","decl":{"start":{"line":124,"column":11},"end":{"line":124,"column":12}},"loc":{"start":{"line":124,"column":17},"end":{"line":128,"column":5}},"line":124},"13":{"name":"unregister","decl":{"start":{"line":131,"column":16},"end":{"line":131,"column":26}},"loc":{"start":{"line":131,"column":29},"end":{"line":137,"column":1}},"line":131},"14":{"name":"(anonymous_14)","decl":{"start":{"line":133,"column":39},"end":{"line":133,"column":40}},"loc":{"start":{"line":133,"column":55},"end":{"line":135,"column":5}},"line":133}},"branchMap":{"0":{"loc":{"start":{"line":14,"column":2},"end":{"line":20,"column":5}},"type":"binary-expr","locations":[{"start":{"line":14,"column":2},"end":{"line":14,"column":42}},{"start":{"line":16,"column":4},"end":{"line":16,"column":40}},{"start":{"line":18,"column":4},"end":{"line":20,"column":5}}],"line":14},"1":{"loc":{"start":{"line":24,"column":2},"end":{"line":54,"column":3}},"type":"if","locations":[{"start":{"line":24,"column":2},"end":{"line":54,"column":3}},{"start":{"line":24,"column":2},"end":{"line":54,"column":3}}],"line":24},"2":{"loc":{"start":{"line":24,"column":6},"end":{"line":24,"column":75}},"type":"binary-expr","locations":[{"start":{"line":24,"column":6},"end":{"line":24,"column":43}},{"start":{"line":24,"column":47},"end":{"line":24,"column":75}}],"line":24},"3":{"loc":{"start":{"line":27,"column":4},"end":{"line":32,"column":5}},"type":"if","locations":[{"start":{"line":27,"column":4},"end":{"line":32,"column":5}},{"start":{"line":27,"column":4},"end":{"line":32,"column":5}}],"line":27},"4":{"loc":{"start":{"line":37,"column":6},"end":{"line":52,"column":7}},"type":"if","locations":[{"start":{"line":37,"column":6},"end":{"line":52,"column":7}},{"start":{"line":37,"column":6},"end":{"line":52,"column":7}}],"line":37},"5":{"loc":{"start":{"line":63,"column":8},"end":{"line":65,"column":9}},"type":"if","locations":[{"start":{"line":63,"column":8},"end":{"line":65,"column":9}},{"start":{"line":63,"column":8},"end":{"line":65,"column":9}}],"line":63},"6":{"loc":{"start":{"line":67,"column":10},"end":{"line":92,"column":11}},"type":"if","locations":[{"start":{"line":67,"column":10},"end":{"line":92,"column":11}},{"start":{"line":67,"column":10},"end":{"line":92,"column":11}}],"line":67},"7":{"loc":{"start":{"line":68,"column":12},"end":{"line":91,"column":13}},"type":"if","locations":[{"start":{"line":68,"column":12},"end":{"line":91,"column":13}},{"start":{"line":68,"column":12},"end":{"line":91,"column":13}}],"line":68},"8":{"loc":{"start":{"line":78,"column":14},"end":{"line":80,"column":15}},"type":"if","locations":[{"start":{"line":78,"column":14},"end":{"line":80,"column":15}},{"start":{"line":78,"column":14},"end":{"line":80,"column":15}}],"line":78},"9":{"loc":{"start":{"line":78,"column":18},"end":{"line":78,"column":43}},"type":"binary-expr","locations":[{"start":{"line":78,"column":18},"end":{"line":78,"column":24}},{"start":{"line":78,"column":28},"end":{"line":78,"column":43}}],"line":78},"10":{"loc":{"start":{"line":88,"column":14},"end":{"line":90,"column":15}},"type":"if","locations":[{"start":{"line":88,"column":14},"end":{"line":90,"column":15}},{"start":{"line":88,"column":14},"end":{"line":90,"column":15}}],"line":88},"11":{"loc":{"start":{"line":88,"column":18},"end":{"line":88,"column":44}},"type":"binary-expr","locations":[{"start":{"line":88,"column":18},"end":{"line":88,"column":24}},{"start":{"line":88,"column":28},"end":{"line":88,"column":44}}],"line":88},"12":{"loc":{"start":{"line":109,"column":6},"end":{"line":122,"column":7}},"type":"if","locations":[{"start":{"line":109,"column":6},"end":{"line":122,"column":7}},{"start":{"line":109,"column":6},"end":{"line":122,"column":7}}],"line":109},"13":{"loc":{"start":{"line":110,"column":8},"end":{"line":111,"column":73}},"type":"binary-expr","locations":[{"start":{"line":110,"column":8},"end":{"line":110,"column":31}},{"start":{"line":111,"column":9},"end":{"line":111,"column":28}},{"start":{"line":111,"column":32},"end":{"line":111,"column":72}}],"line":110},"14":{"loc":{"start":{"line":132,"column":2},"end":{"line":136,"column":3}},"type":"if","locations":[{"start":{"line":132,"column":2},"end":{"line":136,"column":3}},{"start":{"line":132,"column":2},"end":{"line":136,"column":3}}],"line":132}},"s":{"0":0,"1":0,"2":0,"3":0,"4":0,"5":0,"6":0,"7":0,"8":0,"9":0,"10":0,"11":0,"12":0,"13":0,"14":0,"15":0,"16":0,"17":0,"18":0,"19":0,"20":0,"21":0,"22":0,"23":0,"24":0,"25":0,"26":0,"27":0,"28":0,"29":0,"30":0,"31":0,"32":0,"33":0,"34":0,"35":0,"36":0,"37":0},"f":{"0":0,"1":0,"2":0,"3":0,"4":0,"5":0,"6":0,"7":0,"8":0,"9":0,"10":0,"11":0,"12":0,"13":0,"14":0},"b":{"0":[0,0,0],"1":[0,0],"2":[0,0],"3":[0,0],"4":[0,0],"5":[0,0],"6":[0,0],"7":[0,0],"8":[0,0],"9":[0,0],"10":[0,0],"11":[0,0],"12":[0,0],"13":[0,0,0],"14":[0,0]},"hash":"5b40e7a1cbad6d6bdf2dc3daba57ab6713d8d557"}
,"/home/rakesh/Documents/reactjs_coverage/TodayFundoo/src/Reminder/ComponentOfReminder/DisplayingReminderCard.js": {"path":"/home/rakesh/Documents/reactjs_coverage/TodayFundoo/src/Reminder/ComponentOfReminder/DisplayingReminderCard.js","statementMap":{"0":{"start":{"line":22,"column":14},"end":{"line":24,"column":2}},"1":{"start":{"line":26,"column":15},"end":{"line":90,"column":1}},"2":{"start":{"line":94,"column":8},"end":{"line":94,"column":20}},"3":{"start":{"line":95,"column":8},"end":{"line":98,"column":13}},"4":{"start":{"line":102,"column":8},"end":{"line":108,"column":10}},"5":{"start":{"line":103,"column":12},"end":{"line":107,"column":14}},"6":{"start":{"line":106,"column":16},"end":{"line":106,"column":82}},"7":{"start":{"line":112,"column":28},"end":{"line":112,"column":38}},"8":{"start":{"line":113,"column":8},"end":{"line":205,"column":9}},"9":{"start":{"line":116,"column":20},"end":{"line":202,"column":26}},"10":{"start":{"line":130,"column":63},"end":{"line":130,"column":119}},"11":{"start":{"line":136,"column":63},"end":{"line":136,"column":118}},"12":{"start":{"line":178,"column":44},"end":{"line":178,"column":123}},"13":{"start":{"line":190,"column":88},"end":{"line":190,"column":141}}},"fnMap":{"0":{"name":"(anonymous_0)","decl":{"start":{"line":93,"column":4},"end":{"line":93,"column":5}},"loc":{"start":{"line":93,"column":23},"end":{"line":99,"column":5}},"line":93},"1":{"name":"(anonymous_1)","decl":{"start":{"line":101,"column":4},"end":{"line":101,"column":5}},"loc":{"start":{"line":101,"column":24},"end":{"line":109,"column":5}},"line":101},"2":{"name":"(anonymous_2)","decl":{"start":{"line":102,"column":18},"end":{"line":102,"column":19}},"loc":{"start":{"line":102,"column":30},"end":{"line":108,"column":9}},"line":102},"3":{"name":"(anonymous_3)","decl":{"start":{"line":105,"column":15},"end":{"line":105,"column":16}},"loc":{"start":{"line":105,"column":21},"end":{"line":107,"column":13}},"line":105},"4":{"name":"(anonymous_4)","decl":{"start":{"line":111,"column":4},"end":{"line":111,"column":5}},"loc":{"start":{"line":111,"column":13},"end":{"line":206,"column":5}},"line":111},"5":{"name":"(anonymous_5)","decl":{"start":{"line":115,"column":17},"end":{"line":115,"column":18}},"loc":{"start":{"line":116,"column":20},"end":{"line":202,"column":26}},"line":116},"6":{"name":"(anonymous_6)","decl":{"start":{"line":130,"column":57},"end":{"line":130,"column":58}},"loc":{"start":{"line":130,"column":63},"end":{"line":130,"column":119}},"line":130},"7":{"name":"(anonymous_7)","decl":{"start":{"line":136,"column":57},"end":{"line":136,"column":58}},"loc":{"start":{"line":136,"column":63},"end":{"line":136,"column":118}},"line":136},"8":{"name":"(anonymous_8)","decl":{"start":{"line":176,"column":99},"end":{"line":176,"column":100}},"loc":{"start":{"line":178,"column":44},"end":{"line":178,"column":123}},"line":178},"9":{"name":"(anonymous_9)","decl":{"start":{"line":190,"column":82},"end":{"line":190,"column":83}},"loc":{"start":{"line":190,"column":88},"end":{"line":190,"column":141}},"line":190}},"branchMap":{"0":{"loc":{"start":{"line":118,"column":42},"end":{"line":118,"column":112}},"type":"cond-expr","locations":[{"start":{"line":118,"column":77},"end":{"line":118,"column":91}},{"start":{"line":118,"column":94},"end":{"line":118,"column":112}}],"line":118},"1":{"loc":{"start":{"line":119,"column":63},"end":{"line":119,"column":129}},"type":"cond-expr","locations":[{"start":{"line":119,"column":98},"end":{"line":119,"column":110}},{"start":{"line":119,"column":113},"end":{"line":119,"column":129}}],"line":119},"2":{"loc":{"start":{"line":127,"column":40},"end":{"line":141,"column":57}},"type":"cond-expr","locations":[{"start":{"line":129,"column":44},"end":{"line":133,"column":46}},{"start":{"line":135,"column":44},"end":{"line":141,"column":57}}],"line":127},"3":{"loc":{"start":{"line":145,"column":63},"end":{"line":145,"column":129}},"type":"cond-expr","locations":[{"start":{"line":145,"column":98},"end":{"line":145,"column":110}},{"start":{"line":145,"column":113},"end":{"line":145,"column":129}}],"line":145},"4":{"loc":{"start":{"line":151,"column":46},"end":{"line":151,"column":112}},"type":"cond-expr","locations":[{"start":{"line":151,"column":81},"end":{"line":151,"column":93}},{"start":{"line":151,"column":96},"end":{"line":151,"column":112}}],"line":151},"5":{"loc":{"start":{"line":154,"column":37},"end":{"line":163,"column":47}},"type":"cond-expr","locations":[{"start":{"line":156,"column":40},"end":{"line":156,"column":42}},{"start":{"line":158,"column":40},"end":{"line":163,"column":47}}],"line":154},"6":{"loc":{"start":{"line":169,"column":46},"end":{"line":169,"column":112}},"type":"cond-expr","locations":[{"start":{"line":169,"column":81},"end":{"line":169,"column":93}},{"start":{"line":169,"column":96},"end":{"line":169,"column":112}}],"line":169},"7":{"loc":{"start":{"line":172,"column":37},"end":{"line":179,"column":42}},"type":"cond-expr","locations":[{"start":{"line":174,"column":40},"end":{"line":174,"column":42}},{"start":{"line":176,"column":40},"end":{"line":179,"column":42}}],"line":172},"8":{"loc":{"start":{"line":184,"column":63},"end":{"line":184,"column":129}},"type":"cond-expr","locations":[{"start":{"line":184,"column":98},"end":{"line":184,"column":110}},{"start":{"line":184,"column":113},"end":{"line":184,"column":129}}],"line":184}},"s":{"0":1,"1":1,"2":0,"3":0,"4":0,"5":0,"6":0,"7":0,"8":0,"9":0,"10":0,"11":0,"12":0,"13":0},"f":{"0":0,"1":0,"2":0,"3":0,"4":0,"5":0,"6":0,"7":0,"8":0,"9":0},"b":{"0":[0,0],"1":[0,0],"2":[0,0],"3":[0,0],"4":[0,0],"5":[0,0],"6":[0,0],"7":[0,0],"8":[0,0]},"_coverageSchema":"43e27e138ebf9cfc5966b082cf9a028302ed4184","hash":"e9d80d3b2ba328255813be3adb3cd0e277c530c5"}
,"/home/rakesh/Documents/reactjs_coverage/TodayFundoo/src/Reminder/ComponentOfReminder/ReminderDataFetching.js": {"path":"/home/rakesh/Documents/reactjs_coverage/TodayFundoo/src/Reminder/ComponentOfReminder/ReminderDataFetching.js","statementMap":{"0":{"start":{"line":13,"column":12},"end":{"line":19,"column":5}},"1":{"start":{"line":21,"column":28},"end":{"line":25,"column":5}},"2":{"start":{"line":22,"column":18},"end":{"line":22,"column":35}},"3":{"start":{"line":23,"column":8},"end":{"line":23,"column":31}},"4":{"start":{"line":24,"column":8},"end":{"line":24,"column":31}},"5":{"start":{"line":27,"column":26},"end":{"line":31,"column":5}},"6":{"start":{"line":28,"column":18},"end":{"line":28,"column":35}},"7":{"start":{"line":29,"column":8},"end":{"line":29,"column":29}},"8":{"start":{"line":30,"column":8},"end":{"line":30,"column":31}},"9":{"start":{"line":33,"column":30},"end":{"line":37,"column":5}},"10":{"start":{"line":34,"column":18},"end":{"line":34,"column":35}},"11":{"start":{"line":35,"column":8},"end":{"line":35,"column":33}},"12":{"start":{"line":36,"column":8},"end":{"line":36,"column":31}},"13":{"start":{"line":39,"column":17},"end":{"line":46,"column":5}},"14":{"start":{"line":40,"column":22},"end":{"line":44,"column":9}},"15":{"start":{"line":45,"column":8},"end":{"line":45,"column":23}},"16":{"start":{"line":49,"column":8},"end":{"line":55,"column":10}},"17":{"start":{"line":50,"column":12},"end":{"line":54,"column":14}},"18":{"start":{"line":53,"column":16},"end":{"line":53,"column":62}},"19":{"start":{"line":61,"column":8},"end":{"line":61,"column":65}},"20":{"start":{"line":62,"column":8},"end":{"line":95,"column":9}},"21":{"start":{"line":81,"column":28},"end":{"line":90,"column":30}},"22":{"start":{"line":99,"column":24},"end":{"line":103,"column":1}},"23":{"start":{"line":100,"column":4},"end":{"line":102,"column":5}},"24":{"start":{"line":105,"column":27},"end":{"line":109,"column":1}},"25":{"start":{"line":106,"column":4},"end":{"line":108,"column":5}},"26":{"start":{"line":107,"column":32},"end":{"line":107,"column":60}}},"fnMap":{"0":{"name":"(anonymous_0)","decl":{"start":{"line":21,"column":28},"end":{"line":21,"column":29}},"loc":{"start":{"line":21,"column":40},"end":{"line":25,"column":5}},"line":21},"1":{"name":"(anonymous_1)","decl":{"start":{"line":27,"column":26},"end":{"line":27,"column":27}},"loc":{"start":{"line":27,"column":44},"end":{"line":31,"column":5}},"line":27},"2":{"name":"(anonymous_2)","decl":{"start":{"line":33,"column":30},"end":{"line":33,"column":31}},"loc":{"start":{"line":33,"column":42},"end":{"line":37,"column":5}},"line":33},"3":{"name":"(anonymous_3)","decl":{"start":{"line":39,"column":17},"end":{"line":39,"column":18}},"loc":{"start":{"line":39,"column":23},"end":{"line":46,"column":5}},"line":39},"4":{"name":"(anonymous_4)","decl":{"start":{"line":48,"column":4},"end":{"line":48,"column":5}},"loc":{"start":{"line":48,"column":24},"end":{"line":56,"column":5}},"line":48},"5":{"name":"(anonymous_5)","decl":{"start":{"line":49,"column":17},"end":{"line":49,"column":18}},"loc":{"start":{"line":49,"column":28},"end":{"line":55,"column":9}},"line":49},"6":{"name":"(anonymous_6)","decl":{"start":{"line":52,"column":15},"end":{"line":52,"column":16}},"loc":{"start":{"line":52,"column":21},"end":{"line":54,"column":13}},"line":52},"7":{"name":"(anonymous_7)","decl":{"start":{"line":60,"column":4},"end":{"line":60,"column":5}},"loc":{"start":{"line":60,"column":13},"end":{"line":96,"column":5}},"line":60},"8":{"name":"(anonymous_8)","decl":{"start":{"line":80,"column":73},"end":{"line":80,"column":74}},"loc":{"start":{"line":81,"column":28},"end":{"line":90,"column":30}},"line":81},"9":{"name":"(anonymous_9)","decl":{"start":{"line":99,"column":24},"end":{"line":99,"column":25}},"loc":{"start":{"line":99,"column":33},"end":{"line":103,"column":1}},"line":99},"10":{"name":"(anonymous_10)","decl":{"start":{"line":105,"column":27},"end":{"line":105,"column":28}},"loc":{"start":{"line":105,"column":39},"end":{"line":109,"column":1}},"line":105},"11":{"name":"(anonymous_11)","decl":{"start":{"line":107,"column":26},"end":{"line":107,"column":27}},"loc":{"start":{"line":107,"column":32},"end":{"line":107,"column":60}},"line":107}},"branchMap":{"0":{"loc":{"start":{"line":69,"column":32},"end":{"line":69,"column":77}},"type":"cond-expr","locations":[{"start":{"line":69,"column":64},"end":{"line":69,"column":66}},{"start":{"line":69,"column":69},"end":{"line":69,"column":77}}],"line":69},"1":{"loc":{"start":{"line":72,"column":35},"end":{"line":72,"column":83}},"type":"cond-expr","locations":[{"start":{"line":72,"column":67},"end":{"line":72,"column":72}},{"start":{"line":72,"column":75},"end":{"line":72,"column":83}}],"line":72},"2":{"loc":{"start":{"line":78,"column":21},"end":{"line":91,"column":26}},"type":"binary-expr","locations":[{"start":{"line":78,"column":21},"end":{"line":78,"column":46}},{"start":{"line":79,"column":24},"end":{"line":79,"column":52}},{"start":{"line":80,"column":24},"end":{"line":91,"column":26}}],"line":78},"3":{"loc":{"start":{"line":81,"column":28},"end":{"line":90,"column":30}},"type":"binary-expr","locations":[{"start":{"line":81,"column":28},"end":{"line":81,"column":73}},{"start":{"line":82,"column":28},"end":{"line":82,"column":71}},{"start":{"line":83,"column":28},"end":{"line":90,"column":30}}],"line":81}},"s":{"0":0,"1":0,"2":0,"3":0,"4":0,"5":0,"6":0,"7":0,"8":0,"9":0,"10":0,"11":0,"12":0,"13":0,"14":0,"15":0,"16":0,"17":0,"18":0,"19":0,"20":0,"21":0,"22":1,"23":0,"24":1,"25":0,"26":0},"f":{"0":0,"1":0,"2":0,"3":0,"4":0,"5":0,"6":0,"7":0,"8":0,"9":0,"10":0,"11":0},"b":{"0":[0,0],"1":[0,0],"2":[0,0,0],"3":[0,0,0]},"_coverageSchema":"43e27e138ebf9cfc5966b082cf9a028302ed4184","hash":"e037d1ff8513de16c75903f206e46ea4596218b7"}
,"/home/rakesh/Documents/reactjs_coverage/TodayFundoo/src/Reminder/ReminderPages/DateTimePicker.js": {"path":"/home/rakesh/Documents/reactjs_coverage/TodayFundoo/src/Reminder/ReminderPages/DateTimePicker.js","statementMap":{"0":{"start":{"line":22,"column":8},"end":{"line":22,"column":20}},"1":{"start":{"line":23,"column":8},"end":{"line":27,"column":13}},"2":{"start":{"line":28,"column":8},"end":{"line":28,"column":45}},"3":{"start":{"line":32,"column":8},"end":{"line":112,"column":14}},"4":{"start":{"line":47,"column":35},"end":{"line":47,"column":102}},"5":{"start":{"line":59,"column":35},"end":{"line":59,"column":102}},"6":{"start":{"line":83,"column":62},"end":{"line":83,"column":107}},"7":{"start":{"line":97,"column":62},"end":{"line":97,"column":107}},"8":{"start":{"line":103,"column":83},"end":{"line":103,"column":166}}},"fnMap":{"0":{"name":"(anonymous_0)","decl":{"start":{"line":21,"column":4},"end":{"line":21,"column":5}},"loc":{"start":{"line":21,"column":23},"end":{"line":29,"column":5}},"line":21},"1":{"name":"(anonymous_1)","decl":{"start":{"line":31,"column":4},"end":{"line":31,"column":5}},"loc":{"start":{"line":31,"column":13},"end":{"line":113,"column":9}},"line":31},"2":{"name":"(anonymous_2)","decl":{"start":{"line":47,"column":29},"end":{"line":47,"column":30}},"loc":{"start":{"line":47,"column":35},"end":{"line":47,"column":102}},"line":47},"3":{"name":"(anonymous_3)","decl":{"start":{"line":59,"column":29},"end":{"line":59,"column":30}},"loc":{"start":{"line":59,"column":35},"end":{"line":59,"column":102}},"line":59},"4":{"name":"(anonymous_4)","decl":{"start":{"line":83,"column":46},"end":{"line":83,"column":47}},"loc":{"start":{"line":83,"column":62},"end":{"line":83,"column":107}},"line":83},"5":{"name":"(anonymous_5)","decl":{"start":{"line":97,"column":46},"end":{"line":97,"column":47}},"loc":{"start":{"line":97,"column":62},"end":{"line":97,"column":107}},"line":97},"6":{"name":"(anonymous_6)","decl":{"start":{"line":103,"column":77},"end":{"line":103,"column":78}},"loc":{"start":{"line":103,"column":83},"end":{"line":103,"column":166}},"line":103}},"branchMap":{},"s":{"0":0,"1":0,"2":0,"3":0,"4":0,"5":0,"6":0,"7":0,"8":0},"f":{"0":0,"1":0,"2":0,"3":0,"4":0,"5":0,"6":0},"b":{},"_coverageSchema":"43e27e138ebf9cfc5966b082cf9a028302ed4184","hash":"b5a0a58ad0e93238b1bf4f8f5b9e02eb45658b77"}
,"/home/rakesh/Documents/reactjs_coverage/TodayFundoo/src/Reminder/ReminderPages/ReminderPreSelection.js": {"path":"/home/rakesh/Documents/reactjs_coverage/TodayFundoo/src/Reminder/ReminderPages/ReminderPreSelection.js","statementMap":{"0":{"start":{"line":14,"column":14},"end":{"line":16,"column":2}},"1":{"start":{"line":18,"column":15},"end":{"line":31,"column":1}},"2":{"start":{"line":35,"column":8},"end":{"line":35,"column":20}},"3":{"start":{"line":36,"column":8},"end":{"line":41,"column":13}},"4":{"start":{"line":42,"column":8},"end":{"line":42,"column":42}},"5":{"start":{"line":46,"column":28},"end":{"line":46,"column":38}},"6":{"start":{"line":47,"column":8},"end":{"line":92,"column":10}},"7":{"start":{"line":52,"column":35},"end":{"line":52,"column":86}},"8":{"start":{"line":60,"column":35},"end":{"line":60,"column":86}},"9":{"start":{"line":76,"column":57},"end":{"line":76,"column":85}}},"fnMap":{"0":{"name":"(anonymous_0)","decl":{"start":{"line":34,"column":4},"end":{"line":34,"column":5}},"loc":{"start":{"line":34,"column":23},"end":{"line":43,"column":5}},"line":34},"1":{"name":"(anonymous_1)","decl":{"start":{"line":45,"column":4},"end":{"line":45,"column":5}},"loc":{"start":{"line":45,"column":13},"end":{"line":93,"column":5}},"line":45},"2":{"name":"(anonymous_2)","decl":{"start":{"line":52,"column":29},"end":{"line":52,"column":30}},"loc":{"start":{"line":52,"column":35},"end":{"line":52,"column":86}},"line":52},"3":{"name":"(anonymous_3)","decl":{"start":{"line":60,"column":29},"end":{"line":60,"column":30}},"loc":{"start":{"line":60,"column":35},"end":{"line":60,"column":86}},"line":60},"4":{"name":"(anonymous_4)","decl":{"start":{"line":76,"column":49},"end":{"line":76,"column":50}},"loc":{"start":{"line":76,"column":55},"end":{"line":76,"column":87}},"line":76}},"branchMap":{},"s":{"0":1,"1":1,"2":0,"3":0,"4":0,"5":0,"6":0,"7":0,"8":0,"9":0},"f":{"0":0,"1":0,"2":0,"3":0,"4":0},"b":{},"_coverageSchema":"43e27e138ebf9cfc5966b082cf9a028302ed4184","hash":"4cbbc8b486a4928a96c95ecb53f3b121cc5eeeb8"}
,"/home/rakesh/Documents/reactjs_coverage/TodayFundoo/src/components/Archive.jsx": {"path":"/home/rakesh/Documents/reactjs_coverage/TodayFundoo/src/components/Archive.jsx","statementMap":{"0":{"start":{"line":9,"column":8},"end":{"line":9,"column":20}},"1":{"start":{"line":10,"column":8},"end":{"line":15,"column":9}},"2":{"start":{"line":18,"column":31},"end":{"line":22,"column":5}},"3":{"start":{"line":19,"column":18},"end":{"line":19,"column":35}},"4":{"start":{"line":20,"column":8},"end":{"line":20,"column":34}},"5":{"start":{"line":21,"column":8},"end":{"line":21,"column":32}},"6":{"start":{"line":24,"column":28},"end":{"line":28,"column":5}},"7":{"start":{"line":25,"column":18},"end":{"line":25,"column":35}},"8":{"start":{"line":26,"column":8},"end":{"line":26,"column":31}},"9":{"start":{"line":27,"column":8},"end":{"line":27,"column":31}},"10":{"start":{"line":30,"column":17},"end":{"line":37,"column":5}},"11":{"start":{"line":31,"column":22},"end":{"line":35,"column":9}},"12":{"start":{"line":36,"column":8},"end":{"line":36,"column":23}},"13":{"start":{"line":40,"column":8},"end":{"line":45,"column":10}},"14":{"start":{"line":41,"column":12},"end":{"line":44,"column":14}},"15":{"start":{"line":43,"column":19},"end":{"line":43,"column":64}},"16":{"start":{"line":49,"column":8},"end":{"line":49,"column":64}},"17":{"start":{"line":50,"column":8},"end":{"line":80,"column":9}},"18":{"start":{"line":67,"column":16},"end":{"line":76,"column":22}},"19":{"start":{"line":84,"column":24},"end":{"line":88,"column":1}},"20":{"start":{"line":85,"column":4},"end":{"line":87,"column":5}},"21":{"start":{"line":90,"column":27},"end":{"line":94,"column":1}},"22":{"start":{"line":91,"column":4},"end":{"line":93,"column":5}},"23":{"start":{"line":92,"column":32},"end":{"line":92,"column":60}}},"fnMap":{"0":{"name":"(anonymous_0)","decl":{"start":{"line":8,"column":4},"end":{"line":8,"column":5}},"loc":{"start":{"line":8,"column":22},"end":{"line":16,"column":5}},"line":8},"1":{"name":"(anonymous_1)","decl":{"start":{"line":18,"column":31},"end":{"line":18,"column":32}},"loc":{"start":{"line":18,"column":43},"end":{"line":22,"column":5}},"line":18},"2":{"name":"(anonymous_2)","decl":{"start":{"line":24,"column":28},"end":{"line":24,"column":29}},"loc":{"start":{"line":24,"column":40},"end":{"line":28,"column":5}},"line":24},"3":{"name":"(anonymous_3)","decl":{"start":{"line":30,"column":17},"end":{"line":30,"column":18}},"loc":{"start":{"line":30,"column":23},"end":{"line":37,"column":5}},"line":30},"4":{"name":"(anonymous_4)","decl":{"start":{"line":39,"column":4},"end":{"line":39,"column":5}},"loc":{"start":{"line":39,"column":23},"end":{"line":46,"column":5}},"line":39},"5":{"name":"(anonymous_5)","decl":{"start":{"line":40,"column":17},"end":{"line":40,"column":18}},"loc":{"start":{"line":40,"column":26},"end":{"line":45,"column":9}},"line":40},"6":{"name":"(anonymous_6)","decl":{"start":{"line":43,"column":14},"end":{"line":43,"column":15}},"loc":{"start":{"line":43,"column":18},"end":{"line":44,"column":13}},"line":43},"7":{"name":"(anonymous_7)","decl":{"start":{"line":48,"column":4},"end":{"line":48,"column":5}},"loc":{"start":{"line":48,"column":12},"end":{"line":81,"column":5}},"line":48},"8":{"name":"(anonymous_8)","decl":{"start":{"line":66,"column":65},"end":{"line":66,"column":66}},"loc":{"start":{"line":67,"column":16},"end":{"line":76,"column":22}},"line":67},"9":{"name":"(anonymous_9)","decl":{"start":{"line":84,"column":24},"end":{"line":84,"column":25}},"loc":{"start":{"line":84,"column":33},"end":{"line":88,"column":1}},"line":84},"10":{"name":"(anonymous_10)","decl":{"start":{"line":90,"column":27},"end":{"line":90,"column":28}},"loc":{"start":{"line":90,"column":39},"end":{"line":94,"column":1}},"line":90},"11":{"name":"(anonymous_11)","decl":{"start":{"line":92,"column":26},"end":{"line":92,"column":27}},"loc":{"start":{"line":92,"column":32},"end":{"line":92,"column":60}},"line":92}},"branchMap":{"0":{"loc":{"start":{"line":54,"column":32},"end":{"line":54,"column":77}},"type":"cond-expr","locations":[{"start":{"line":54,"column":64},"end":{"line":54,"column":66}},{"start":{"line":54,"column":69},"end":{"line":54,"column":77}}],"line":54},"1":{"loc":{"start":{"line":57,"column":35},"end":{"line":57,"column":83}},"type":"cond-expr","locations":[{"start":{"line":57,"column":67},"end":{"line":57,"column":72}},{"start":{"line":57,"column":75},"end":{"line":57,"column":83}}],"line":57},"2":{"loc":{"start":{"line":65,"column":16},"end":{"line":77,"column":18}},"type":"binary-expr","locations":[{"start":{"line":65,"column":16},"end":{"line":65,"column":41}},{"start":{"line":66,"column":16},"end":{"line":77,"column":18}}],"line":65},"3":{"loc":{"start":{"line":67,"column":16},"end":{"line":76,"column":22}},"type":"binary-expr","locations":[{"start":{"line":67,"column":16},"end":{"line":67,"column":60}},{"start":{"line":68,"column":16},"end":{"line":68,"column":59}},{"start":{"line":69,"column":20},"end":{"line":76,"column":22}}],"line":67}},"s":{"0":0,"1":0,"2":0,"3":0,"4":0,"5":0,"6":0,"7":0,"8":0,"9":0,"10":0,"11":0,"12":0,"13":0,"14":0,"15":0,"16":0,"17":0,"18":0,"19":1,"20":0,"21":1,"22":0,"23":0},"f":{"0":0,"1":0,"2":0,"3":0,"4":0,"5":0,"6":0,"7":0,"8":0,"9":0,"10":0,"11":0},"b":{"0":[0,0],"1":[0,0],"2":[0,0],"3":[0,0,0]},"_coverageSchema":"43e27e138ebf9cfc5966b082cf9a028302ed4184","hash":"66348395b15c2b16e12b50b7ddca91777d4d074a"}
,"/home/rakesh/Documents/reactjs_coverage/TodayFundoo/src/components/Archivenotes.js": {"path":"/home/rakesh/Documents/reactjs_coverage/TodayFundoo/src/components/Archivenotes.js","statementMap":{"0":{"start":{"line":16,"column":14},"end":{"line":18,"column":2}},"1":{"start":{"line":20,"column":15},"end":{"line":81,"column":1}},"2":{"start":{"line":85,"column":26},"end":{"line":85,"column":36}},"3":{"start":{"line":86,"column":8},"end":{"line":116,"column":9}},"4":{"start":{"line":108,"column":80},"end":{"line":108,"column":132}}},"fnMap":{"0":{"name":"(anonymous_0)","decl":{"start":{"line":84,"column":4},"end":{"line":84,"column":5}},"loc":{"start":{"line":84,"column":12},"end":{"line":117,"column":5}},"line":84},"1":{"name":"(anonymous_1)","decl":{"start":{"line":108,"column":74},"end":{"line":108,"column":75}},"loc":{"start":{"line":108,"column":80},"end":{"line":108,"column":132}},"line":108}},"branchMap":{"0":{"loc":{"start":{"line":88,"column":34},"end":{"line":88,"column":104}},"type":"cond-expr","locations":[{"start":{"line":88,"column":69},"end":{"line":88,"column":83}},{"start":{"line":88,"column":86},"end":{"line":88,"column":104}}],"line":88},"1":{"loc":{"start":{"line":89,"column":55},"end":{"line":89,"column":121}},"type":"cond-expr","locations":[{"start":{"line":89,"column":90},"end":{"line":89,"column":102}},{"start":{"line":89,"column":105},"end":{"line":89,"column":121}}],"line":89},"2":{"loc":{"start":{"line":96,"column":55},"end":{"line":96,"column":121}},"type":"cond-expr","locations":[{"start":{"line":96,"column":90},"end":{"line":96,"column":102}},{"start":{"line":96,"column":105},"end":{"line":96,"column":121}}],"line":96},"3":{"loc":{"start":{"line":102,"column":55},"end":{"line":102,"column":121}},"type":"cond-expr","locations":[{"start":{"line":102,"column":90},"end":{"line":102,"column":102}},{"start":{"line":102,"column":105},"end":{"line":102,"column":121}}],"line":102}},"s":{"0":1,"1":1,"2":0,"3":0,"4":0},"f":{"0":0,"1":0},"b":{"0":[0,0],"1":[0,0],"2":[0,0],"3":[0,0]},"_coverageSchema":"43e27e138ebf9cfc5966b082cf9a028302ed4184","hash":"148c0e53b05e065dfaa18d12655541fe9493c13a"}
,"/home/rakesh/Documents/reactjs_coverage/TodayFundoo/src/components/Board.js": {"path":"/home/rakesh/Documents/reactjs_coverage/TodayFundoo/src/components/Board.js","statementMap":{"0":{"start":{"line":14,"column":14},"end":{"line":16,"column":2}},"1":{"start":{"line":18,"column":15},"end":{"line":61,"column":1}},"2":{"start":{"line":64,"column":12},"end":{"line":70,"column":5}},"3":{"start":{"line":72,"column":25},"end":{"line":72,"column":42}},"4":{"start":{"line":73,"column":27},"end":{"line":73,"column":44}},"5":{"start":{"line":75,"column":20},"end":{"line":90,"column":5}},"6":{"start":{"line":76,"column":8},"end":{"line":76,"column":26}},"7":{"start":{"line":77,"column":22},"end":{"line":84,"column":9}},"8":{"start":{"line":85,"column":8},"end":{"line":87,"column":9}},"9":{"start":{"line":86,"column":12},"end":{"line":86,"column":44}},"10":{"start":{"line":88,"column":8},"end":{"line":88,"column":50}},"11":{"start":{"line":89,"column":8},"end":{"line":89,"column":52}},"12":{"start":{"line":93,"column":28},"end":{"line":93,"column":38}},"13":{"start":{"line":94,"column":8},"end":{"line":127,"column":10}}},"fnMap":{"0":{"name":"(anonymous_0)","decl":{"start":{"line":75,"column":20},"end":{"line":75,"column":21}},"loc":{"start":{"line":75,"column":27},"end":{"line":90,"column":5}},"line":75},"1":{"name":"(anonymous_1)","decl":{"start":{"line":92,"column":4},"end":{"line":92,"column":5}},"loc":{"start":{"line":92,"column":13},"end":{"line":128,"column":5}},"line":92}},"branchMap":{"0":{"loc":{"start":{"line":85,"column":8},"end":{"line":87,"column":9}},"type":"if","locations":[{"start":{"line":85,"column":8},"end":{"line":87,"column":9}},{"start":{"line":85,"column":8},"end":{"line":87,"column":9}}],"line":85}},"s":{"0":1,"1":1,"2":0,"3":0,"4":0,"5":0,"6":0,"7":0,"8":0,"9":0,"10":0,"11":0,"12":0,"13":0},"f":{"0":0,"1":0},"b":{"0":[0,0]},"_coverageSchema":"43e27e138ebf9cfc5966b082cf9a028302ed4184","hash":"c9ac0610295becc7b96ec5d43e09d0fcd86b57b0"}
,"/home/rakesh/Documents/reactjs_coverage/TodayFundoo/src/components/CustomizedDrawer.js": {"path":"/home/rakesh/Documents/reactjs_coverage/TodayFundoo/src/components/CustomizedDrawer.js","statementMap":{"0":{"start":{"line":24,"column":20},"end":{"line":24,"column":27}},"1":{"start":{"line":26,"column":14},"end":{"line":28,"column":2}},"2":{"start":{"line":30,"column":15},"end":{"line":35,"column":1}},"3":{"start":{"line":37,"column":21},"end":{"line":45,"column":9}},"4":{"start":{"line":49,"column":8},"end":{"line":49,"column":20}},"5":{"start":{"line":50,"column":8},"end":{"line":55,"column":13}},"6":{"start":{"line":56,"column":8},"end":{"line":56,"column":43}},"7":{"start":{"line":60,"column":8},"end":{"line":66,"column":10}},"8":{"start":{"line":61,"column":12},"end":{"line":65,"column":14}},"9":{"start":{"line":64,"column":16},"end":{"line":64,"column":91}},"10":{"start":{"line":70,"column":26},"end":{"line":70,"column":36}},"11":{"start":{"line":72,"column":8},"end":{"line":179,"column":10}},"12":{"start":{"line":79,"column":43},"end":{"line":79,"column":92}},"13":{"start":{"line":98,"column":28},"end":{"line":115,"column":39}},"14":{"start":{"line":103,"column":32},"end":{"line":103,"column":68}},"15":{"start":{"line":104,"column":32},"end":{"line":109,"column":33}},"16":{"start":{"line":105,"column":36},"end":{"line":105,"column":108}},"17":{"start":{"line":108,"column":36},"end":{"line":108,"column":97}},"18":{"start":{"line":121,"column":28},"end":{"line":130,"column":39}},"19":{"start":{"line":124,"column":43},"end":{"line":124,"column":81}},"20":{"start":{"line":134,"column":28},"end":{"line":150,"column":39}},"21":{"start":{"line":139,"column":40},"end":{"line":139,"column":96}},"22":{"start":{"line":140,"column":40},"end":{"line":143,"column":42}},"23":{"start":{"line":156,"column":28},"end":{"line":174,"column":39}},"24":{"start":{"line":160,"column":36},"end":{"line":160,"column":74}},"25":{"start":{"line":161,"column":36},"end":{"line":166,"column":37}},"26":{"start":{"line":162,"column":40},"end":{"line":162,"column":100}},"27":{"start":{"line":165,"column":40},"end":{"line":165,"column":98}}},"fnMap":{"0":{"name":"(anonymous_0)","decl":{"start":{"line":48,"column":4},"end":{"line":48,"column":5}},"loc":{"start":{"line":48,"column":23},"end":{"line":57,"column":5}},"line":48},"1":{"name":"(anonymous_1)","decl":{"start":{"line":59,"column":4},"end":{"line":59,"column":5}},"loc":{"start":{"line":59,"column":24},"end":{"line":67,"column":5}},"line":59},"2":{"name":"(anonymous_2)","decl":{"start":{"line":60,"column":18},"end":{"line":60,"column":19}},"loc":{"start":{"line":60,"column":30},"end":{"line":66,"column":9}},"line":60},"3":{"name":"(anonymous_3)","decl":{"start":{"line":63,"column":15},"end":{"line":63,"column":16}},"loc":{"start":{"line":63,"column":21},"end":{"line":65,"column":13}},"line":63},"4":{"name":"(anonymous_4)","decl":{"start":{"line":69,"column":4},"end":{"line":69,"column":5}},"loc":{"start":{"line":69,"column":13},"end":{"line":180,"column":5}},"line":69},"5":{"name":"(anonymous_5)","decl":{"start":{"line":79,"column":37},"end":{"line":79,"column":38}},"loc":{"start":{"line":79,"column":43},"end":{"line":79,"column":92}},"line":79},"6":{"name":"(anonymous_6)","decl":{"start":{"line":97,"column":52},"end":{"line":97,"column":53}},"loc":{"start":{"line":98,"column":28},"end":{"line":115,"column":39}},"line":98},"7":{"name":"(anonymous_7)","decl":{"start":{"line":101,"column":37},"end":{"line":101,"column":38}},"loc":{"start":{"line":101,"column":43},"end":{"line":110,"column":33}},"line":101},"8":{"name":"(anonymous_8)","decl":{"start":{"line":120,"column":45},"end":{"line":120,"column":46}},"loc":{"start":{"line":121,"column":28},"end":{"line":130,"column":39}},"line":121},"9":{"name":"(anonymous_9)","decl":{"start":{"line":124,"column":37},"end":{"line":124,"column":38}},"loc":{"start":{"line":124,"column":43},"end":{"line":124,"column":81}},"line":124},"10":{"name":"(anonymous_10)","decl":{"start":{"line":133,"column":78},"end":{"line":133,"column":79}},"loc":{"start":{"line":134,"column":28},"end":{"line":150,"column":39}},"line":134},"11":{"name":"(anonymous_11)","decl":{"start":{"line":137,"column":45},"end":{"line":137,"column":46}},"loc":{"start":{"line":138,"column":36},"end":{"line":144,"column":37}},"line":138},"12":{"name":"(anonymous_12)","decl":{"start":{"line":155,"column":51},"end":{"line":155,"column":52}},"loc":{"start":{"line":156,"column":28},"end":{"line":174,"column":39}},"line":156},"13":{"name":"(anonymous_13)","decl":{"start":{"line":158,"column":41},"end":{"line":158,"column":42}},"loc":{"start":{"line":158,"column":47},"end":{"line":170,"column":33}},"line":158}},"branchMap":{"0":{"loc":{"start":{"line":104,"column":32},"end":{"line":109,"column":33}},"type":"if","locations":[{"start":{"line":104,"column":32},"end":{"line":109,"column":33}},{"start":{"line":104,"column":32},"end":{"line":109,"column":33}}],"line":104},"1":{"loc":{"start":{"line":111,"column":54},"end":{"line":111,"column":104}},"type":"cond-expr","locations":[{"start":{"line":111,"column":90},"end":{"line":111,"column":99}},{"start":{"line":111,"column":102},"end":{"line":111,"column":104}}],"line":111},"2":{"loc":{"start":{"line":113,"column":48},"end":{"line":113,"column":98}},"type":"cond-expr","locations":[{"start":{"line":113,"column":66},"end":{"line":113,"column":79}},{"start":{"line":113,"column":82},"end":{"line":113,"column":98}}],"line":113},"3":{"loc":{"start":{"line":126,"column":54},"end":{"line":126,"column":104}},"type":"cond-expr","locations":[{"start":{"line":126,"column":90},"end":{"line":126,"column":99}},{"start":{"line":126,"column":102},"end":{"line":126,"column":104}}],"line":126},"4":{"loc":{"start":{"line":132,"column":25},"end":{"line":151,"column":26}},"type":"binary-expr","locations":[{"start":{"line":132,"column":25},"end":{"line":132,"column":51}},{"start":{"line":133,"column":28},"end":{"line":151,"column":26}}],"line":132},"5":{"loc":{"start":{"line":146,"column":62},"end":{"line":146,"column":130}},"type":"cond-expr","locations":[{"start":{"line":146,"column":116},"end":{"line":146,"column":125}},{"start":{"line":146,"column":128},"end":{"line":146,"column":130}}],"line":146},"6":{"loc":{"start":{"line":161,"column":36},"end":{"line":166,"column":37}},"type":"if","locations":[{"start":{"line":161,"column":36},"end":{"line":166,"column":37}},{"start":{"line":161,"column":36},"end":{"line":166,"column":37}}],"line":161},"7":{"loc":{"start":{"line":170,"column":63},"end":{"line":170,"column":113}},"type":"cond-expr","locations":[{"start":{"line":170,"column":99},"end":{"line":170,"column":108}},{"start":{"line":170,"column":111},"end":{"line":170,"column":113}}],"line":170},"8":{"loc":{"start":{"line":172,"column":47},"end":{"line":172,"column":97}},"type":"cond-expr","locations":[{"start":{"line":172,"column":65},"end":{"line":172,"column":80}},{"start":{"line":172,"column":83},"end":{"line":172,"column":97}}],"line":172}},"s":{"0":1,"1":1,"2":1,"3":1,"4":0,"5":0,"6":0,"7":0,"8":0,"9":0,"10":0,"11":0,"12":0,"13":0,"14":0,"15":0,"16":0,"17":0,"18":0,"19":0,"20":0,"21":0,"22":0,"23":0,"24":0,"25":0,"26":0,"27":0},"f":{"0":0,"1":0,"2":0,"3":0,"4":0,"5":0,"6":0,"7":0,"8":0,"9":0,"10":0,"11":0,"12":0,"13":0},"b":{"0":[0,0],"1":[0,0],"2":[0,0],"3":[0,0],"4":[0,0],"5":[0,0],"6":[0,0],"7":[0,0],"8":[0,0]},"_coverageSchema":"43e27e138ebf9cfc5966b082cf9a028302ed4184","hash":"5981b9deb45c0df8fbcd5e5d9414b7e958ff484e"}
,"/home/rakesh/Documents/reactjs_coverage/TodayFundoo/src/components/Dashboard.js": {"path":"/home/rakesh/Documents/reactjs_coverage/TodayFundoo/src/components/Dashboard.js","statementMap":{"0":{"start":{"line":25,"column":14},"end":{"line":27,"column":2}},"1":{"start":{"line":29,"column":15},"end":{"line":124,"column":1}},"2":{"start":{"line":128,"column":26},"end":{"line":128,"column":36}},"3":{"start":{"line":129,"column":8},"end":{"line":129,"column":51}},"4":{"start":{"line":131,"column":8},"end":{"line":189,"column":10}},"5":{"start":{"line":193,"column":24},"end":{"line":197,"column":1}},"6":{"start":{"line":194,"column":4},"end":{"line":196,"column":5}},"7":{"start":{"line":199,"column":27},"end":{"line":203,"column":1}},"8":{"start":{"line":200,"column":4},"end":{"line":202,"column":5}},"9":{"start":{"line":201,"column":32},"end":{"line":201,"column":60}}},"fnMap":{"0":{"name":"(anonymous_0)","decl":{"start":{"line":127,"column":4},"end":{"line":127,"column":5}},"loc":{"start":{"line":127,"column":12},"end":{"line":190,"column":5}},"line":127},"1":{"name":"(anonymous_1)","decl":{"start":{"line":193,"column":24},"end":{"line":193,"column":25}},"loc":{"start":{"line":193,"column":33},"end":{"line":197,"column":1}},"line":193},"2":{"name":"(anonymous_2)","decl":{"start":{"line":199,"column":27},"end":{"line":199,"column":28}},"loc":{"start":{"line":199,"column":39},"end":{"line":203,"column":1}},"line":199},"3":{"name":"(anonymous_3)","decl":{"start":{"line":201,"column":26},"end":{"line":201,"column":27}},"loc":{"start":{"line":201,"column":32},"end":{"line":201,"column":60}},"line":201}},"branchMap":{"0":{"loc":{"start":{"line":170,"column":32},"end":{"line":174,"column":140}},"type":"cond-expr","locations":[{"start":{"line":172,"column":32},"end":{"line":172,"column":138}},{"start":{"line":174,"column":32},"end":{"line":174,"column":140}}],"line":170}},"s":{"0":1,"1":1,"2":0,"3":0,"4":0,"5":1,"6":0,"7":1,"8":0,"9":0},"f":{"0":0,"1":0,"2":0,"3":0},"b":{"0":[0,0]},"_coverageSchema":"43e27e138ebf9cfc5966b082cf9a028302ed4184","hash":"9dfbb5a1a0b7c8d5db94cb0c176fb14c2eda9301"}
,"/home/rakesh/Documents/reactjs_coverage/TodayFundoo/src/components/List.js": {"path":"/home/rakesh/Documents/reactjs_coverage/TodayFundoo/src/components/List.js","statementMap":{"0":{"start":{"line":24,"column":14},"end":{"line":26,"column":2}},"1":{"start":{"line":28,"column":15},"end":{"line":105,"column":1}},"2":{"start":{"line":109,"column":8},"end":{"line":109,"column":20}},"3":{"start":{"line":110,"column":8},"end":{"line":113,"column":13}},"4":{"start":{"line":117,"column":8},"end":{"line":123,"column":10}},"5":{"start":{"line":118,"column":12},"end":{"line":122,"column":14}},"6":{"start":{"line":121,"column":16},"end":{"line":121,"column":82}},"7":{"start":{"line":127,"column":28},"end":{"line":127,"column":38}},"8":{"start":{"line":128,"column":8},"end":{"line":224,"column":9}},"9":{"start":{"line":131,"column":20},"end":{"line":221,"column":26}},"10":{"start":{"line":147,"column":63},"end":{"line":147,"column":119}},"11":{"start":{"line":153,"column":63},"end":{"line":153,"column":118}},"12":{"start":{"line":192,"column":44},"end":{"line":192,"column":123}},"13":{"start":{"line":204,"column":88},"end":{"line":204,"column":141}}},"fnMap":{"0":{"name":"(anonymous_0)","decl":{"start":{"line":108,"column":4},"end":{"line":108,"column":5}},"loc":{"start":{"line":108,"column":23},"end":{"line":114,"column":5}},"line":108},"1":{"name":"(anonymous_1)","decl":{"start":{"line":116,"column":4},"end":{"line":116,"column":5}},"loc":{"start":{"line":116,"column":24},"end":{"line":124,"column":5}},"line":116},"2":{"name":"(anonymous_2)","decl":{"start":{"line":117,"column":18},"end":{"line":117,"column":19}},"loc":{"start":{"line":117,"column":30},"end":{"line":123,"column":9}},"line":117},"3":{"name":"(anonymous_3)","decl":{"start":{"line":120,"column":15},"end":{"line":120,"column":16}},"loc":{"start":{"line":120,"column":21},"end":{"line":122,"column":13}},"line":120},"4":{"name":"(anonymous_4)","decl":{"start":{"line":126,"column":4},"end":{"line":126,"column":5}},"loc":{"start":{"line":126,"column":13},"end":{"line":225,"column":5}},"line":126},"5":{"name":"(anonymous_5)","decl":{"start":{"line":130,"column":17},"end":{"line":130,"column":18}},"loc":{"start":{"line":131,"column":20},"end":{"line":221,"column":26}},"line":131},"6":{"name":"(anonymous_6)","decl":{"start":{"line":147,"column":57},"end":{"line":147,"column":58}},"loc":{"start":{"line":147,"column":63},"end":{"line":147,"column":119}},"line":147},"7":{"name":"(anonymous_7)","decl":{"start":{"line":153,"column":57},"end":{"line":153,"column":58}},"loc":{"start":{"line":153,"column":63},"end":{"line":153,"column":118}},"line":153},"8":{"name":"(anonymous_8)","decl":{"start":{"line":190,"column":99},"end":{"line":190,"column":100}},"loc":{"start":{"line":192,"column":44},"end":{"line":192,"column":123}},"line":192},"9":{"name":"(anonymous_9)","decl":{"start":{"line":204,"column":82},"end":{"line":204,"column":83}},"loc":{"start":{"line":204,"column":88},"end":{"line":204,"column":141}},"line":204}},"branchMap":{"0":{"loc":{"start":{"line":134,"column":39},"end":{"line":134,"column":109}},"type":"cond-expr","locations":[{"start":{"line":134,"column":74},"end":{"line":134,"column":88}},{"start":{"line":134,"column":91},"end":{"line":134,"column":109}}],"line":134},"1":{"loc":{"start":{"line":137,"column":63},"end":{"line":137,"column":129}},"type":"cond-expr","locations":[{"start":{"line":137,"column":98},"end":{"line":137,"column":110}},{"start":{"line":137,"column":113},"end":{"line":137,"column":129}}],"line":137},"2":{"loc":{"start":{"line":144,"column":40},"end":{"line":158,"column":57}},"type":"cond-expr","locations":[{"start":{"line":146,"column":44},"end":{"line":150,"column":46}},{"start":{"line":152,"column":44},"end":{"line":158,"column":57}}],"line":144},"3":{"loc":{"start":{"line":162,"column":63},"end":{"line":162,"column":129}},"type":"cond-expr","locations":[{"start":{"line":162,"column":98},"end":{"line":162,"column":110}},{"start":{"line":162,"column":113},"end":{"line":162,"column":129}}],"line":162},"4":{"loc":{"start":{"line":167,"column":46},"end":{"line":167,"column":112}},"type":"cond-expr","locations":[{"start":{"line":167,"column":81},"end":{"line":167,"column":93}},{"start":{"line":167,"column":96},"end":{"line":167,"column":112}}],"line":167},"5":{"loc":{"start":{"line":169,"column":37},"end":{"line":178,"column":47}},"type":"cond-expr","locations":[{"start":{"line":171,"column":40},"end":{"line":171,"column":42}},{"start":{"line":173,"column":40},"end":{"line":178,"column":47}}],"line":169},"6":{"loc":{"start":{"line":184,"column":46},"end":{"line":184,"column":112}},"type":"cond-expr","locations":[{"start":{"line":184,"column":81},"end":{"line":184,"column":93}},{"start":{"line":184,"column":96},"end":{"line":184,"column":112}}],"line":184},"7":{"loc":{"start":{"line":186,"column":37},"end":{"line":193,"column":42}},"type":"cond-expr","locations":[{"start":{"line":188,"column":40},"end":{"line":188,"column":42}},{"start":{"line":190,"column":40},"end":{"line":193,"column":42}}],"line":186},"8":{"loc":{"start":{"line":198,"column":63},"end":{"line":198,"column":132}},"type":"cond-expr","locations":[{"start":{"line":198,"column":98},"end":{"line":198,"column":110}},{"start":{"line":198,"column":113},"end":{"line":198,"column":132}}],"line":198}},"s":{"0":1,"1":1,"2":0,"3":0,"4":0,"5":0,"6":0,"7":0,"8":0,"9":0,"10":0,"11":0,"12":0,"13":0},"f":{"0":0,"1":0,"2":0,"3":0,"4":0,"5":0,"6":0,"7":0,"8":0,"9":0},"b":{"0":[0,0],"1":[0,0],"2":[0,0],"3":[0,0],"4":[0,0],"5":[0,0],"6":[0,0],"7":[0,0],"8":[0,0]},"_coverageSchema":"43e27e138ebf9cfc5966b082cf9a028302ed4184","hash":"02b7bc51ed427095a7af2f963c4197ae94b36672"}
,"/home/rakesh/Documents/reactjs_coverage/TodayFundoo/src/components/MMainnote.js": {"path":"/home/rakesh/Documents/reactjs_coverage/TodayFundoo/src/components/MMainnote.js","statementMap":{"0":{"start":{"line":15,"column":14},"end":{"line":17,"column":2}},"1":{"start":{"line":19,"column":15},"end":{"line":65,"column":1}},"2":{"start":{"line":70,"column":28},"end":{"line":70,"column":38}},"3":{"start":{"line":72,"column":8},"end":{"line":107,"column":10}}},"fnMap":{"0":{"name":"(anonymous_0)","decl":{"start":{"line":69,"column":4},"end":{"line":69,"column":5}},"loc":{"start":{"line":69,"column":13},"end":{"line":108,"column":5}},"line":69}},"branchMap":{},"s":{"0":1,"1":1,"2":0,"3":0},"f":{"0":0},"b":{},"_coverageSchema":"43e27e138ebf9cfc5966b082cf9a028302ed4184","hash":"6f1a6c9e6894442f1d46603f22e3f9cb54c8fa6c"}
,"/home/rakesh/Documents/reactjs_coverage/TodayFundoo/src/components/OutputMainNote.js": {"path":"/home/rakesh/Documents/reactjs_coverage/TodayFundoo/src/components/OutputMainNote.js","statementMap":{"0":{"start":{"line":9,"column":14},"end":{"line":11,"column":2}},"1":{"start":{"line":13,"column":15},"end":{"line":35,"column":1}},"2":{"start":{"line":39,"column":28},"end":{"line":39,"column":38}},"3":{"start":{"line":40,"column":8},"end":{"line":54,"column":10}}},"fnMap":{"0":{"name":"(anonymous_0)","decl":{"start":{"line":38,"column":4},"end":{"line":38,"column":5}},"loc":{"start":{"line":38,"column":13},"end":{"line":55,"column":5}},"line":38}},"branchMap":{},"s":{"0":0,"1":0,"2":0,"3":0},"f":{"0":0},"b":{},"hash":"ce89b551e64684643455259ae9abf6a5256e51c6"}
,"/home/rakesh/Documents/reactjs_coverage/TodayFundoo/src/components/PopoverPopupState.js": {"path":"/home/rakesh/Documents/reactjs_coverage/TodayFundoo/src/components/PopoverPopupState.js","statementMap":{"0":{"start":{"line":13,"column":14},"end":{"line":15,"column":2}},"1":{"start":{"line":17,"column":15},"end":{"line":26,"column":1}},"2":{"start":{"line":29,"column":23},"end":{"line":41,"column":11}},"3":{"start":{"line":45,"column":8},"end":{"line":45,"column":20}},"4":{"start":{"line":46,"column":8},"end":{"line":50,"column":13}},"5":{"start":{"line":51,"column":8},"end":{"line":51,"column":43}},"6":{"start":{"line":55,"column":24},"end":{"line":55,"column":34}},"7":{"start":{"line":56,"column":8},"end":{"line":108,"column":10}},"8":{"start":{"line":60,"column":20},"end":{"line":105,"column":26}},"9":{"start":{"line":78,"column":69},"end":{"line":78,"column":120}}},"fnMap":{"0":{"name":"(anonymous_0)","decl":{"start":{"line":44,"column":4},"end":{"line":44,"column":5}},"loc":{"start":{"line":44,"column":23},"end":{"line":52,"column":5}},"line":44},"1":{"name":"(anonymous_1)","decl":{"start":{"line":54,"column":4},"end":{"line":54,"column":5}},"loc":{"start":{"line":54,"column":13},"end":{"line":109,"column":5}},"line":54},"2":{"name":"(anonymous_2)","decl":{"start":{"line":59,"column":17},"end":{"line":59,"column":18}},"loc":{"start":{"line":60,"column":20},"end":{"line":105,"column":26}},"line":60},"3":{"name":"(anonymous_3)","decl":{"start":{"line":78,"column":63},"end":{"line":78,"column":64}},"loc":{"start":{"line":78,"column":69},"end":{"line":78,"column":120}},"line":78}},"branchMap":{},"s":{"0":1,"1":1,"2":1,"3":0,"4":0,"5":0,"6":0,"7":0,"8":0,"9":0},"f":{"0":0,"1":0,"2":0,"3":0},"b":{},"_coverageSchema":"43e27e138ebf9cfc5966b082cf9a028302ed4184","hash":"92db887019cf2b35689f864efbbbc9a50d48d44e"}
,"/home/rakesh/Documents/reactjs_coverage/TodayFundoo/src/components/Profile.js": {"path":"/home/rakesh/Documents/reactjs_coverage/TodayFundoo/src/components/Profile.js","statementMap":{"0":{"start":{"line":13,"column":18},"end":{"line":57,"column":3}},"1":{"start":{"line":13,"column":39},"end":{"line":57,"column":1}},"2":{"start":{"line":61,"column":18},"end":{"line":61,"column":29}},"3":{"start":{"line":62,"column":34},"end":{"line":62,"column":54}},"4":{"start":{"line":63,"column":15},"end":{"line":63,"column":56}},"5":{"start":{"line":65,"column":22},"end":{"line":67,"column":3}},"6":{"start":{"line":66,"column":4},"end":{"line":66,"column":37}},"7":{"start":{"line":69,"column":22},"end":{"line":71,"column":3}},"8":{"start":{"line":70,"column":4},"end":{"line":70,"column":22}},"9":{"start":{"line":73,"column":15},"end":{"line":73,"column":32}},"10":{"start":{"line":75,"column":13},"end":{"line":75,"column":48}},"11":{"start":{"line":77,"column":2},"end":{"line":120,"column":4}}},"fnMap":{"0":{"name":"(anonymous_0)","decl":{"start":{"line":13,"column":29},"end":{"line":13,"column":30}},"loc":{"start":{"line":13,"column":39},"end":{"line":57,"column":1}},"line":13},"1":{"name":"SimplePopover","decl":{"start":{"line":59,"column":24},"end":{"line":59,"column":37}},"loc":{"start":{"line":59,"column":40},"end":{"line":121,"column":1}},"line":59},"2":{"name":"(anonymous_2)","decl":{"start":{"line":65,"column":22},"end":{"line":65,"column":23}},"loc":{"start":{"line":65,"column":31},"end":{"line":67,"column":3}},"line":65},"3":{"name":"(anonymous_3)","decl":{"start":{"line":69,"column":22},"end":{"line":69,"column":23}},"loc":{"start":{"line":69,"column":28},"end":{"line":71,"column":3}},"line":69}},"branchMap":{"0":{"loc":{"start":{"line":75,"column":13},"end":{"line":75,"column":48}},"type":"cond-expr","locations":[{"start":{"line":75,"column":20},"end":{"line":75,"column":36}},{"start":{"line":75,"column":39},"end":{"line":75,"column":48}}],"line":75}},"s":{"0":1,"1":0,"2":0,"3":0,"4":0,"5":0,"6":0,"7":0,"8":0,"9":0,"10":0,"11":0},"f":{"0":0,"1":0,"2":0,"3":0},"b":{"0":[0,0]},"_coverageSchema":"43e27e138ebf9cfc5966b082cf9a028302ed4184","hash":"c8b8f4ae84f32a054410898488b591b49df5e8cc"}
,"/home/rakesh/Documents/reactjs_coverage/TodayFundoo/src/components/Settings.js": {"path":"/home/rakesh/Documents/reactjs_coverage/TodayFundoo/src/components/Settings.js","statementMap":{"0":{"start":{"line":13,"column":18},"end":{"line":23,"column":3}},"1":{"start":{"line":13,"column":39},"end":{"line":23,"column":1}},"2":{"start":{"line":25,"column":23},"end":{"line":34,"column":13}},"3":{"start":{"line":25,"column":41},"end":{"line":34,"column":1}},"4":{"start":{"line":37,"column":20},"end":{"line":37,"column":31}},"5":{"start":{"line":39,"column":4},"end":{"line":90,"column":6}},"6":{"start":{"line":43,"column":16},"end":{"line":87,"column":22}}},"fnMap":{"0":{"name":"(anonymous_0)","decl":{"start":{"line":13,"column":29},"end":{"line":13,"column":30}},"loc":{"start":{"line":13,"column":39},"end":{"line":23,"column":1}},"line":13},"1":{"name":"(anonymous_1)","decl":{"start":{"line":25,"column":34},"end":{"line":25,"column":35}},"loc":{"start":{"line":25,"column":41},"end":{"line":34,"column":1}},"line":25},"2":{"name":"SettingPopupState","decl":{"start":{"line":36,"column":24},"end":{"line":36,"column":41}},"loc":{"start":{"line":36,"column":44},"end":{"line":91,"column":1}},"line":36},"3":{"name":"(anonymous_3)","decl":{"start":{"line":42,"column":13},"end":{"line":42,"column":14}},"loc":{"start":{"line":43,"column":16},"end":{"line":87,"column":22}},"line":43}},"branchMap":{},"s":{"0":1,"1":0,"2":1,"3":0,"4":0,"5":0,"6":0},"f":{"0":0,"1":0,"2":0,"3":0},"b":{},"_coverageSchema":"43e27e138ebf9cfc5966b082cf9a028302ed4184","hash":"1f6df40682ab9a8d5950752fb798a73be3a400bb"}
,"/home/rakesh/Documents/reactjs_coverage/TodayFundoo/src/components/StandalonePop.js": {"path":"/home/rakesh/Documents/reactjs_coverage/TodayFundoo/src/components/StandalonePop.js","statementMap":{"0":{"start":{"line":11,"column":14},"end":{"line":13,"column":2}},"1":{"start":{"line":15,"column":15},"end":{"line":46,"column":1}},"2":{"start":{"line":49,"column":8},"end":{"line":49,"column":20}},"3":{"start":{"line":50,"column":8},"end":{"line":53,"column":13}},"4":{"start":{"line":54,"column":8},"end":{"line":54,"column":44}},"5":{"start":{"line":58,"column":28},"end":{"line":58,"column":38}},"6":{"start":{"line":59,"column":21},"end":{"line":59,"column":62}},"7":{"start":{"line":61,"column":8},"end":{"line":105,"column":10}},"8":{"start":{"line":66,"column":39},"end":{"line":66,"column":92}}},"fnMap":{"0":{"name":"(anonymous_0)","decl":{"start":{"line":48,"column":4},"end":{"line":48,"column":5}},"loc":{"start":{"line":48,"column":23},"end":{"line":55,"column":5}},"line":48},"1":{"name":"(anonymous_1)","decl":{"start":{"line":57,"column":4},"end":{"line":57,"column":5}},"loc":{"start":{"line":57,"column":13},"end":{"line":106,"column":5}},"line":57},"2":{"name":"(anonymous_2)","decl":{"start":{"line":66,"column":33},"end":{"line":66,"column":34}},"loc":{"start":{"line":66,"column":39},"end":{"line":66,"column":92}},"line":66}},"branchMap":{},"s":{"0":0,"1":0,"2":0,"3":0,"4":0,"5":0,"6":0,"7":0,"8":0},"f":{"0":0,"1":0,"2":0},"b":{},"hash":"45bd5a2a10fcbbcd9bbfe8c4170d61324511df8f"}
,"/home/rakesh/Documents/reactjs_coverage/TodayFundoo/src/components/Trash.js": {"path":"/home/rakesh/Documents/reactjs_coverage/TodayFundoo/src/components/Trash.js","statementMap":{"0":{"start":{"line":9,"column":8},"end":{"line":9,"column":20}},"1":{"start":{"line":10,"column":8},"end":{"line":15,"column":9}},"2":{"start":{"line":18,"column":29},"end":{"line":22,"column":5}},"3":{"start":{"line":19,"column":18},"end":{"line":19,"column":35}},"4":{"start":{"line":20,"column":8},"end":{"line":20,"column":32}},"5":{"start":{"line":21,"column":8},"end":{"line":21,"column":31}},"6":{"start":{"line":24,"column":17},"end":{"line":31,"column":5}},"7":{"start":{"line":25,"column":22},"end":{"line":29,"column":9}},"8":{"start":{"line":30,"column":8},"end":{"line":30,"column":23}},"9":{"start":{"line":34,"column":8},"end":{"line":40,"column":10}},"10":{"start":{"line":35,"column":12},"end":{"line":39,"column":14}},"11":{"start":{"line":38,"column":16},"end":{"line":38,"column":62}},"12":{"start":{"line":44,"column":8},"end":{"line":72,"column":9}},"13":{"start":{"line":61,"column":20},"end":{"line":68,"column":26}},"14":{"start":{"line":76,"column":24},"end":{"line":80,"column":1}},"15":{"start":{"line":77,"column":4},"end":{"line":79,"column":5}},"16":{"start":{"line":82,"column":27},"end":{"line":86,"column":1}},"17":{"start":{"line":83,"column":4},"end":{"line":85,"column":5}},"18":{"start":{"line":84,"column":32},"end":{"line":84,"column":60}}},"fnMap":{"0":{"name":"(anonymous_0)","decl":{"start":{"line":8,"column":4},"end":{"line":8,"column":5}},"loc":{"start":{"line":8,"column":23},"end":{"line":16,"column":5}},"line":8},"1":{"name":"(anonymous_1)","decl":{"start":{"line":18,"column":29},"end":{"line":18,"column":30}},"loc":{"start":{"line":18,"column":41},"end":{"line":22,"column":5}},"line":18},"2":{"name":"(anonymous_2)","decl":{"start":{"line":24,"column":17},"end":{"line":24,"column":18}},"loc":{"start":{"line":24,"column":23},"end":{"line":31,"column":5}},"line":24},"3":{"name":"(anonymous_3)","decl":{"start":{"line":33,"column":4},"end":{"line":33,"column":5}},"loc":{"start":{"line":33,"column":24},"end":{"line":41,"column":5}},"line":33},"4":{"name":"(anonymous_4)","decl":{"start":{"line":34,"column":17},"end":{"line":34,"column":18}},"loc":{"start":{"line":34,"column":28},"end":{"line":40,"column":9}},"line":34},"5":{"name":"(anonymous_5)","decl":{"start":{"line":37,"column":14},"end":{"line":37,"column":15}},"loc":{"start":{"line":37,"column":20},"end":{"line":39,"column":13}},"line":37},"6":{"name":"(anonymous_6)","decl":{"start":{"line":43,"column":4},"end":{"line":43,"column":5}},"loc":{"start":{"line":43,"column":13},"end":{"line":73,"column":5}},"line":43},"7":{"name":"(anonymous_7)","decl":{"start":{"line":60,"column":69},"end":{"line":60,"column":70}},"loc":{"start":{"line":61,"column":20},"end":{"line":68,"column":26}},"line":61},"8":{"name":"(anonymous_8)","decl":{"start":{"line":76,"column":24},"end":{"line":76,"column":25}},"loc":{"start":{"line":76,"column":33},"end":{"line":80,"column":1}},"line":76},"9":{"name":"(anonymous_9)","decl":{"start":{"line":82,"column":27},"end":{"line":82,"column":28}},"loc":{"start":{"line":82,"column":39},"end":{"line":86,"column":1}},"line":82},"10":{"name":"(anonymous_10)","decl":{"start":{"line":84,"column":26},"end":{"line":84,"column":27}},"loc":{"start":{"line":84,"column":32},"end":{"line":84,"column":60}},"line":84}},"branchMap":{"0":{"loc":{"start":{"line":48,"column":32},"end":{"line":48,"column":77}},"type":"cond-expr","locations":[{"start":{"line":48,"column":64},"end":{"line":48,"column":66}},{"start":{"line":48,"column":69},"end":{"line":48,"column":77}}],"line":48},"1":{"loc":{"start":{"line":51,"column":35},"end":{"line":51,"column":83}},"type":"cond-expr","locations":[{"start":{"line":51,"column":67},"end":{"line":51,"column":72}},{"start":{"line":51,"column":75},"end":{"line":51,"column":83}}],"line":51},"2":{"loc":{"start":{"line":59,"column":20},"end":{"line":69,"column":22}},"type":"binary-expr","locations":[{"start":{"line":59,"column":20},"end":{"line":59,"column":45}},{"start":{"line":60,"column":20},"end":{"line":69,"column":22}}],"line":59},"3":{"loc":{"start":{"line":61,"column":20},"end":{"line":68,"column":26}},"type":"binary-expr","locations":[{"start":{"line":61,"column":20},"end":{"line":61,"column":65}},{"start":{"line":62,"column":20},"end":{"line":62,"column":62}},{"start":{"line":63,"column":24},"end":{"line":68,"column":26}}],"line":61}},"s":{"0":0,"1":0,"2":0,"3":0,"4":0,"5":0,"6":0,"7":0,"8":0,"9":0,"10":0,"11":0,"12":0,"13":0,"14":1,"15":0,"16":1,"17":0,"18":0},"f":{"0":0,"1":0,"2":0,"3":0,"4":0,"5":0,"6":0,"7":0,"8":0,"9":0,"10":0},"b":{"0":[0,0],"1":[0,0],"2":[0,0],"3":[0,0,0]},"_coverageSchema":"43e27e138ebf9cfc5966b082cf9a028302ed4184","hash":"89014bc698218e8787fe39bc759142528ff322a8"}
,"/home/rakesh/Documents/reactjs_coverage/TodayFundoo/src/components/TrashNote.js": {"path":"/home/rakesh/Documents/reactjs_coverage/TodayFundoo/src/components/TrashNote.js","statementMap":{"0":{"start":{"line":11,"column":14},"end":{"line":13,"column":2}},"1":{"start":{"line":15,"column":15},"end":{"line":76,"column":1}},"2":{"start":{"line":80,"column":26},"end":{"line":80,"column":36}},"3":{"start":{"line":81,"column":8},"end":{"line":105,"column":9}},"4":{"start":{"line":99,"column":80},"end":{"line":99,"column":111}},"5":{"start":{"line":100,"column":80},"end":{"line":100,"column":131}}},"fnMap":{"0":{"name":"(anonymous_0)","decl":{"start":{"line":79,"column":4},"end":{"line":79,"column":5}},"loc":{"start":{"line":79,"column":13},"end":{"line":106,"column":5}},"line":79},"1":{"name":"(anonymous_1)","decl":{"start":{"line":99,"column":74},"end":{"line":99,"column":75}},"loc":{"start":{"line":99,"column":80},"end":{"line":99,"column":111}},"line":99},"2":{"name":"(anonymous_2)","decl":{"start":{"line":100,"column":74},"end":{"line":100,"column":75}},"loc":{"start":{"line":100,"column":80},"end":{"line":100,"column":131}},"line":100}},"branchMap":{"0":{"loc":{"start":{"line":83,"column":34},"end":{"line":83,"column":104}},"type":"cond-expr","locations":[{"start":{"line":83,"column":69},"end":{"line":83,"column":83}},{"start":{"line":83,"column":86},"end":{"line":83,"column":104}}],"line":83},"1":{"loc":{"start":{"line":84,"column":55},"end":{"line":84,"column":121}},"type":"cond-expr","locations":[{"start":{"line":84,"column":90},"end":{"line":84,"column":102}},{"start":{"line":84,"column":105},"end":{"line":84,"column":121}}],"line":84},"2":{"loc":{"start":{"line":91,"column":55},"end":{"line":91,"column":121}},"type":"cond-expr","locations":[{"start":{"line":91,"column":90},"end":{"line":91,"column":102}},{"start":{"line":91,"column":105},"end":{"line":91,"column":121}}],"line":91},"3":{"loc":{"start":{"line":97,"column":55},"end":{"line":97,"column":121}},"type":"cond-expr","locations":[{"start":{"line":97,"column":90},"end":{"line":97,"column":102}},{"start":{"line":97,"column":105},"end":{"line":97,"column":121}}],"line":97}},"s":{"0":1,"1":1,"2":0,"3":0,"4":0,"5":0},"f":{"0":0,"1":0,"2":0},"b":{"0":[0,0],"1":[0,0],"2":[0,0],"3":[0,0]},"_coverageSchema":"43e27e138ebf9cfc5966b082cf9a028302ed4184","hash":"ba969dcc8cbb2c0e019620a49459ab813720af57"}
,"/home/rakesh/Documents/reactjs_coverage/TodayFundoo/src/components/UserSigninmain.js": {"path":"/home/rakesh/Documents/reactjs_coverage/TodayFundoo/src/components/UserSigninmain.js","statementMap":{"0":{"start":{"line":6,"column":20},"end":{"line":6,"column":41}},"1":{"start":{"line":10,"column":4},"end":{"line":16,"column":5}},"2":{"start":{"line":20,"column":4},"end":{"line":36,"column":18}},"3":{"start":{"line":21,"column":8},"end":{"line":35,"column":21}},"4":{"start":{"line":22,"column":16},"end":{"line":27,"column":18}},"5":{"start":{"line":32,"column":16},"end":{"line":34,"column":26}},"6":{"start":{"line":42,"column":9},"end":{"line":95,"column":1}},"7":{"start":{"line":44,"column":4},"end":{"line":44,"column":22}},"8":{"start":{"line":45,"column":4},"end":{"line":45,"column":22}},"9":{"start":{"line":46,"column":4},"end":{"line":94,"column":10}},"10":{"start":{"line":50,"column":12},"end":{"line":53,"column":14}},"11":{"start":{"line":57,"column":8},"end":{"line":93,"column":9}},"12":{"start":{"line":59,"column":20},"end":{"line":87,"column":21}},"13":{"start":{"line":61,"column":24},"end":{"line":68,"column":26}},"14":{"start":{"line":71,"column":25},"end":{"line":87,"column":21}},"15":{"start":{"line":73,"column":28},"end":{"line":78,"column":30}},"16":{"start":{"line":81,"column":25},"end":{"line":87,"column":21}},"17":{"start":{"line":83,"column":24},"end":{"line":86,"column":26}},"18":{"start":{"line":92,"column":15},"end":{"line":92,"column":47}},"19":{"start":{"line":100,"column":8},"end":{"line":152,"column":5}},"20":{"start":{"line":102,"column":4},"end":{"line":102,"column":22}},"21":{"start":{"line":103,"column":4},"end":{"line":151,"column":6}},"22":{"start":{"line":108,"column":4},"end":{"line":108,"column":41}},"23":{"start":{"line":109,"column":4},"end":{"line":109,"column":49}},"24":{"start":{"line":110,"column":8},"end":{"line":110,"column":53}},"25":{"start":{"line":115,"column":4},"end":{"line":148,"column":33}},"26":{"start":{"line":118,"column":32},"end":{"line":139,"column":37}},"27":{"start":{"line":120,"column":40},"end":{"line":125,"column":42}},"28":{"start":{"line":127,"column":41},"end":{"line":139,"column":37}},"29":{"start":{"line":128,"column":40},"end":{"line":131,"column":42}},"30":{"start":{"line":133,"column":41},"end":{"line":139,"column":37}},"31":{"start":{"line":135,"column":40},"end":{"line":138,"column":42}},"32":{"start":{"line":144,"column":40},"end":{"line":147,"column":42}},"33":{"start":{"line":149,"column":28},"end":{"line":149,"column":60}},"34":{"start":{"line":160,"column":8},"end":{"line":170,"column":14}}},"fnMap":{"0":{"name":"(anonymous_0)","decl":{"start":{"line":19,"column":0},"end":{"line":19,"column":1}},"loc":{"start":{"line":19,"column":20},"end":{"line":37,"column":9}},"line":19},"1":{"name":"(anonymous_1)","decl":{"start":{"line":20,"column":36},"end":{"line":20,"column":37}},"loc":{"start":{"line":20,"column":46},"end":{"line":36,"column":17}},"line":20},"2":{"name":"(anonymous_2)","decl":{"start":{"line":42,"column":9},"end":{"line":42,"column":10}},"loc":{"start":{"line":43,"column":0},"end":{"line":95,"column":1}},"line":43},"3":{"name":"(anonymous_3)","decl":{"start":{"line":49,"column":15},"end":{"line":49,"column":16}},"loc":{"start":{"line":49,"column":28},"end":{"line":53,"column":15}},"line":49},"4":{"name":"(anonymous_4)","decl":{"start":{"line":54,"column":23},"end":{"line":54,"column":24}},"loc":{"start":{"line":55,"column":8},"end":{"line":94,"column":9}},"line":55},"5":{"name":"(anonymous_5)","decl":{"start":{"line":100,"column":8},"end":{"line":100,"column":9}},"loc":{"start":{"line":101,"column":0},"end":{"line":152,"column":5}},"line":101},"6":{"name":"(anonymous_6)","decl":{"start":{"line":106,"column":11},"end":{"line":106,"column":12}},"loc":{"start":{"line":106,"column":24},"end":{"line":113,"column":5}},"line":106},"7":{"name":"(anonymous_7)","decl":{"start":{"line":113,"column":13},"end":{"line":113,"column":14}},"loc":{"start":{"line":113,"column":21},"end":{"line":151,"column":5}},"line":113},"8":{"name":"(anonymous_8)","decl":{"start":{"line":159,"column":0},"end":{"line":159,"column":1}},"loc":{"start":{"line":159,"column":8},"end":{"line":171,"column":9}},"line":159}},"branchMap":{"0":{"loc":{"start":{"line":21,"column":8},"end":{"line":35,"column":21}},"type":"if","locations":[{"start":{"line":21,"column":8},"end":{"line":35,"column":21}},{"start":{"line":21,"column":8},"end":{"line":35,"column":21}}],"line":21},"1":{"loc":{"start":{"line":57,"column":8},"end":{"line":93,"column":9}},"type":"if","locations":[{"start":{"line":57,"column":8},"end":{"line":93,"column":9}},{"start":{"line":57,"column":8},"end":{"line":93,"column":9}}],"line":57},"2":{"loc":{"start":{"lin
[...]
,"/home/rakesh/Documents/reactjs_coverage/TodayFundoo/src/components/LabelComponent/LabelMapping.js": {"path":"/home/rakesh/Documents/reactjs_coverage/TodayFundoo/src/components/LabelComponent/LabelMapping.js","statementMap":{"0":{"start":{"line":7,"column":12},"end":{"line":13,"column":5}},"1":{"start":{"line":16,"column":8},"end":{"line":22,"column":10}},"2":{"start":{"line":17,"column":12},"end":{"line":21,"column":14}},"3":{"start":{"line":20,"column":16},"end":{"line":20,"column":88}},"4":{"start":{"line":26,"column":8},"end":{"line":63,"column":9}},"5":{"start":{"line":38,"column":24},"end":{"line":57,"column":27}},"6":{"start":{"line":42,"column":24},"end":{"line":48,"column":34}}},"fnMap":{"0":{"name":"(anonymous_0)","decl":{"start":{"line":15,"column":4},"end":{"line":15,"column":5}},"loc":{"start":{"line":15,"column":24},"end":{"line":23,"column":5}},"line":15},"1":{"name":"(anonymous_1)","decl":{"start":{"line":16,"column":17},"end":{"line":16,"column":18}},"loc":{"start":{"line":16,"column":28},"end":{"line":22,"column":9}},"line":16},"2":{"name":"(anonymous_2)","decl":{"start":{"line":19,"column":15},"end":{"line":19,"column":16}},"loc":{"start":{"line":19,"column":21},"end":{"line":21,"column":13}},"line":19},"3":{"name":"(anonymous_3)","decl":{"start":{"line":25,"column":4},"end":{"line":25,"column":5}},"loc":{"start":{"line":25,"column":12},"end":{"line":64,"column":5}},"line":25},"4":{"name":"(anonymous_4)","decl":{"start":{"line":37,"column":69},"end":{"line":37,"column":70}},"loc":{"start":{"line":38,"column":24},"end":{"line":57,"column":27}},"line":38},"5":{"name":"(anonymous_5)","decl":{"start":{"line":41,"column":89},"end":{"line":41,"column":90}},"loc":{"start":{"line":42,"column":24},"end":{"line":48,"column":34}},"line":42}},"branchMap":{"0":{"loc":{"start":{"line":36,"column":17},"end":{"line":59,"column":22}},"type":"binary-expr","locations":[{"start":{"line":36,"column":17},"end":{"line":36,"column":42}},{"start":{"line":37,"column":20},"end":{"line":59,"column":22}}],"line":36},"1":{"loc":{"start":{"line":40,"column":25},"end":{"line":52,"column":27}},"type":"binary-expr","locations":[{"start":{"line":40,"column":25},"end":{"line":40,"column":68}},{"start":{"line":41,"column":25},"end":{"line":52,"column":27}}],"line":40},"2":{"loc":{"start":{"line":42,"column":24},"end":{"line":48,"column":34}},"type":"binary-expr","locations":[{"start":{"line":42,"column":24},"end":{"line":42,"column":110}},{"start":{"line":43,"column":29},"end":{"line":48,"column":34}}],"line":42}},"s":{"0":0,"1":0,"2":0,"3":0,"4":0,"5":0,"6":0},"f":{"0":0,"1":0,"2":0,"3":0,"4":0,"5":0},"b":{"0":[0,0],"1":[0,0],"2":[0,0]},"_coverageSchema":"43e27e138ebf9cfc5966b082cf9a028302ed4184","hash":"b2c81d20db55067f32daf89413aeeb1fb00dc73f"}
,"/home/rakesh/Documents/reactjs_coverage/TodayFundoo/src/components/Pages/PageNotFound.js": {"path":"/home/rakesh/Documents/reactjs_coverage/TodayFundoo/src/components/Pages/PageNotFound.js","statementMap":{"0":{"start":{"line":4,"column":21},"end":{"line":11,"column":1}},"1":{"start":{"line":5,"column":4},"end":{"line":9,"column":10}}},"fnMap":{"0":{"name":"(anonymous_0)","decl":{"start":{"line":4,"column":21},"end":{"line":4,"column":22}},"loc":{"start":{"line":5,"column":4},"end":{"line":9,"column":10}},"line":5}},"branchMap":{},"s":{"0":1,"1":1},"f":{"0":1},"b":{},"_coverageSchema":"43e27e138ebf9cfc5966b082cf9a028302ed4184","hash":"41a5b492e29fb70b746208d0b1273fd4eae6d21a"}
,"/home/rakesh/Documents/reactjs_coverage/TodayFundoo/src/components/Pages/Parsing.js": {"path":"/home/rakesh/Documents/reactjs_coverage/TodayFundoo/src/components/Pages/Parsing.js","statementMap":{"0":{"start":{"line":14,"column":12},"end":{"line":22,"column":5}},"1":{"start":{"line":24,"column":28},"end":{"line":28,"column":5}},"2":{"start":{"line":25,"column":18},"end":{"line":25,"column":35}},"3":{"start":{"line":26,"column":8},"end":{"line":26,"column":31}},"4":{"start":{"line":27,"column":8},"end":{"line":27,"column":31}},"5":{"start":{"line":30,"column":26},"end":{"line":34,"column":5}},"6":{"start":{"line":31,"column":18},"end":{"line":31,"column":35}},"7":{"start":{"line":32,"column":8},"end":{"line":32,"column":29}},"8":{"start":{"line":33,"column":8},"end":{"line":33,"column":31}},"9":{"start":{"line":36,"column":30},"end":{"line":40,"column":5}},"10":{"start":{"line":37,"column":18},"end":{"line":37,"column":35}},"11":{"start":{"line":38,"column":8},"end":{"line":38,"column":33}},"12":{"start":{"line":39,"column":8},"end":{"line":39,"column":31}},"13":{"start":{"line":42,"column":32},"end":{"line":48,"column":6}},"14":{"start":{"line":44,"column":31},"end":{"line":44,"column":56}},"15":{"start":{"line":45,"column":9},"end":{"line":45,"column":52}},"16":{"start":{"line":46,"column":9},"end":{"line":46,"column":49}},"17":{"start":{"line":47,"column":9},"end":{"line":47,"column":44}},"18":{"start":{"line":50,"column":25},"end":{"line":56,"column":5}},"19":{"start":{"line":51,"column":30},"end":{"line":54,"column":9}},"20":{"start":{"line":55,"column":8},"end":{"line":55,"column":31}},"21":{"start":{"line":59,"column":17},"end":{"line":68,"column":5}},"22":{"start":{"line":60,"column":22},"end":{"line":66,"column":9}},"23":{"start":{"line":67,"column":8},"end":{"line":67,"column":23}},"24":{"start":{"line":71,"column":8},"end":{"line":77,"column":10}},"25":{"start":{"line":72,"column":12},"end":{"line":76,"column":14}},"26":{"start":{"line":75,"column":16},"end":{"line":75,"column":62}},"27":{"start":{"line":80,"column":21},"end":{"line":90,"column":5}},"28":{"start":{"line":81,"column":8},"end":{"line":89,"column":9}},"29":{"start":{"line":82,"column":24},"end":{"line":82,"column":51}},"30":{"start":{"line":83,"column":12},"end":{"line":83,"column":40}},"31":{"start":{"line":84,"column":12},"end":{"line":84,"column":68}},"32":{"start":{"line":85,"column":12},"end":{"line":85,"column":68}},"33":{"start":{"line":88,"column":12},"end":{"line":88,"column":62}},"34":{"start":{"line":93,"column":4},"end":{"line":93,"column":60}},"35":{"start":{"line":94,"column":4},"end":{"line":158,"column":5}},"36":{"start":{"line":113,"column":24},"end":{"line":124,"column":26}},"37":{"start":{"line":142,"column":20},"end":{"line":154,"column":18}},"38":{"start":{"line":162,"column":24},"end":{"line":166,"column":1}},"39":{"start":{"line":163,"column":4},"end":{"line":165,"column":5}},"40":{"start":{"line":168,"column":27},"end":{"line":172,"column":1}},"41":{"start":{"line":169,"column":4},"end":{"line":171,"column":5}},"42":{"start":{"line":170,"column":32},"end":{"line":170,"column":60}}},"fnMap":{"0":{"name":"(anonymous_0)","decl":{"start":{"line":24,"column":28},"end":{"line":24,"column":29}},"loc":{"start":{"line":24,"column":40},"end":{"line":28,"column":5}},"line":24},"1":{"name":"(anonymous_1)","decl":{"start":{"line":30,"column":26},"end":{"line":30,"column":27}},"loc":{"start":{"line":30,"column":43},"end":{"line":34,"column":5}},"line":30},"2":{"name":"(anonymous_2)","decl":{"start":{"line":36,"column":30},"end":{"line":36,"column":31}},"loc":{"start":{"line":36,"column":42},"end":{"line":40,"column":5}},"line":36},"3":{"name":"(anonymous_3)","decl":{"start":{"line":42,"column":32},"end":{"line":42,"column":33}},"loc":{"start":{"line":42,"column":57},"end":{"line":48,"column":6}},"line":42},"4":{"name":"(anonymous_4)","decl":{"start":{"line":50,"column":25},"end":{"line":50,"column":26}},"loc":{"start":{"line":50,"column":31},"end":{"line":56,"column":5}},"line":50},"5":{"name":"(anonymous_5)","decl":{"start":{"line":59,"column":17},"end":{"line":59,"column":18}},"loc":{"start":{"line":59,"column":23},"end":{"line":68,"column":5}},"line":59},"6":{"name":"(anonymous_6)","decl":{"start":{"line":70,"column":4},"end":{"line":70,"column":5}},"loc":{"start":{"line":70,"column":23},"end":{"line":78,"column":5}},"line":70},"7":{"name":"(anonymous_7)","decl":{"start":{"line":71,"column":17},"end":{"line":71,"column":18}},"loc":{"start":{"line":71,"column":28},"end":{"line":77,"column":9}},"line":71},"8":{"name":"(anonymous_8)","decl":{"start":{"line":74,"column":14},"end":{"line":74,"column":15}},"loc":{"start":{"line":74,"column":20},"end":{"line":76,"column":13}},"line":74},"9":{"name":"(anonymous_9)","decl":{"start":{"line":80,"column":21},"end":{"line":80,"column":22}},"loc":{"start":{"line":80,"column":38},"end":{"line":90,"column":5}},"line":80},"10":{"name":"(anonymous_10)","decl":{"start":{"line":92,"column":0},"end":{"line":92,"column":1}},"loc":{"start":{"line":92,"column":8},"end":{"line":159,"column":1}},"line":92},"11":{"name":"(anonymous_11)","decl":{"start":{"line":112,"column":73},"end":{"line":112,"column":74}},"loc":{"start":{"line":113,"column":24},"end":{"line":124,"column":26}},"line":113},"12":{"name":"(anonymous_12)","decl":{"start":{"line":141,"column":69},"end":{"line":141,"column":70}},"loc":{"start":{"line":142,"column":20},"end":{"line":154,"column":18}},"line":142},"13":{"name":"(anonymous_13)","decl":{"start":{"line":162,"column":24},"end":{"line":162,"column":25}},"loc":{"start":{"line":162,"column":33},"end":{"line":166,"column":1}},"line":162},"14":{"name":"(anonymous_14)","decl":{"start":{"line":168,"column":27},"end":{"line":168,"column":28}},"loc":{"start":{"line":168,"column":39},"end":{"line":172,"column":1}},"line":168},"15":{"name":"(anonymous_15)","decl":{"start":{"line":170,"column":26},"end":{"line":170,"column":27}},"loc":{"start":{"line":170,"column":32},"end":{"line":170,"column":60}},"line":170}},"branchMap":{"0":{"loc":{"start":{"line":104,"column":32},"end":{"line":104,"column":77}},"type":"cond-expr","locations":[{"start":{"line":104,"column":64},"end":{"line":104,"column":66}},{"start":{"line":104,"column":69},"end":{"line":104,"column":77}}],"line":104},"1":{"loc":{"start":{"line":107,"column":35},"end":{"line":107,"column":83}},"type":"cond-expr","locations":[{"start":{"line":107,"column":67},"end":{"line":107,"column":72}},{"start":{"line":107,"column":75},"end":{"line":107,"column":83}}],"line":107},"2":{"loc":{"start":{"line":111,"column":24},"end":{"line":125,"column":22}},"type":"binary-expr","locations":[{"start":{"line":111,"column":24},"end":{"line":111,"column":49}},{"start":{"line":112,"column":24},"end":{"line":125,"column":22}}],"line":111},"3":{"loc":{"start":{"line":113,"column":24},"end":{"line":124,"column":26}},"type":"binary-expr","locations":[{"start":{"line":113,"column":24},"end":{"line":113,"column":69}},{"start":{"line":114,"column":24},"end":{"line":114,"column":67}},{"start":{"line":115,"column":24},"end":{"line":115,"column":64}},{"start":{"line":116,"column":24},"end":{"line":124,"column":26}}],"line":113},"4":{"loc":{"start":{"line":134,"column":32},"end":{"line":134,"column":77}},"type":"cond-expr","locations":[{"start":{"line":134,"column":64},"end":{"line":134,"column":66}},{"start":{"line":134,"column":69},"end":{"line":134,"column":77}}],"line":134},"5":{"loc":{"start":{"line":135,"column":35},"end":{"line":135,"column":83}},"type":"cond-expr","locations":[{"start":{"line":135,"column":67},"end":{"line":135,"column":72}},{"start":{"line":135,"column":75},"end":{"line":135,"column":83}}],"line":135},"6":{"loc":{"start":{"line":140,"column":20},"end":{"line":155,"column":14}},"type":"binary-expr","locations":[{"start":{"line":140,"column":20},"end":{"line":140,"column":45}},{"start":{"line":141,"column":20},"end":{"line":155,"column":14}}],"line":140},"7":{"loc":{"start":{"line":142,"column":20},"end":{"line":154,"column":18}},"type":"binary-expr","locations":[{"start":{"line":142,"column":20},"end":{"line":142,"column":65}},{"start":{"line":143,"column":20},"end":{"line":143,"column":63}},{"start":{"line":144,"column":20},"end":{"line":144,"column":61}},{"start":{"line":146,"column":16},"end":{"line":154,"column":18}}],"line":142}},"s":{"0":0,"1":0,"2":0,"3":0,"4":0,"5":0,"6":0,"7":0,"8":0,"9":0,"10":0,"11":0,"12":0,"13":0,"14":0,"15":0,"16":0,"17":0,"18":0,"19":0,"20":0,"21":0,"22":0,"23":0,"24":0,"25":0,"26":0,"27":0,"28":0,"29":0,"30":0,"31":0,"32":0,"33":0,"34":0,"35":0,"36":0,"37":0,"38":1,"39":0,"40":1,"41":0,"42":0},"f":{"0":0,"1":0,"2":0,"3":0,"4":0,"5":0,"6":0,"7":0,"8":0,"9":0,"10":0,"11":0,"12":0,"13":0,"14":0,"15":0},"b":{"0":[0,0],"1":[0,0],"2":[0,0],"3":[0,0,0,0],"4":[0,0],"5":[0,0],"6":[0,0],"7":[0,0,0,0]},"_coverageSchema":"43e27e138ebf9cfc5966b082cf9a028302ed4184","hash":"2e7a2eafdb0837e4a60117c8ed8c448720e4cd63"}
,"/home/rakesh/Documents/reactjs_coverage/TodayFundoo/src/components/UsingRedux/index.js": {"path":"/home/rakesh/Documents/reactjs_coverage/TodayFundoo/src/components/UsingRedux/index.js","statementMap":{},"fnMap":{},"branchMap":{},"s":{},"f":{},"b":{},"_coverageSchema":"43e27e138ebf9cfc5966b082cf9a028302ed4184","hash":"25f15fdaf3cd4a95881b54ddaf15bf1a8e58ead3"}
,"/home/rakesh/Documents/reactjs_coverage/TodayFundoo/src/components/UsingRedux/store.js": {"path":"/home/rakesh/Documents/reactjs_coverage/TodayFundoo/src/components/UsingRedux/store.js","statementMap":{"0":{"start":{"line":4,"column":14},"end":{"line":4,"column":40}}},"fnMap":{},"branchMap":{},"s":{"0":1},"f":{},"b":{},"_coverageSchema":"43e27e138ebf9cfc5966b082cf9a028302ed4184","hash":"e7c78d7d8b2638075840b80bff94f8559befef40"}
,"/home/rakesh/Documents/reactjs_coverage/TodayFundoo/src/components/UsingRedux/ToggleGridOrList/toggleActions.js": {"path":"/home/rakesh/Documents/reactjs_coverage/TodayFundoo/src/components/UsingRedux/ToggleGridOrList/toggleActions.js","statementMap":{"0":{"start":{"line":3,"column":32},"end":{"line":7,"column":1}},"1":{"start":{"line":4,"column":4},"end":{"line":6,"column":5}}},"fnMap":{"0":{"name":"(anonymous_0)","decl":{"start":{"line":3,"column":32},"end":{"line":3,"column":33}},"loc":{"start":{"line":3,"column":38},"end":{"line":7,"column":1}},"line":3}},"branchMap":{},"s":{"0":1,"1":0},"f":{"0":0},"b":{},"_coverageSchema":"43e27e138ebf9cfc5966b082cf9a028302ed4184","hash":"ac97755933cfd5a1dd1228b3414bf087e28b622e"}
,"/home/rakesh/Documents/reactjs_coverage/TodayFundoo/src/components/UsingRedux/ToggleGridOrList/toggleReducer.js": {"path":"/home/rakesh/Documents/reactjs_coverage/TodayFundoo/src/components/UsingRedux/ToggleGridOrList/toggleReducer.js","statementMap":{"0":{"start":{"line":3,"column":21},"end":{"line":5,"column":1}},"1":{"start":{"line":7,"column":22},"end":{"line":17,"column":1}},"2":{"start":{"line":8,"column":4},"end":{"line":15,"column":5}},"3":{"start":{"line":9,"column":35},"end":{"line":12,"column":9}},"4":{"start":{"line":13,"column":16},"end":{"line":13,"column":28}}},"fnMap":{"0":{"name":"(anonymous_0)","decl":{"start":{"line":7,"column":22},"end":{"line":7,"column":23}},"loc":{"start":{"line":7,"column":56},"end":{"line":17,"column":1}},"line":7}},"branchMap":{"0":{"loc":{"start":{"line":7,"column":23},"end":{"line":7,"column":43}},"type":"default-arg","locations":[{"start":{"line":7,"column":31},"end":{"line":7,"column":43}}],"line":7},"1":{"loc":{"start":{"line":8,"column":4},"end":{"line":15,"column":5}},"type":"switch","locations":[{"start":{"line":9,"column":8},"end":{"line":12,"column":9}},{"start":{"line":13,"column":8},"end":{"line":13,"column":28}}],"line":8}},"s":{"0":1,"1":1,"2":1,"3":0,"4":1},"f":{"0":1},"b":{"0":[1],"1":[0,1]},"_coverageSchema":"43e27e138ebf9cfc5966b082cf9a028302ed4184","hash":"ff01ad0e17026b858fef3168797d4e668c572a21"}
,"/home/rakesh/Documents/reactjs_coverage/TodayFundoo/src/components/UsingRedux/ToggleGridOrList/toggleTypes.js": {"path":"/home/rakesh/Documents/reactjs_coverage/TodayFundoo/src/components/UsingRedux/ToggleGridOrList/toggleTypes.js","statementMap":{"0":{"start":{"line":1,"column":35},"end":{"line":1,"column":56}}},"fnMap":{},"branchMap":{},"s":{"0":1},"f":{},"b":{},"_coverageSchema":"43e27e138ebf9cfc5966b082cf9a028302ed4184","hash":"334a6a0c7f29e1bc5badf81c7eb3f69fbd94baf7"}
,"/home/rakesh/Documents/reactjs_coverage/TodayFundoo/src/components/standalone/Dialog.js": {"path":"/home/rakesh/Documents/reactjs_coverage/TodayFundoo/src/components/standalone/Dialog.js","statementMap":{"0":{"start":{"line":15,"column":14},"end":{"line":17,"column":2}},"1":{"start":{"line":19,"column":15},"end":{"line":61,"column":1}},"2":{"start":{"line":72,"column":25},"end":{"line":72,"column":42}},"3":{"start":{"line":73,"column":27},"end":{"line":73,"column":44}},"4":{"start":{"line":93,"column":28},"end":{"line":93,"column":38}},"5":{"start":{"line":94,"column":8},"end":{"line":128,"column":10}},"6":{"start":{"line":118,"column":82},"end":{"line":118,"column":110}},"7":{"start":{"line":123,"column":84},"end":{"line":123,"column":232}}},"fnMap":{"0":{"name":"(anonymous_0)","decl":{"start":{"line":92,"column":4},"end":{"line":92,"column":5}},"loc":{"start":{"line":92,"column":13},"end":{"line":129,"column":5}},"line":92},"1":{"name":"(anonymous_1)","decl":{"start":{"line":118,"column":78},"end":{"line":118,"column":79}},"loc":{"start":{"line":118,"column":82},"end":{"line":118,"column":110}},"line":118},"2":{"name":"(anonymous_2)","decl":{"start":{"line":123,"column":78},"end":{"line":123,"column":79}},"loc":{"start":{"line":123,"column":84},"end":{"line":123,"column":232}},"line":123}},"branchMap":{},"s":{"0":1,"1":1,"2":0,"3":0,"4":0,"5":0,"6":0,"7":0},"f":{"0":0,"1":0,"2":0},"b":{},"_coverageSchema":"43e27e138ebf9cfc5966b082cf9a028302ed4184","hash":"4da70d72c336ecfa6186810ffb382adbee2efddb"}
,"/home/rakesh/Documents/reactjs_coverage/TodayFundoo/src/components/standalone/Dialogmain.js": {"path":"/home/rakesh/Documents/reactjs_coverage/TodayFundoo/src/components/standalone/Dialogmain.js","statementMap":{"0":{"start":{"line":16,"column":14},"end":{"line":18,"column":2}},"1":{"start":{"line":20,"column":15},"end":{"line":29,"column":1}},"2":{"start":{"line":37,"column":24},"end":{"line":37,"column":34}},"3":{"start":{"line":38,"column":8},"end":{"line":60,"column":10}},"4":{"start":{"line":42,"column":20},"end":{"line":57,"column":26}}},"fnMap":{"0":{"name":"(anonymous_0)","decl":{"start":{"line":36,"column":4},"end":{"line":36,"column":5}},"loc":{"start":{"line":36,"column":13},"end":{"line":61,"column":5}},"line":36},"1":{"name":"(anonymous_1)","decl":{"start":{"line":41,"column":17},"end":{"line":41,"column":18}},"loc":{"start":{"line":42,"column":20},"end":{"line":57,"column":26}},"line":42}},"branchMap":{},"s":{"0":0,"1":0,"2":0,"3":0,"4":0},"f":{"0":0,"1":0},"b":{},"hash":"d9f8467d65a1301f5f1a845f3d93c8986088b9d8"}
,"/home/rakesh/Documents/reactjs_coverage/TodayFundoo/src/components/standalone/DialogueList.js": {"path":"/home/rakesh/Documents/reactjs_coverage/TodayFundoo/src/components/standalone/DialogueList.js","statementMap":{"0":{"start":{"line":20,"column":14},"end":{"line":22,"column":2}},"1":{"start":{"line":24,"column":15},"end":{"line":86,"column":1}},"2":{"start":{"line":92,"column":28},"end":{"line":92,"column":38}},"3":{"start":{"line":94,"column":8},"end":{"line":157,"column":9}},"4":{"start":{"line":150,"column":78},"end":{"line":150,"column":95}}},"fnMap":{"0":{"name":"(anonymous_0)","decl":{"start":{"line":91,"column":4},"end":{"line":91,"column":5}},"loc":{"start":{"line":91,"column":13},"end":{"line":158,"column":5}},"line":91},"1":{"name":"(anonymous_1)","decl":{"start":{"line":150,"column":74},"end":{"line":150,"column":75}},"loc":{"start":{"line":150,"column":78},"end":{"line":150,"column":95}},"line":150}},"branchMap":{},"s":{"0":1,"1":1,"2":0,"3":0,"4":0},"f":{"0":0,"1":0},"b":{},"_coverageSchema":"43e27e138ebf9cfc5966b082cf9a028302ed4184","hash":"c41f6bd066a5e1caf84ba688778faeff39614c85"}
}
