TN:
SF:/home/rakesh/Documents/reactjs_coverage/TodayFundoo/src/App.js
FN:22,(anonymous_0)
FNF:1
FNH:1
FNDA:1,(anonymous_0)
DA:23,1
LF:1
LH:1
BRF:0
BRH:0
end_of_record
TN:
SF:/home/rakesh/Documents/reactjs_coverage/TodayFundoo/src/firebase.js
FN:27,createUserNote
FN:36,createReminderInNote
FN:45,createLabelNote
FN:52,createLabelNoteInNotes
FN:59,deleteLabelNoteInNotes
FN:65,deleteUserNote
FN:72,updateUserNote
FN:83,getNotes
FN:86,(anonymous_8)
FN:94,getLabels
FN:97,(anonymous_10)
FN:104,updateNote
FNF:12
FNH:0
FNDA:0,createUserNote
FNDA:0,createReminderInNote
FNDA:0,createLabelNote
FNDA:0,createLabelNoteInNotes
FNDA:0,deleteLabelNoteInNotes
FNDA:0,deleteUserNote
FNDA:0,updateUserNote
FNDA:0,getNotes
FNDA:0,(anonymous_8)
FNDA:0,getLabels
FNDA:0,(anonymous_10)
FNDA:0,updateNote
DA:6,2
DA:17,2
DA:20,2
DA:22,2
DA:24,2
DA:25,2
DA:28,0
DA:29,0
DA:30,0
DA:31,0
DA:32,0
DA:33,0
DA:37,0
DA:38,0
DA:39,0
DA:40,0
DA:41,0
DA:42,0
DA:46,0
DA:47,0
DA:48,0
DA:49,0
DA:53,0
DA:54,0
DA:55,0
DA:56,0
DA:60,0
DA:61,0
DA:62,0
DA:66,0
DA:67,0
DA:68,0
DA:69,0
DA:73,0
DA:74,0
DA:75,0
DA:76,0
DA:77,0
DA:78,0
DA:79,0
DA:80,0
DA:84,0
DA:85,0
DA:86,0
DA:88,0
DA:89,0
DA:90,0
DA:95,0
DA:96,0
DA:97,0
DA:98,0
DA:99,0
DA:100,0
DA:105,0
DA:106,0
DA:107,0
DA:108,0
DA:109,0
LF:58
LH:6
BRF:0
BRH:0
end_of_record
TN:
SF:/home/rakesh/Documents/reactjs_coverage/TodayFundoo/src/index.js
FNF:0
FNH:0
DA:8,0
DA:13,0
LF:2
LH:0
BRF:0
BRH:0
end_of_record
TN:
SF:/home/rakesh/Documents/reactjs_coverage/TodayFundoo/src/sampleData.js
FNF:0
FNH:0
DA:1,1
DA:19,1
DA:67,1
LF:3
LH:3
BRF:0
BRH:0
end_of_record
TN:
SF:/home/rakesh/Documents/reactjs_coverage/TodayFundoo/src/serviceWorker.js
FN:23,register
FN:34,(anonymous_1)
FN:43,(anonymous_2)
FN:57,registerValidSW
FN:60,(anonymous_4)
FN:61,(anonymous_5)
FN:66,(anonymous_6)
FN:96,(anonymous_7)
FN:101,checkValidServiceWorker
FN:106,(anonymous_9)
FN:114,(anonymous_10)
FN:115,(anonymous_11)
FN:124,(anonymous_12)
FN:131,unregister
FN:133,(anonymous_14)
FNF:15
FNH:0
FNDA:0,register
FNDA:0,(anonymous_1)
FNDA:0,(anonymous_2)
FNDA:0,registerValidSW
FNDA:0,(anonymous_4)
FNDA:0,(anonymous_5)
FNDA:0,(anonymous_6)
FNDA:0,(anonymous_7)
FNDA:0,checkValidServiceWorker
FNDA:0,(anonymous_9)
FNDA:0,(anonymous_10)
FNDA:0,(anonymous_11)
FNDA:0,(anonymous_12)
FNDA:0,unregister
FNDA:0,(anonymous_14)
DA:13,0
DA:24,0
DA:26,0
DA:27,0
DA:31,0
DA:34,0
DA:35,0
DA:37,0
DA:39,0
DA:43,0
DA:44,0
DA:51,0
DA:58,0
DA:61,0
DA:62,0
DA:63,0
DA:64,0
DA:66,0
DA:67,0
DA:68,0
DA:72,0
DA:78,0
DA:79,0
DA:85,0
DA:88,0
DA:89,0
DA:97,0
DA:103,0
DA:108,0
DA:109,0
DA:114,0
DA:115,0
DA:116,0
DA:121,0
DA:125,0
DA:132,0
DA:133,0
DA:134,0
LF:38
LH:0
BRDA:14,0,0,0
BRDA:14,0,1,0
BRDA:14,0,2,0
BRDA:24,1,0,0
BRDA:24,1,1,0
BRDA:24,2,0,0
BRDA:24,2,1,0
BRDA:27,3,0,0
BRDA:27,3,1,0
BRDA:37,4,0,0
BRDA:37,4,1,0
BRDA:63,5,0,0
BRDA:63,5,1,0
BRDA:67,6,0,0
BRDA:67,6,1,0
BRDA:68,7,0,0
BRDA:68,7,1,0
BRDA:78,8,0,0
BRDA:78,8,1,0
BRDA:78,9,0,0
BRDA:78,9,1,0
BRDA:88,10,0,0
BRDA:88,10,1,0
BRDA:88,11,0,0
BRDA:88,11,1,0
BRDA:109,12,0,0
BRDA:109,12,1,0
BRDA:110,13,0,0
BRDA:110,13,1,0
BRDA:110,13,2,0
BRDA:132,14,0,0
BRDA:132,14,1,0
BRF:32
BRH:0
end_of_record
TN:
SF:/home/rakesh/Documents/reactjs_coverage/TodayFundoo/src/Reminder/ComponentOfReminder/DisplayingReminderCard.js
FN:93,(anonymous_0)
FN:101,(anonymous_1)
FN:102,(anonymous_2)
FN:105,(anonymous_3)
FN:111,(anonymous_4)
FN:115,(anonymous_5)
FN:130,(anonymous_6)
FN:136,(anonymous_7)
FN:176,(anonymous_8)
FN:190,(anonymous_9)
FNF:10
FNH:0
FNDA:0,(anonymous_0)
FNDA:0,(anonymous_1)
FNDA:0,(anonymous_2)
FNDA:0,(anonymous_3)
FNDA:0,(anonymous_4)
FNDA:0,(anonymous_5)
FNDA:0,(anonymous_6)
FNDA:0,(anonymous_7)
FNDA:0,(anonymous_8)
FNDA:0,(anonymous_9)
DA:22,1
DA:26,1
DA:94,0
DA:95,0
DA:102,0
DA:103,0
DA:106,0
DA:112,0
DA:113,0
DA:116,0
DA:130,0
DA:136,0
DA:178,0
DA:190,0
LF:14
LH:2
BRDA:118,0,0,0
BRDA:118,0,1,0
BRDA:119,1,0,0
BRDA:119,1,1,0
BRDA:127,2,0,0
BRDA:127,2,1,0
BRDA:145,3,0,0
BRDA:145,3,1,0
BRDA:151,4,0,0
BRDA:151,4,1,0
BRDA:154,5,0,0
BRDA:154,5,1,0
BRDA:169,6,0,0
BRDA:169,6,1,0
BRDA:172,7,0,0
BRDA:172,7,1,0
BRDA:184,8,0,0
BRDA:184,8,1,0
BRF:18
BRH:0
end_of_record
TN:
SF:/home/rakesh/Documents/reactjs_coverage/TodayFundoo/src/Reminder/ComponentOfReminder/ReminderDataFetching.js
FN:21,(anonymous_0)
FN:27,(anonymous_1)
FN:33,(anonymous_2)
FN:39,(anonymous_3)
FN:48,(anonymous_4)
FN:49,(anonymous_5)
FN:52,(anonymous_6)
FN:60,(anonymous_7)
FN:80,(anonymous_8)
FN:99,(anonymous_9)
FN:105,(anonymous_10)
FN:107,(anonymous_11)
FNF:12
FNH:0
FNDA:0,(anonymous_0)
FNDA:0,(anonymous_1)
FNDA:0,(anonymous_2)
FNDA:0,(anonymous_3)
FNDA:0,(anonymous_4)
FNDA:0,(anonymous_5)
FNDA:0,(anonymous_6)
FNDA:0,(anonymous_7)
FNDA:0,(anonymous_8)
FNDA:0,(anonymous_9)
FNDA:0,(anonymous_10)
FNDA:0,(anonymous_11)
DA:13,0
DA:21,0
DA:22,0
DA:23,0
DA:24,0
DA:27,0
DA:28,0
DA:29,0
DA:30,0
DA:33,0
DA:34,0
DA:35,0
DA:36,0
DA:39,0
DA:40,0
DA:45,0
DA:49,0
DA:50,0
DA:53,0
DA:61,0
DA:62,0
DA:81,0
DA:99,1
DA:100,0
DA:105,1
DA:106,0
DA:107,0
LF:27
LH:2
BRDA:69,0,0,0
BRDA:69,0,1,0
BRDA:72,1,0,0
BRDA:72,1,1,0
BRDA:78,2,0,0
BRDA:78,2,1,0
BRDA:78,2,2,0
BRDA:81,3,0,0
BRDA:81,3,1,0
BRDA:81,3,2,0
BRF:10
BRH:0
end_of_record
TN:
SF:/home/rakesh/Documents/reactjs_coverage/TodayFundoo/src/Reminder/ReminderPages/DateTimePicker.js
FN:21,(anonymous_0)
FN:31,(anonymous_1)
FN:47,(anonymous_2)
FN:59,(anonymous_3)
FN:83,(anonymous_4)
FN:97,(anonymous_5)
FN:103,(anonymous_6)
FNF:7
FNH:0
FNDA:0,(anonymous_0)
FNDA:0,(anonymous_1)
FNDA:0,(anonymous_2)
FNDA:0,(anonymous_3)
FNDA:0,(anonymous_4)
FNDA:0,(anonymous_5)
FNDA:0,(anonymous_6)
DA:22,0
DA:23,0
DA:28,0
DA:32,0
DA:47,0
DA:59,0
DA:83,0
DA:97,0
DA:103,0
LF:9
LH:0
BRF:0
BRH:0
end_of_record
TN:
SF:/home/rakesh/Documents/reactjs_coverage/TodayFundoo/src/Reminder/ReminderPages/ReminderPreSelection.js
FN:34,(anonymous_0)
FN:45,(anonymous_1)
FN:52,(anonymous_2)
FN:60,(anonymous_3)
FN:76,(anonymous_4)
FNF:5
FNH:0
FNDA:0,(anonymous_0)
FNDA:0,(anonymous_1)
FNDA:0,(anonymous_2)
FNDA:0,(anonymous_3)
FNDA:0,(anonymous_4)
DA:14,1
DA:18,1
DA:35,0
DA:36,0
DA:42,0
DA:46,0
DA:47,0
DA:52,0
DA:60,0
DA:76,0
LF:10
LH:2
BRF:0
BRH:0
end_of_record
TN:
SF:/home/rakesh/Documents/reactjs_coverage/TodayFundoo/src/components/Archive.jsx
FN:8,(anonymous_0)
FN:18,(anonymous_1)
FN:24,(anonymous_2)
FN:30,(anonymous_3)
FN:39,(anonymous_4)
FN:40,(anonymous_5)
FN:43,(anonymous_6)
FN:48,(anonymous_7)
FN:66,(anonymous_8)
FN:84,(anonymous_9)
FN:90,(anonymous_10)
FN:92,(anonymous_11)
FNF:12
FNH:0
FNDA:0,(anonymous_0)
FNDA:0,(anonymous_1)
FNDA:0,(anonymous_2)
FNDA:0,(anonymous_3)
FNDA:0,(anonymous_4)
FNDA:0,(anonymous_5)
FNDA:0,(anonymous_6)
FNDA:0,(anonymous_7)
FNDA:0,(anonymous_8)
FNDA:0,(anonymous_9)
FNDA:0,(anonymous_10)
FNDA:0,(anonymous_11)
DA:9,0
DA:10,0
DA:18,0
DA:19,0
DA:20,0
DA:21,0
DA:24,0
DA:25,0
DA:26,0
DA:27,0
DA:30,0
DA:31,0
DA:36,0
DA:40,0
DA:41,0
DA:43,0
DA:49,0
DA:50,0
DA:67,0
DA:84,1
DA:85,0
DA:90,1
DA:91,0
DA:92,0
LF:24
LH:2
BRDA:54,0,0,0
BRDA:54,0,1,0
BRDA:57,1,0,0
BRDA:57,1,1,0
BRDA:65,2,0,0
BRDA:65,2,1,0
BRDA:67,3,0,0
BRDA:67,3,1,0
BRDA:67,3,2,0
BRF:9
BRH:0
end_of_record
TN:
SF:/home/rakesh/Documents/reactjs_coverage/TodayFundoo/src/components/Archivenotes.js
FN:84,(anonymous_0)
FN:108,(anonymous_1)
FNF:2
FNH:0
FNDA:0,(anonymous_0)
FNDA:0,(anonymous_1)
DA:16,1
DA:20,1
DA:85,0
DA:86,0
DA:108,0
LF:5
LH:2
BRDA:88,0,0,0
BRDA:88,0,1,0
BRDA:89,1,0,0
BRDA:89,1,1,0
BRDA:96,2,0,0
BRDA:96,2,1,0
BRDA:102,3,0,0
BRDA:102,3,1,0
BRF:8
BRH:0
end_of_record
TN:
SF:/home/rakesh/Documents/reactjs_coverage/TodayFundoo/src/components/Board.js
FN:75,(anonymous_0)
FN:92,(anonymous_1)
FNF:2
FNH:0
FNDA:0,(anonymous_0)
FNDA:0,(anonymous_1)
DA:14,1
DA:18,1
DA:64,0
DA:72,0
DA:73,0
DA:75,0
DA:76,0
DA:77,0
DA:85,0
DA:86,0
DA:88,0
DA:89,0
DA:93,0
DA:94,0
LF:14
LH:2
BRDA:85,0,0,0
BRDA:85,0,1,0
BRF:2
BRH:0
end_of_record
TN:
SF:/home/rakesh/Documents/reactjs_coverage/TodayFundoo/src/components/CustomizedDrawer.js
FN:48,(anonymous_0)
FN:59,(anonymous_1)
FN:60,(anonymous_2)
FN:63,(anonymous_3)
FN:69,(anonymous_4)
FN:79,(anonymous_5)
FN:97,(anonymous_6)
FN:101,(anonymous_7)
FN:120,(anonymous_8)
FN:124,(anonymous_9)
FN:133,(anonymous_10)
FN:137,(anonymous_11)
FN:155,(anonymous_12)
FN:158,(anonymous_13)
FNF:14
FNH:0
FNDA:0,(anonymous_0)
FNDA:0,(anonymous_1)
FNDA:0,(anonymous_2)
FNDA:0,(anonymous_3)
FNDA:0,(anonymous_4)
FNDA:0,(anonymous_5)
FNDA:0,(anonymous_6)
FNDA:0,(anonymous_7)
FNDA:0,(anonymous_8)
FNDA:0,(anonymous_9)
FNDA:0,(anonymous_10)
FNDA:0,(anonymous_11)
FNDA:0,(anonymous_12)
FNDA:0,(anonymous_13)
DA:24,1
DA:26,1
DA:30,1
DA:37,1
DA:49,0
DA:50,0
DA:56,0
DA:60,0
DA:61,0
DA:64,0
DA:70,0
DA:72,0
DA:79,0
DA:98,0
DA:103,0
DA:104,0
DA:105,0
DA:108,0
DA:121,0
DA:124,0
DA:134,0
DA:139,0
DA:140,0
DA:156,0
DA:160,0
DA:161,0
DA:162,0
DA:165,0
LF:28
LH:4
BRDA:104,0,0,0
BRDA:104,0,1,0
BRDA:111,1,0,0
BRDA:111,1,1,0
BRDA:113,2,0,0
BRDA:113,2,1,0
BRDA:126,3,0,0
BRDA:126,3,1,0
BRDA:132,4,0,0
BRDA:132,4,1,0
BRDA:146,5,0,0
BRDA:146,5,1,0
BRDA:161,6,0,0
BRDA:161,6,1,0
BRDA:170,7,0,0
BRDA:170,7,1,0
BRDA:172,8,0,0
BRDA:172,8,1,0
BRF:18
BRH:0
end_of_record
TN:
SF:/home/rakesh/Documents/reactjs_coverage/TodayFundoo/src/components/Dashboard.js
FN:127,(anonymous_0)
FN:193,(anonymous_1)
FN:199,(anonymous_2)
FN:201,(anonymous_3)
FNF:4
FNH:0
FNDA:0,(anonymous_0)
FNDA:0,(anonymous_1)
FNDA:0,(anonymous_2)
FNDA:0,(anonymous_3)
DA:25,1
DA:29,1
DA:128,0
DA:129,0
DA:131,0
DA:193,1
DA:194,0
DA:199,1
DA:200,0
DA:201,0
LF:10
LH:4
BRDA:170,0,0,0
BRDA:170,0,1,0
BRF:2
BRH:0
end_of_record
TN:
SF:/home/rakesh/Documents/reactjs_coverage/TodayFundoo/src/components/List.js
FN:108,(anonymous_0)
FN:116,(anonymous_1)
FN:117,(anonymous_2)
FN:120,(anonymous_3)
FN:126,(anonymous_4)
FN:130,(anonymous_5)
FN:147,(anonymous_6)
FN:153,(anonymous_7)
FN:190,(anonymous_8)
FN:204,(anonymous_9)
FNF:10
FNH:0
FNDA:0,(anonymous_0)
FNDA:0,(anonymous_1)
FNDA:0,(anonymous_2)
FNDA:0,(anonymous_3)
FNDA:0,(anonymous_4)
FNDA:0,(anonymous_5)
FNDA:0,(anonymous_6)
FNDA:0,(anonymous_7)
FNDA:0,(anonymous_8)
FNDA:0,(anonymous_9)
DA:24,1
DA:28,1
DA:109,0
DA:110,0
DA:117,0
DA:118,0
DA:121,0
DA:127,0
DA:128,0
DA:131,0
DA:147,0
DA:153,0
DA:192,0
DA:204,0
LF:14
LH:2
BRDA:134,0,0,0
BRDA:134,0,1,0
BRDA:137,1,0,0
BRDA:137,1,1,0
BRDA:144,2,0,0
BRDA:144,2,1,0
BRDA:162,3,0,0
BRDA:162,3,1,0
BRDA:167,4,0,0
BRDA:167,4,1,0
BRDA:169,5,0,0
BRDA:169,5,1,0
BRDA:184,6,0,0
BRDA:184,6,1,0
BRDA:186,7,0,0
BRDA:186,7,1,0
BRDA:198,8,0,0
BRDA:198,8,1,0
BRF:18
BRH:0
end_of_record
TN:
SF:/home/rakesh/Documents/reactjs_coverage/TodayFundoo/src/components/MMainnote.js
FN:69,(anonymous_0)
FNF:1
FNH:0
FNDA:0,(anonymous_0)
DA:15,1
DA:19,1
DA:70,0
DA:72,0
LF:4
LH:2
BRF:0
BRH:0
end_of_record
TN:
SF:/home/rakesh/Documents/reactjs_coverage/TodayFundoo/src/components/OutputMainNote.js
FN:38,(anonymous_0)
FNF:1
FNH:0
FNDA:0,(anonymous_0)
DA:9,0
DA:13,0
DA:39,0
DA:40,0
LF:4
LH:0
BRF:0
BRH:0
end_of_record
TN:
SF:/home/rakesh/Documents/reactjs_coverage/TodayFundoo/src/components/PopoverPopupState.js
FN:44,(anonymous_0)
FN:54,(anonymous_1)
FN:59,(anonymous_2)
FN:78,(anonymous_3)
FNF:4
FNH:0
FNDA:0,(anonymous_0)
FNDA:0,(anonymous_1)
FNDA:0,(anonymous_2)
FNDA:0,(anonymous_3)
DA:13,1
DA:17,1
DA:29,1
DA:45,0
DA:46,0
DA:51,0
DA:55,0
DA:56,0
DA:60,0
DA:78,0
LF:10
LH:3
BRF:0
BRH:0
end_of_record
TN:
SF:/home/rakesh/Documents/reactjs_coverage/TodayFundoo/src/components/Profile.js
FN:13,(anonymous_0)
FN:59,SimplePopover
FN:65,(anonymous_2)
FN:69,(anonymous_3)
FNF:4
FNH:0
FNDA:0,(anonymous_0)
FNDA:0,SimplePopover
FNDA:0,(anonymous_2)
FNDA:0,(anonymous_3)
DA:13,1
DA:61,0
DA:62,0
DA:63,0
DA:65,0
DA:66,0
DA:69,0
DA:70,0
DA:73,0
DA:75,0
DA:77,0
LF:11
LH:1
BRDA:75,0,0,0
BRDA:75,0,1,0
BRF:2
BRH:0
end_of_record
TN:
SF:/home/rakesh/Documents/reactjs_coverage/TodayFundoo/src/components/Settings.js
FN:13,(anonymous_0)
FN:25,(anonymous_1)
FN:36,SettingPopupState
FN:42,(anonymous_3)
FNF:4
FNH:0
FNDA:0,(anonymous_0)
FNDA:0,(anonymous_1)
FNDA:0,SettingPopupState
FNDA:0,(anonymous_3)
DA:13,1
DA:25,1
DA:37,0
DA:39,0
DA:43,0
LF:5
LH:2
BRF:0
BRH:0
end_of_record
TN:
SF:/home/rakesh/Documents/reactjs_coverage/TodayFundoo/src/components/StandalonePop.js
FN:48,(anonymous_0)
FN:57,(anonymous_1)
FN:66,(anonymous_2)
FNF:3
FNH:0
FNDA:0,(anonymous_0)
FNDA:0,(anonymous_1)
FNDA:0,(anonymous_2)
DA:11,0
DA:15,0
DA:49,0
DA:50,0
DA:54,0
DA:58,0
DA:59,0
DA:61,0
DA:66,0
LF:9
LH:0
BRF:0
BRH:0
end_of_record
TN:
SF:/home/rakesh/Documents/reactjs_coverage/TodayFundoo/src/components/Trash.js
FN:8,(anonymous_0)
FN:18,(anonymous_1)
FN:24,(anonymous_2)
FN:33,(anonymous_3)
FN:34,(anonymous_4)
FN:37,(anonymous_5)
FN:43,(anonymous_6)
FN:60,(anonymous_7)
FN:76,(anonymous_8)
FN:82,(anonymous_9)
FN:84,(anonymous_10)
FNF:11
FNH:0
FNDA:0,(anonymous_0)
FNDA:0,(anonymous_1)
FNDA:0,(anonymous_2)
FNDA:0,(anonymous_3)
FNDA:0,(anonymous_4)
FNDA:0,(anonymous_5)
FNDA:0,(anonymous_6)
FNDA:0,(anonymous_7)
FNDA:0,(anonymous_8)
FNDA:0,(anonymous_9)
FNDA:0,(anonymous_10)
DA:9,0
DA:10,0
DA:18,0
DA:19,0
DA:20,0
DA:21,0
DA:24,0
DA:25,0
DA:30,0
DA:34,0
DA:35,0
DA:38,0
DA:44,0
DA:61,0
DA:76,1
DA:77,0
DA:82,1
DA:83,0
DA:84,0
LF:19
LH:2
BRDA:48,0,0,0
BRDA:48,0,1,0
BRDA:51,1,0,0
BRDA:51,1,1,0
BRDA:59,2,0,0
BRDA:59,2,1,0
BRDA:61,3,0,0
BRDA:61,3,1,0
BRDA:61,3,2,0
BRF:9
BRH:0
end_of_record
TN:
SF:/home/rakesh/Documents/reactjs_coverage/TodayFundoo/src/components/TrashNote.js
FN:79,(anonymous_0)
FN:99,(anonymous_1)
FN:100,(anonymous_2)
FNF:3
FNH:0
FNDA:0,(anonymous_0)
FNDA:0,(anonymous_1)
FNDA:0,(anonymous_2)
DA:11,1
DA:15,1
DA:80,0
DA:81,0
DA:99,0
DA:100,0
LF:6
LH:2
BRDA:83,0,0,0
BRDA:83,0,1,0
BRDA:84,1,0,0
BRDA:84,1,1,0
BRDA:91,2,0,0
BRDA:91,2,1,0
BRDA:97,3,0,0
BRDA:97,3,1,0
BRF:8
BRH:0
end_of_record
TN:
SF:/home/rakesh/Documents/reactjs_coverage/TodayFundoo/src/components/UserSigninmain.js
FN:19,(anonymous_0)
FN:20,(anonymous_1)
FN:42,(anonymous_2)
FN:49,(anonymous_3)
FN:54,(anonymous_4)
FN:100,(anonymous_5)
FN:106,(anonymous_6)
FN:113,(anonymous_7)
FN:159,(anonymous_8)
FNF:9
FNH:0
FNDA:0,(anonymous_0)
FNDA:0,(anonymous_1)
FNDA:0,(anonymous_2)
FNDA:0,(anonymous_3)
FNDA:0,(anonymous_4)
FNDA:0,(anonymous_5)
FNDA:0,(anonymous_6)
FNDA:0,(anonymous_7)
FNDA:0,(anonymous_8)
DA:6,2
DA:10,0
DA:20,0
DA:21,0
DA:22,0
DA:32,0
DA:42,0
DA:44,0
DA:45,0
DA:46,0
DA:50,0
DA:57,0
DA:59,0
DA:61,0
DA:71,0
DA:73,0
DA:81,0
DA:83,0
DA:92,0
DA:100,0
DA:102,0
DA:103,0
DA:108,0
DA:109,0
DA:110,0
DA:115,0
DA:118,0
DA:120,0
DA:127,0
DA:128,0
DA:133,0
DA:135,0
DA:144,0
DA:149,0
DA:160,0
LF:35
LH:1
BRDA:21,0,0,0
BRDA:21,0,1,0
BRDA:57,1,0,0
BRDA:57,1,1,0
BRDA:57,2,0,0
BRDA:57,2,1,0
BRDA:59,3,0,0
BRDA:59,3,1,0
BRDA:59,4,0,0
BRDA:59,4,1,0
BRDA:71,5,0,0
BRDA:71,5,1,0
BRDA:81,6,0,0
BRDA:81,6,1,0
BRDA:115,7,0,0
BRDA:115,7,1,0
BRDA:115,8,0,0
BRDA:115,8,1,0
BRDA:118,9,0,0
BRDA:118,9,1,0
BRDA:118,10,0,0
BRDA:118,10,1,0
BRDA:127,11,0,0
BRDA:127,11,1,0
BRDA:133,12,0,0
BRDA:133,12,1,0
BRF:26
BRH:0
end_of_record
TN:
SF:/home/rakesh/Documents/reactjs_coverage/TodayFundoo/src/components/UserSingnupmain.js
FN:17,(anonymous_0)
FN:18,(anonymous_1)
FN:39,(anonymous_2)
FN:45,(anonymous_3)
FN:51,(anonymous_4)
FN:90,(anonymous_5)
FNF:6
FNH:0
FNDA:0,(anonymous_0)
FNDA:0,(anonymous_1)
FNDA:0,(anonymous_2)
FNDA:0,(anonymous_3)
FNDA:0,(anonymous_4)
FNDA:0,(anonymous_5)
DA:8,0
DA:18,0
DA:19,0
DA:20,0
DA:29,0
DA:39,0
DA:40,0
DA:41,0
DA:42,0
DA:46,0
DA:52,0
DA:53,0
DA:54,0
DA:64,0
DA:65,0
DA:73,0
DA:74,0
DA:82,0
DA:91,0
LF:19
LH:0
BRDA:19,0,0,0
BRDA:19,0,1,0
BRDA:52,1,0,0
BRDA:52,1,1,0
BRDA:52,2,0,0
BRDA:52,2,1,0
BRDA:53,3,0,0
BRDA:53,3,1,0
BRDA:53,4,0,0
BRDA:53,4,1,0
BRDA:64,5,0,0
BRDA:64,5,1,0
BRDA:73,6,0,0
BRDA:73,6,1,0
BRF:14
BRH:0
end_of_record
TN:
SF:/home/rakesh/Documents/reactjs_coverage/TodayFundoo/src/components/User_signin.js
FN:10,(anonymous_0)
FN:56,(anonymous_1)
FNF:2
FNH:1
FNDA:1,(anonymous_0)
FNDA:0,(anonymous_1)
DA:7,1
DA:8,1
DA:11,1
DA:56,0
LF:4
LH:3
BRF:0
BRH:0
end_of_record
TN:
SF:/home/rakesh/Documents/reactjs_coverage/TodayFundoo/src/components/User_signup_form.js
FN:14,(anonymous_0)
FN:93,(anonymous_1)
FNF:2
FNH:1
FNDA:1,(anonymous_0)
FNDA:0,(anonymous_1)
DA:8,1
DA:9,1
DA:10,1
DA:11,1
DA:12,1
DA:16,1
DA:93,0
LF:7
LH:6
BRF:0
BRH:0
end_of_record
TN:
SF:/home/rakesh/Documents/reactjs_coverage/TodayFundoo/src/components/clickAwayforNotes.js
FN:7,(anonymous_0)
FN:14,(anonymous_1)
FN:20,(anonymous_2)
FN:26,(anonymous_3)
FNF:4
FNH:0
FNDA:0,(anonymous_0)
FNDA:0,(anonymous_1)
FNDA:0,(anonymous_2)
FNDA:0,(anonymous_3)
DA:8,0
DA:9,0
DA:14,0
DA:15,0
DA:20,0
DA:21,0
DA:27,0
LF:7
LH:0
BRDA:30,0,0,0
BRDA:30,0,1,0
BRF:2
BRH:0
end_of_record
TN:
SF:/home/rakesh/Documents/reactjs_coverage/TodayFundoo/src/components/mainNote.js
FN:15,(anonymous_0)
FN:65,CustomizedInputBase
FN:68,(anonymous_2)
FN:76,(anonymous_3)
FN:103,(anonymous_4)
FNF:5
FNH:0
FNDA:0,(anonymous_0)
FNDA:0,CustomizedInputBase
FNDA:0,(anonymous_2)
FNDA:0,(anonymous_3)
FNDA:0,(anonymous_4)
DA:15,0
DA:66,0
DA:68,0
DA:74,0
DA:76,0
DA:103,0
LF:6
LH:0
BRF:0
BRH:0
end_of_record
TN:
SF:/home/rakesh/Documents/reactjs_coverage/TodayFundoo/src/components/toggleNote.js
FN:14,(anonymous_0)
FN:35,CustomizedInputBase
FNF:2
FNH:0
FNDA:0,(anonymous_0)
FNDA:0,CustomizedInputBase
DA:14,1
DA:36,0
DA:38,0
LF:3
LH:1
BRF:0
BRH:0
end_of_record
TN:
SF:/home/rakesh/Documents/reactjs_coverage/TodayFundoo/src/components/Label/EditLabelDialog.js
FN:14,(anonymous_0)
FN:27,(anonymous_1)
FN:28,(anonymous_2)
FN:31,(anonymous_3)
FN:37,(anonymous_4)
FN:45,(anonymous_5)
FN:56,(anonymous_6)
FN:64,(anonymous_7)
FN:69,(anonymous_8)
FN:75,(anonymous_9)
FNF:10
FNH:0
FNDA:0,(anonymous_0)
FNDA:0,(anonymous_1)
FNDA:0,(anonymous_2)
FNDA:0,(anonymous_3)
FNDA:0,(anonymous_4)
FNDA:0,(anonymous_5)
FNDA:0,(anonymous_6)
FNDA:0,(anonymous_7)
FNDA:0,(anonymous_8)
FNDA:0,(anonymous_9)
DA:15,0
DA:16,0
DA:23,0
DA:24,0
DA:28,0
DA:29,0
DA:32,0
DA:38,0
DA:45,0
DA:56,0
DA:64,0
DA:69,0
DA:76,0
LF:13
LH:0
BRDA:74,0,0,0
BRDA:74,0,1,0
BRF:2
BRH:0
end_of_record
TN:
SF:/home/rakesh/Documents/reactjs_coverage/TodayFundoo/src/components/Label/LabelTags.js
FNF:0
FNH:0
LF:0
LH:0
BRF:0
BRH:0
end_of_record
TN:
SF:/home/rakesh/Documents/reactjs_coverage/TodayFundoo/src/components/Label/LabelValues.js
FN:17,(anonymous_0)
FN:22,(anonymous_1)
FNF:2
FNH:0
FNDA:0,(anonymous_0)
FNDA:0,(anonymous_1)
DA:18,0
DA:22,0
LF:2
LH:0
BRF:0
BRH:0
end_of_record
TN:
SF:/home/rakesh/Documents/reactjs_coverage/TodayFundoo/src/components/Label/NoteCardLabel.js
FN:32,(anonymous_0)
FN:43,(anonymous_1)
FN:44,(anonymous_2)
FN:47,(anonymous_3)
FN:53,(anonymous_4)
FN:61,(anonymous_5)
FN:69,(anonymous_6)
FN:92,(anonymous_7)
FNF:8
FNH:0
FNDA:0,(anonymous_0)
FNDA:0,(anonymous_1)
FNDA:0,(anonymous_2)
FNDA:0,(anonymous_3)
FNDA:0,(anonymous_4)
FNDA:0,(anonymous_5)
FNDA:0,(anonymous_6)
FNDA:0,(anonymous_7)
DA:12,1
DA:16,1
DA:33,0
DA:34,0
DA:40,0
DA:44,0
DA:45,0
DA:48,0
DA:54,0
DA:55,0
DA:61,0
DA:69,0
DA:93,0
LF:13
LH:2
BRDA:91,0,0,0
BRDA:91,0,1,0
BRF:2
BRH:0
end_of_record
TN:
SF:/home/rakesh/Documents/reactjs_coverage/TodayFundoo/src/components/Label/NoteLableCheck.js
FN:9,(anonymous_0)
FN:17,(anonymous_1)
FN:21,(anonymous_2)
FN:36,(anonymous_3)
FN:47,(anonymous_4)
FN:53,(anonymous_5)
FN:60,(anonymous_6)
FNF:7
FNH:0
FNDA:0,(anonymous_0)
FNDA:0,(anonymous_1)
FNDA:0,(anonymous_2)
FNDA:0,(anonymous_3)
FNDA:0,(anonymous_4)
FNDA:0,(anonymous_5)
FNDA:0,(anonymous_6)
DA:10,0
DA:11,0
DA:17,0
DA:21,0
DA:23,0
DA:36,0
DA:37,0
DA:41,0
DA:42,0
DA:44,0
DA:48,0
DA:54,0
DA:55,0
DA:61,0
DA:62,0
LF:15
LH:0
BRDA:23,0,0,0
BRDA:23,0,1,0
BRDA:41,1,0,0
BRDA:41,1,1,0
BRDA:51,2,0,0
BRDA:51,2,1,0
BRF:6
BRH:0
end_of_record
TN:
SF:/home/rakesh/Documents/reactjs_coverage/TodayFundoo/src/components/LabelComponent/LabelIdMatching.js
FN:77,(anonymous_0)
FN:87,(anonymous_1)
FN:91,(anonymous_2)
FN:130,(anonymous_3)
FN:146,(anonymous_4)
FNF:5
FNH:0
FNDA:0,(anonymous_0)
FNDA:0,(anonymous_1)
FNDA:0,(anonymous_2)
FNDA:0,(anonymous_3)
FNDA:0,(anonymous_4)
DA:22,1
DA:26,1
DA:78,0
DA:79,0
DA:88,0
DA:89,0
DA:92,0
DA:132,0
DA:146,0
LF:9
LH:2
BRF:0
BRH:0
end_of_record
TN:
SF:/home/rakesh/Documents/reactjs_coverage/TodayFundoo/src/components/LabelComponent/LabelMapping.js
FN:15,(anonymous_0)
FN:16,(anonymous_1)
FN:19,(anonymous_2)
FN:25,(anonymous_3)
FN:37,(anonymous_4)
FN:41,(anonymous_5)
FNF:6
FNH:0
FNDA:0,(anonymous_0)
FNDA:0,(anonymous_1)
FNDA:0,(anonymous_2)
FNDA:0,(anonymous_3)
FNDA:0,(anonymous_4)
FNDA:0,(anonymous_5)
DA:7,0
DA:16,0
DA:17,0
DA:20,0
DA:26,0
DA:38,0
DA:42,0
LF:7
LH:0
BRDA:36,0,0,0
BRDA:36,0,1,0
BRDA:40,1,0,0
BRDA:40,1,1,0
BRDA:42,2,0,0
BRDA:42,2,1,0
BRF:6
BRH:0
end_of_record
TN:
SF:/home/rakesh/Documents/reactjs_coverage/TodayFundoo/src/components/Pages/PageNotFound.js
FN:4,(anonymous_0)
FNF:1
FNH:1
FNDA:1,(anonymous_0)
DA:4,1
DA:5,1
LF:2
LH:2
BRF:0
BRH:0
end_of_record
TN:
SF:/home/rakesh/Documents/reactjs_coverage/TodayFundoo/src/components/Pages/Parsing.js
FN:24,(anonymous_0)
FN:30,(anonymous_1)
FN:36,(anonymous_2)
FN:42,(anonymous_3)
FN:50,(anonymous_4)
FN:59,(anonymous_5)
FN:70,(anonymous_6)
FN:71,(anonymous_7)
FN:74,(anonymous_8)
FN:80,(anonymous_9)
FN:92,(anonymous_10)
FN:112,(anonymous_11)
FN:141,(anonymous_12)
FN:162,(anonymous_13)
FN:168,(anonymous_14)
FN:170,(anonymous_15)
FNF:16
FNH:0
FNDA:0,(anonymous_0)
FNDA:0,(anonymous_1)
FNDA:0,(anonymous_2)
FNDA:0,(anonymous_3)
FNDA:0,(anonymous_4)
FNDA:0,(anonymous_5)
FNDA:0,(anonymous_6)
FNDA:0,(anonymous_7)
FNDA:0,(anonymous_8)
FNDA:0,(anonymous_9)
FNDA:0,(anonymous_10)
FNDA:0,(anonymous_11)
FNDA:0,(anonymous_12)
FNDA:0,(anonymous_13)
FNDA:0,(anonymous_14)
FNDA:0,(anonymous_15)
DA:14,0
DA:24,0
DA:25,0
DA:26,0
DA:27,0
DA:30,0
DA:31,0
DA:32,0
DA:33,0
DA:36,0
DA:37,0
DA:38,0
DA:39,0
DA:42,0
DA:44,0
DA:45,0
DA:46,0
DA:47,0
DA:50,0
DA:51,0
DA:55,0
DA:59,0
DA:60,0
DA:67,0
DA:71,0
DA:72,0
DA:75,0
DA:80,0
DA:81,0
DA:82,0
DA:83,0
DA:84,0
DA:85,0
DA:88,0
DA:93,0
DA:94,0
DA:113,0
DA:142,0
DA:162,1
DA:163,0
DA:168,1
DA:169,0
DA:170,0
LF:43
LH:2
BRDA:104,0,0,0
BRDA:104,0,1,0
BRDA:107,1,0,0
BRDA:107,1,1,0
BRDA:111,2,0,0
BRDA:111,2,1,0
BRDA:113,3,0,0
BRDA:113,3,1,0
BRDA:113,3,2,0
BRDA:113,3,3,0
BRDA:134,4,0,0
BRDA:134,4,1,0
BRDA:135,5,0,0
BRDA:135,5,1,0
BRDA:140,6,0,0
BRDA:140,6,1,0
BRDA:142,7,0,0
BRDA:142,7,1,0
BRDA:142,7,2,0
BRDA:142,7,3,0
BRF:20
BRH:0
end_of_record
TN:
SF:/home/rakesh/Documents/reactjs_coverage/TodayFundoo/src/components/UsingRedux/index.js
FNF:0
FNH:0
LF:0
LH:0
BRF:0
BRH:0
end_of_record
TN:
SF:/home/rakesh/Documents/reactjs_coverage/TodayFundoo/src/components/UsingRedux/store.js
FNF:0
FNH:0
DA:4,1
LF:1
LH:1
BRF:0
BRH:0
end_of_record
TN:
SF:/home/rakesh/Documents/reactjs_coverage/TodayFundoo/src/components/UsingRedux/ToggleGridOrList/toggleActions.js
FN:3,(anonymous_0)
FNF:1
FNH:0
FNDA:0,(anonymous_0)
DA:3,1
DA:4,0
LF:2
LH:1
BRF:0
BRH:0
end_of_record
TN:
SF:/home/rakesh/Documents/reactjs_coverage/TodayFundoo/src/components/UsingRedux/ToggleGridOrList/toggleReducer.js
FN:7,(anonymous_0)
FNF:1
FNH:1
FNDA:1,(anonymous_0)
DA:3,1
DA:7,1
DA:8,1
DA:9,0
DA:13,1
LF:5
LH:4
BRDA:7,0,0,1
BRDA:8,1,0,0
BRDA:8,1,1,1
BRF:3
BRH:2
end_of_record
TN:
SF:/home/rakesh/Documents/reactjs_coverage/TodayFundoo/src/components/UsingRedux/ToggleGridOrList/toggleTypes.js
FNF:0
FNH:0
DA:1,1
LF:1
LH:1
BRF:0
BRH:0
end_of_record
TN:
SF:/home/rakesh/Documents/reactjs_coverage/TodayFundoo/src/components/standalone/Dialog.js
FN:92,(anonymous_0)
FN:118,(anonymous_1)
FN:123,(anonymous_2)
FNF:3
FNH:0
FNDA:0,(anonymous_0)
FNDA:0,(anonymous_1)
FNDA:0,(anonymous_2)
DA:15,1
DA:19,1
DA:72,0
DA:73,0
DA:93,0
DA:94,0
DA:118,0
DA:123,0
LF:8
LH:2
BRF:0
BRH:0
end_of_record
TN:
SF:/home/rakesh/Documents/reactjs_coverage/TodayFundoo/src/components/standalone/Dialogmain.js
FN:36,(anonymous_0)
FN:41,(anonymous_1)
FNF:2
FNH:0
FNDA:0,(anonymous_0)
FNDA:0,(anonymous_1)
DA:16,0
DA:20,0
DA:37,0
DA:38,0
DA:42,0
LF:5
LH:0
BRF:0
BRH:0
end_of_record
TN:
SF:/home/rakesh/Documents/reactjs_coverage/TodayFundoo/src/components/standalone/DialogueList.js
FN:91,(anonymous_0)
FN:150,(anonymous_1)
FNF:2
FNH:0
FNDA:0,(anonymous_0)
FNDA:0,(anonymous_1)
DA:20,1
DA:24,1
DA:92,0
DA:94,0
DA:150,0
LF:5
LH:2
BRF:0
BRH:0
end_of_record
